{"/home/travis/build/npmtest/node-npmtest-zone.js/test.js":{"path":"/home/travis/build/npmtest/node-npmtest-zone.js/test.js","s":{"1":2,"2":2,"3":2,"4":2,"5":2,"6":2,"7":2,"8":1,"9":2,"10":2,"11":1,"12":1,"13":1,"14":1,"15":2,"16":2,"17":2,"18":2,"19":1,"20":1,"21":2,"22":2,"23":2,"24":1,"25":1,"26":1,"27":1,"28":1,"29":1,"30":1,"31":1,"32":1,"33":1,"34":1,"35":1,"36":1,"37":1,"38":1,"39":2,"40":2,"41":1,"42":2,"43":2,"44":1,"45":2,"46":2,"47":1,"48":2,"49":2,"50":1,"51":1,"52":1,"53":1,"54":1},"b":{"1":[2,1,1,1],"2":[1,1,1,1],"3":[1,1],"4":[1,1],"5":[1,1],"6":[1,1],"7":[1,1],"8":[1,1],"9":[1,1],"10":[1,1,1],"11":[1,1],"12":[1,1],"13":[1,1],"14":[1,1],"15":[1,1],"16":[1,1],"17":[1,1]},"f":{"1":2,"2":2,"3":2,"4":2,"5":2,"6":1,"7":1,"8":1,"9":2,"10":2,"11":2,"12":2,"13":1},"fnMap":{"1":{"name":"(anonymous_1)","line":12,"loc":{"start":{"line":12,"column":1},"end":{"line":12,"column":13}}},"2":{"name":"(anonymous_2)","line":19,"loc":{"start":{"line":19,"column":5},"end":{"line":19,"column":17}}},"3":{"name":"(anonymous_3)","line":23,"loc":{"start":{"line":23,"column":24},"end":{"line":23,"column":36}}},"4":{"name":"(anonymous_4)","line":61,"loc":{"start":{"line":61,"column":5},"end":{"line":61,"column":17}}},"5":{"name":"(anonymous_5)","line":82,"loc":{"start":{"line":82,"column":5},"end":{"line":82,"column":17}}},"6":{"name":"(anonymous_6)","line":91,"loc":{"start":{"line":91,"column":77},"end":{"line":94,"column":10}}},"7":{"name":"(anonymous_7)","line":112,"loc":{"start":{"line":112,"column":83},"end":{"line":115,"column":10}},"skip":true},"8":{"name":"(anonymous_8)","line":123,"loc":{"start":{"line":123,"column":77},"end":{"line":126,"column":10}},"skip":true},"9":{"name":"(anonymous_9)","line":139,"loc":{"start":{"line":139,"column":12},"end":{"line":139,"column":40}},"skip":true},"10":{"name":"(anonymous_10)","line":147,"loc":{"start":{"line":147,"column":77},"end":{"line":150,"column":10}},"skip":true},"11":{"name":"(anonymous_11)","line":158,"loc":{"start":{"line":158,"column":83},"end":{"line":161,"column":10}},"skip":true},"12":{"name":"(anonymous_12)","line":169,"loc":{"start":{"line":169,"column":79},"end":{"line":172,"column":10}},"skip":true},"13":{"name":"(anonymous_13)","line":180,"loc":{"start":{"line":180,"column":75},"end":{"line":183,"column":10}},"skip":true}},"statementMap":{"1":{"start":{"line":12,"column":0},"end":{"line":195,"column":5}},"2":{"start":{"line":14,"column":4},"end":{"line":14,"column":14}},"3":{"start":{"line":19,"column":4},"end":{"line":56,"column":9}},"4":{"start":{"line":21,"column":8},"end":{"line":21,"column":19}},"5":{"start":{"line":23,"column":8},"end":{"line":35,"column":13}},"6":{"start":{"line":24,"column":12},"end":{"line":34,"column":13}},"7":{"start":{"line":25,"column":16},"end":{"line":28,"column":30}},"8":{"start":{"line":30,"column":16},"end":{"line":33,"column":27}},"9":{"start":{"line":37,"column":8},"end":{"line":39,"column":21}},"10":{"start":{"line":40,"column":8},"end":{"line":53,"column":9}},"11":{"start":{"line":43,"column":12},"end":{"line":46,"column":14}},"12":{"start":{"line":47,"column":12},"end":{"line":47,"column":18}},"13":{"start":{"line":50,"column":12},"end":{"line":51,"column":46}},"14":{"start":{"line":52,"column":12},"end":{"line":52,"column":18}},"15":{"start":{"line":55,"column":8},"end":{"line":55,"column":35}},"16":{"start":{"line":61,"column":4},"end":{"line":63,"column":9}},"17":{"start":{"line":62,"column":8},"end":{"line":62,"column":15}},"18":{"start":{"line":64,"column":4},"end":{"line":77,"column":5}},"19":{"start":{"line":70,"column":8},"end":{"line":70,"column":14}},"20":{"start":{"line":76,"column":8},"end":{"line":76,"column":14}},"21":{"start":{"line":82,"column":4},"end":{"line":84,"column":9}},"22":{"start":{"line":83,"column":8},"end":{"line":83,"column":15}},"23":{"start":{"line":85,"column":4},"end":{"line":194,"column":5}},"24":{"start":{"line":91,"column":8},"end":{"line":99,"column":10}},"25":{"start":{"line":98,"column":12},"end":{"line":98,"column":35}},"26":{"start":{"line":102,"column":8},"end":{"line":104,"column":63}},"27":{"start":{"line":105,"column":8},"end":{"line":105,"column":14}},"28":{"start":{"line":112,"column":8},"end":{"line":121,"column":10},"skip":true},"29":{"start":{"line":119,"column":12},"end":{"line":119,"column":55},"skip":true},"30":{"start":{"line":120,"column":12},"end":{"line":120,"column":48},"skip":true},"31":{"start":{"line":123,"column":8},"end":{"line":136,"column":10},"skip":true},"32":{"start":{"line":130,"column":12},"end":{"line":130,"column":76},"skip":true},"33":{"start":{"line":131,"column":12},"end":{"line":131,"column":73},"skip":true},"34":{"start":{"line":132,"column":12},"end":{"line":132,"column":74},"skip":true},"35":{"start":{"line":133,"column":12},"end":{"line":133,"column":79},"skip":true},"36":{"start":{"line":134,"column":12},"end":{"line":134,"column":25},"skip":true},"37":{"start":{"line":135,"column":12},"end":{"line":135,"column":45},"skip":true},"38":{"start":{"line":138,"column":8},"end":{"line":145,"column":14},"skip":true},"39":{"start":{"line":143,"column":16},"end":{"line":143,"column":29},"skip":true},"40":{"start":{"line":144,"column":16},"end":{"line":144,"column":55},"skip":true},"41":{"start":{"line":147,"column":8},"end":{"line":156,"column":10},"skip":true},"42":{"start":{"line":154,"column":12},"end":{"line":154,"column":25},"skip":true},"43":{"start":{"line":155,"column":12},"end":{"line":155,"column":45},"skip":true},"44":{"start":{"line":158,"column":8},"end":{"line":167,"column":10},"skip":true},"45":{"start":{"line":165,"column":12},"end":{"line":165,"column":25},"skip":true},"46":{"start":{"line":166,"column":12},"end":{"line":166,"column":48},"skip":true},"47":{"start":{"line":169,"column":8},"end":{"line":178,"column":10},"skip":true},"48":{"start":{"line":176,"column":12},"end":{"line":176,"column":25},"skip":true},"49":{"start":{"line":177,"column":12},"end":{"line":177,"column":46},"skip":true},"50":{"start":{"line":180,"column":8},"end":{"line":189,"column":10},"skip":true},"51":{"start":{"line":187,"column":12},"end":{"line":187,"column":94},"skip":true},"52":{"start":{"line":188,"column":12},"end":{"line":188,"column":48},"skip":true},"53":{"start":{"line":192,"column":8},"end":{"line":192,"column":35},"skip":true},"54":{"start":{"line":193,"column":8},"end":{"line":193,"column":14},"skip":true}},"branchMap":{"1":{"line":25,"type":"binary-expr","locations":[{"start":{"line":25,"column":23},"end":{"line":25,"column":62}},{"start":{"line":26,"column":20},"end":{"line":26,"column":70}},{"start":{"line":27,"column":20},"end":{"line":27,"column":71}},{"start":{"line":28,"column":20},"end":{"line":28,"column":29}}]},"2":{"line":30,"type":"binary-expr","locations":[{"start":{"line":30,"column":23},"end":{"line":30,"column":37}},{"start":{"line":31,"column":20},"end":{"line":31,"column":61}},{"start":{"line":32,"column":20},"end":{"line":32,"column":70}},{"start":{"line":33,"column":20},"end":{"line":33,"column":26}}]},"3":{"line":37,"type":"cond-expr","locations":[{"start":{"line":38,"column":14},"end":{"line":38,"column":20}},{"start":{"line":39,"column":14},"end":{"line":39,"column":20}}]},"4":{"line":40,"type":"switch","locations":[{"start":{"line":42,"column":8},"end":{"line":47,"column":18}},{"start":{"line":49,"column":8},"end":{"line":52,"column":18}}]},"5":{"line":44,"type":"binary-expr","locations":[{"start":{"line":44,"column":16},"end":{"line":44,"column":44}},{"start":{"line":44,"column":48},"end":{"line":44,"column":66}}]},"6":{"line":50,"type":"binary-expr","locations":[{"start":{"line":50,"column":21},"end":{"line":50,"column":49}},{"start":{"line":50,"column":53},"end":{"line":50,"column":72}}]},"7":{"line":64,"type":"switch","locations":[{"start":{"line":69,"column":4},"end":{"line":70,"column":14}},{"start":{"line":75,"column":4},"end":{"line":76,"column":14}}]},"8":{"line":85,"type":"switch","locations":[{"start":{"line":90,"column":4},"end":{"line":105,"column":14}},{"start":{"line":111,"column":4},"end":{"line":193,"column":14},"skip":true}]},"9":{"line":91,"type":"binary-expr","locations":[{"start":{"line":91,"column":42},"end":{"line":91,"column":73}},{"start":{"line":91,"column":77},"end":{"line":99,"column":9}}]},"10":{"line":102,"type":"binary-expr","locations":[{"start":{"line":102,"column":18},"end":{"line":102,"column":32}},{"start":{"line":103,"column":12},"end":{"line":103,"column":53}},{"start":{"line":104,"column":12},"end":{"line":104,"column":61}}]},"11":{"line":112,"type":"binary-expr","locations":[{"start":{"line":112,"column":45},"end":{"line":112,"column":79},"skip":true},{"start":{"line":112,"column":83},"end":{"line":121,"column":9},"skip":true}]},"12":{"line":123,"type":"binary-expr","locations":[{"start":{"line":123,"column":42},"end":{"line":123,"column":73},"skip":true},{"start":{"line":123,"column":77},"end":{"line":136,"column":9},"skip":true}]},"13":{"line":138,"type":"binary-expr","locations":[{"start":{"line":138,"column":48},"end":{"line":138,"column":85},"skip":true},{"start":{"line":139,"column":12},"end":{"line":145,"column":13},"skip":true}]},"14":{"line":147,"type":"binary-expr","locations":[{"start":{"line":147,"column":42},"end":{"line":147,"column":73},"skip":true},{"start":{"line":147,"column":77},"end":{"line":156,"column":9},"skip":true}]},"15":{"line":158,"type":"binary-expr","locations":[{"start":{"line":158,"column":45},"end":{"line":158,"column":79},"skip":true},{"start":{"line":158,"column":83},"end":{"line":167,"column":9},"skip":true}]},"16":{"line":169,"type":"binary-expr","locations":[{"start":{"line":169,"column":43},"end":{"line":169,"column":75},"skip":true},{"start":{"line":169,"column":79},"end":{"line":178,"column":9},"skip":true}]},"17":{"line":180,"type":"binary-expr","locations":[{"start":{"line":180,"column":41},"end":{"line":180,"column":71},"skip":true},{"start":{"line":180,"column":75},"end":{"line":189,"column":9},"skip":true}]}},"code":["/* istanbul instrument in package npmtest_zone_js */","/*jslint","    bitwise: true,","    browser: true,","    maxerr: 8,","    maxlen: 96,","    node: true,","    nomen: true,","    regexp: true,","    stupid: true","*/","(function () {","    'use strict';","    var local;","","","","    // run shared js-env code - pre-init","    (function () {","        // init local","        local = {};","        // init modeJs","        local.modeJs = (function () {","            try {","                return typeof navigator.userAgent === 'string' &&","                    typeof document.querySelector('body') === 'object' &&","                    typeof XMLHttpRequest.prototype.open === 'function' &&","                    'browser';","            } catch (errorCaughtBrowser) {","                return module.exports &&","                    typeof process.versions.node === 'string' &&","                    typeof require('http').createServer === 'function' &&","                    'node';","            }","        }());","        // init global","        local.global = local.modeJs === 'browser'","            ? window","            : global;","        switch (local.modeJs) {","        // re-init local from window.local","        case 'browser':","            local = local.global.utility2.objectSetDefault(","                local.global.utility2_rollup || local.global.local,","                local.global.utility2","            );","            break;","        // re-init local from example.js","        case 'node':","            local = (local.global.utility2_rollup || require('utility2'))","                .requireExampleJsFromReadme();","            break;","        }","        // export local","        local.global.local = local;","    }());","","","","    // run shared js-env code - function","    (function () {","        return;","    }());","    switch (local.modeJs) {","","","","    // run browser js-env code - function","    case 'browser':","        break;","","","","    // run node js-env code - function","    case 'node':","        break;","    }","","","","    // run shared js-env code - post-init","    (function () {","        return;","    }());","    switch (local.modeJs) {","","","","    // run browser js-env code - post-init","    case 'browser':","        local.testCase_browser_nullCase = local.testCase_browser_nullCase || function (","            options,","            onError","        ) {","        /*","         * this function will test browsers's null-case handling-behavior-behavior","         */","            onError(null, options);","        };","","        // run tests","        local.nop(local.modeTest &&","            document.querySelector('#testRunButton1') &&","            document.querySelector('#testRunButton1').click());","        break;","","","","    // run node js-env code - post-init","    /* istanbul ignore next */","    case 'node':","        local.testCase_buildApidoc_default = local.testCase_buildApidoc_default || function (","            options,","            onError","        ) {","        /*","         * this function will test buildApidoc's default handling-behavior-behavior","         */","            options = { modulePathList: module.paths };","            local.buildApidoc(options, onError);","        };","","        local.testCase_buildApp_default = local.testCase_buildApp_default || function (","            options,","            onError","        ) {","        /*","         * this function will test buildApp's default handling-behavior-behavior","         */","            local.testCase_buildReadme_default(options, local.onErrorThrow);","            local.testCase_buildLib_default(options, local.onErrorThrow);","            local.testCase_buildTest_default(options, local.onErrorThrow);","            local.testCase_buildCustomOrg_default(options, local.onErrorThrow);","            options = [];","            local.buildApp(options, onError);","        };","","        local.testCase_buildCustomOrg_default = local.testCase_buildCustomOrg_default ||","            function (options, onError) {","            /*","             * this function will test buildCustomOrg's default handling-behavior","             */","                options = {};","                local.buildCustomOrg(options, onError);","            };","","        local.testCase_buildLib_default = local.testCase_buildLib_default || function (","            options,","            onError","        ) {","        /*","         * this function will test buildLib's default handling-behavior","         */","            options = {};","            local.buildLib(options, onError);","        };","","        local.testCase_buildReadme_default = local.testCase_buildReadme_default || function (","            options,","            onError","        ) {","        /*","         * this function will test buildReadme's default handling-behavior-behavior","         */","            options = {};","            local.buildReadme(options, onError);","        };","","        local.testCase_buildTest_default = local.testCase_buildTest_default || function (","            options,","            onError","        ) {","        /*","         * this function will test buildTest's default handling-behavior","         */","            options = {};","            local.buildTest(options, onError);","        };","","        local.testCase_webpage_default = local.testCase_webpage_default || function (","            options,","            onError","        ) {","        /*","         * this function will test webpage's default handling-behavior","         */","            options = { modeCoverageMerge: true, url: local.serverLocalHost + '?modeTest=1' };","            local.browserTest(options, onError);","        };","","        // run test-server","        local.testRunServer(local);","        break;","    }","}());",""],"l":{"12":2,"14":2,"19":2,"21":2,"23":2,"24":2,"25":2,"30":1,"37":2,"40":2,"43":1,"47":1,"50":1,"52":1,"55":2,"61":2,"62":2,"64":2,"70":1,"76":1,"82":2,"83":2,"85":2,"91":1,"98":1,"102":1,"105":1,"112":1,"119":1,"120":1,"123":1,"130":1,"131":1,"132":1,"133":1,"134":1,"135":1,"138":1,"143":2,"144":2,"147":1,"154":2,"155":2,"158":1,"165":2,"166":2,"169":1,"176":2,"177":2,"180":1,"187":1,"188":1,"192":1,"193":1}},"/home/travis/build/npmtest/node-npmtest-zone.js/lib.npmtest_zone.js.js":{"path":"/home/travis/build/npmtest/node-npmtest-zone.js/lib.npmtest_zone.js.js","s":{"1":2,"2":2,"3":2,"4":2,"5":2,"6":2,"7":2,"8":1,"9":2,"10":2,"11":2,"12":2,"13":1,"14":1,"15":1,"16":1},"b":{"1":[2,1,1,1],"2":[1,1,1,1],"3":[1,1],"4":[2,2],"5":[1,1]},"f":{"1":2,"2":2,"3":2},"fnMap":{"1":{"name":"(anonymous_1)","line":12,"loc":{"start":{"line":12,"column":1},"end":{"line":12,"column":13}}},"2":{"name":"(anonymous_2)","line":19,"loc":{"start":{"line":19,"column":5},"end":{"line":19,"column":17}}},"3":{"name":"(anonymous_3)","line":23,"loc":{"start":{"line":23,"column":24},"end":{"line":23,"column":36}}}},"statementMap":{"1":{"start":{"line":12,"column":0},"end":{"line":53,"column":5}},"2":{"start":{"line":14,"column":4},"end":{"line":14,"column":14}},"3":{"start":{"line":19,"column":4},"end":{"line":52,"column":9}},"4":{"start":{"line":21,"column":8},"end":{"line":21,"column":19}},"5":{"start":{"line":23,"column":8},"end":{"line":35,"column":13}},"6":{"start":{"line":24,"column":12},"end":{"line":34,"column":13}},"7":{"start":{"line":25,"column":16},"end":{"line":28,"column":30}},"8":{"start":{"line":30,"column":16},"end":{"line":33,"column":27}},"9":{"start":{"line":37,"column":8},"end":{"line":39,"column":21}},"10":{"start":{"line":41,"column":8},"end":{"line":41,"column":54}},"11":{"start":{"line":43,"column":8},"end":{"line":43,"column":52}},"12":{"start":{"line":45,"column":8},"end":{"line":51,"column":9}},"13":{"start":{"line":46,"column":12},"end":{"line":46,"column":58}},"14":{"start":{"line":48,"column":12},"end":{"line":48,"column":35}},"15":{"start":{"line":49,"column":12},"end":{"line":49,"column":49}},"16":{"start":{"line":50,"column":12},"end":{"line":50,"column":43}}},"branchMap":{"1":{"line":25,"type":"binary-expr","locations":[{"start":{"line":25,"column":23},"end":{"line":25,"column":62}},{"start":{"line":26,"column":20},"end":{"line":26,"column":70}},{"start":{"line":27,"column":20},"end":{"line":27,"column":71}},{"start":{"line":28,"column":20},"end":{"line":28,"column":29}}]},"2":{"line":30,"type":"binary-expr","locations":[{"start":{"line":30,"column":23},"end":{"line":30,"column":37}},{"start":{"line":31,"column":20},"end":{"line":31,"column":61}},{"start":{"line":32,"column":20},"end":{"line":32,"column":70}},{"start":{"line":33,"column":20},"end":{"line":33,"column":26}}]},"3":{"line":37,"type":"cond-expr","locations":[{"start":{"line":38,"column":14},"end":{"line":38,"column":20}},{"start":{"line":39,"column":14},"end":{"line":39,"column":20}}]},"4":{"line":41,"type":"binary-expr","locations":[{"start":{"line":41,"column":16},"end":{"line":41,"column":44}},{"start":{"line":41,"column":48},"end":{"line":41,"column":53}}]},"5":{"line":45,"type":"if","locations":[{"start":{"line":45,"column":8},"end":{"line":45,"column":8}},{"start":{"line":45,"column":8},"end":{"line":45,"column":8}}]}},"code":["/* istanbul instrument in package npmtest_zone_js */","/*jslint","    bitwise: true,","    browser: true,","    maxerr: 8,","    maxlen: 96,","    node: true,","    nomen: true,","    regexp: true,","    stupid: true","*/","(function () {","    'use strict';","    var local;","","","","    // run shared js-env code - pre-init","    (function () {","        // init local","        local = {};","        // init modeJs","        local.modeJs = (function () {","            try {","                return typeof navigator.userAgent === 'string' &&","                    typeof document.querySelector('body') === 'object' &&","                    typeof XMLHttpRequest.prototype.open === 'function' &&","                    'browser';","            } catch (errorCaughtBrowser) {","                return module.exports &&","                    typeof process.versions.node === 'string' &&","                    typeof require('http').createServer === 'function' &&","                    'node';","            }","        }());","        // init global","        local.global = local.modeJs === 'browser'","            ? window","            : global;","        // init utility2_rollup","        local = local.global.utility2_rollup || local;","        // init lib","        local.local = local.npmtest_zone_js = local;","        // init exports","        if (local.modeJs === 'browser') {","            local.global.utility2_npmtest_zone_js = local;","        } else {","            module.exports = local;","            module.exports.__dirname = __dirname;","            module.exports.module = module;","        }","    }());","}());",""],"l":{"12":2,"14":2,"19":2,"21":2,"23":2,"24":2,"25":2,"30":1,"37":2,"41":2,"43":2,"45":2,"46":1,"48":1,"49":1,"50":1}},"/home/travis/build/npmtest/node-npmtest-zone.js/example.js":{"path":"/home/travis/build/npmtest/node-npmtest-zone.js/example.js","s":{"1":2,"2":2,"3":2,"4":2,"5":2,"6":2,"7":2,"8":1,"9":2,"10":2,"11":2,"12":2,"13":1,"14":2,"15":2,"16":2,"17":2,"18":2,"19":0,"20":2,"21":1,"22":1,"23":1,"24":1,"25":1,"26":0,"27":0,"28":1,"29":1,"30":2,"31":0,"32":0,"33":0,"34":1,"35":2,"36":2,"37":3,"38":3,"39":3,"40":3,"41":0,"42":3,"43":3,"44":3,"45":1,"46":3,"47":1,"48":1,"49":1,"50":1,"51":1,"52":1,"53":1,"54":1,"55":1,"56":1,"57":0,"58":1,"59":6,"60":6,"61":1,"62":2,"63":0,"64":2,"65":1,"66":1,"67":0,"68":0,"69":0,"70":0,"71":0,"72":0,"73":0,"74":0,"75":0,"76":0,"77":0,"78":0,"79":0,"80":0,"81":0,"82":0,"83":0},"b":{"1":[2,1,1,1],"2":[1,1,1,1],"3":[1,1],"4":[2,2],"5":[1,1],"6":[1,1],"7":[2,0],"8":[2,1,1,1,1,1],"9":[0,2,0],"10":[1,1],"11":[2,1,1],"12":[1,0],"13":[0,2],"14":[2,0,0,0,0,0,0],"15":[0,3],"16":[3,0],"17":[1,1],"18":[0,1],"19":[1,2,0,2],"20":[1,0],"21":[1,1],"22":[0,0],"23":[0,0],"24":[0,0],"25":[0,0],"26":[0,0],"27":[0,0],"28":[0,0]},"f":{"1":2,"2":2,"3":2,"4":2,"5":2,"6":2,"7":3,"8":3,"9":3,"10":1,"11":6,"12":0},"fnMap":{"1":{"name":"(anonymous_1)","line":26,"loc":{"start":{"line":26,"column":1},"end":{"line":26,"column":13}}},"2":{"name":"(anonymous_2)","line":33,"loc":{"start":{"line":33,"column":5},"end":{"line":33,"column":17}}},"3":{"name":"(anonymous_3)","line":37,"loc":{"start":{"line":37,"column":24},"end":{"line":37,"column":36}}},"4":{"name":"(anonymous_4)","line":69,"loc":{"start":{"line":69,"column":31},"end":{"line":69,"column":48}},"skip":true},"5":{"name":"(anonymous_5)","line":78,"loc":{"start":{"line":78,"column":26},"end":{"line":78,"column":45}},"skip":true},"6":{"name":"(anonymous_6)","line":123,"loc":{"start":{"line":123,"column":33},"end":{"line":123,"column":48}},"skip":true},"7":{"name":"(anonymous_7)","line":125,"loc":{"start":{"line":125,"column":27},"end":{"line":125,"column":39}},"skip":true},"8":{"name":"(anonymous_8)","line":133,"loc":{"start":{"line":133,"column":59},"end":{"line":133,"column":74}},"skip":true},"9":{"name":"(anonymous_9)","line":143,"loc":{"start":{"line":143,"column":45},"end":{"line":143,"column":62}},"skip":true},"10":{"name":"(anonymous_10)","line":144,"loc":{"start":{"line":144,"column":73},"end":{"line":144,"column":92}},"skip":true},"11":{"name":"(anonymous_11)","line":272,"loc":{"start":{"line":272,"column":51},"end":{"line":272,"column":77}},"skip":true},"12":{"name":"(anonymous_12)","line":315,"loc":{"start":{"line":315,"column":32},"end":{"line":315,"column":61}},"skip":true}},"statementMap":{"1":{"start":{"line":26,"column":0},"end":{"line":326,"column":5}},"2":{"start":{"line":28,"column":4},"end":{"line":28,"column":14}},"3":{"start":{"line":33,"column":4},"end":{"line":60,"column":9}},"4":{"start":{"line":35,"column":8},"end":{"line":35,"column":19}},"5":{"start":{"line":37,"column":8},"end":{"line":49,"column":13}},"6":{"start":{"line":38,"column":12},"end":{"line":48,"column":13}},"7":{"start":{"line":39,"column":16},"end":{"line":42,"column":30}},"8":{"start":{"line":44,"column":16},"end":{"line":47,"column":27}},"9":{"start":{"line":51,"column":8},"end":{"line":53,"column":21}},"10":{"start":{"line":55,"column":8},"end":{"line":57,"column":45}},"11":{"start":{"line":59,"column":8},"end":{"line":59,"column":35}},"12":{"start":{"line":61,"column":4},"end":{"line":325,"column":5}},"13":{"start":{"line":69,"column":8},"end":{"line":121,"column":10},"skip":true},"14":{"start":{"line":70,"column":12},"end":{"line":88,"column":13},"skip":true},"15":{"start":{"line":76,"column":16},"end":{"line":87,"column":19},"skip":true},"16":{"start":{"line":79,"column":20},"end":{"line":86,"column":21},"skip":true},"17":{"start":{"line":82,"column":24},"end":{"line":82,"column":43},"skip":true},"18":{"start":{"line":83,"column":24},"end":{"line":83,"column":30},"skip":true},"19":{"start":{"line":85,"column":24},"end":{"line":85,"column":49},"skip":true},"20":{"start":{"line":89,"column":12},"end":{"line":107,"column":13},"skip":true},"21":{"start":{"line":92,"column":16},"end":{"line":102,"column":17},"skip":true},"22":{"start":{"line":93,"column":20},"end":{"line":93,"column":86},"skip":true},"23":{"start":{"line":94,"column":20},"end":{"line":95,"column":45},"skip":true},"24":{"start":{"line":96,"column":20},"end":{"line":96,"column":42},"skip":true},"25":{"start":{"line":97,"column":20},"end":{"line":97,"column":48},"skip":true},"26":{"start":{"line":100,"column":20},"end":{"line":100,"column":85},"skip":true},"27":{"start":{"line":101,"column":20},"end":{"line":101,"column":96},"skip":true},"28":{"start":{"line":103,"column":16},"end":{"line":103,"column":22},"skip":true},"29":{"start":{"line":106,"column":16},"end":{"line":106,"column":22},"skip":true},"30":{"start":{"line":108,"column":12},"end":{"line":120,"column":13},"skip":true},"31":{"start":{"line":114,"column":16},"end":{"line":119,"column":17},"skip":true},"32":{"start":{"line":116,"column":20},"end":{"line":116,"column":78},"skip":true},"33":{"start":{"line":118,"column":20},"end":{"line":118,"column":47},"skip":true},"34":{"start":{"line":123,"column":8},"end":{"line":141,"column":11},"skip":true},"35":{"start":{"line":124,"column":12},"end":{"line":124,"column":54},"skip":true},"36":{"start":{"line":125,"column":12},"end":{"line":140,"column":14},"skip":true},"37":{"start":{"line":126,"column":16},"end":{"line":126,"column":28},"skip":true},"38":{"start":{"line":127,"column":16},"end":{"line":127,"column":69},"skip":true},"39":{"start":{"line":128,"column":16},"end":{"line":128,"column":75},"skip":true},"40":{"start":{"line":129,"column":16},"end":{"line":131,"column":17},"skip":true},"41":{"start":{"line":130,"column":20},"end":{"line":130,"column":27},"skip":true},"42":{"start":{"line":133,"column":16},"end":{"line":137,"column":36},"skip":true},"43":{"start":{"line":134,"column":20},"end":{"line":136,"column":55},"skip":true},"44":{"start":{"line":139,"column":16},"end":{"line":139,"column":57},"skip":true},"45":{"start":{"line":143,"column":8},"end":{"line":147,"column":11},"skip":true},"46":{"start":{"line":144,"column":12},"end":{"line":146,"column":15},"skip":true},"47":{"start":{"line":145,"column":16},"end":{"line":145,"column":70},"skip":true},"48":{"start":{"line":149,"column":8},"end":{"line":149,"column":31},"skip":true},"49":{"start":{"line":150,"column":8},"end":{"line":150,"column":14},"skip":true},"50":{"start":{"line":158,"column":8},"end":{"line":158,"column":31},"skip":true},"51":{"start":{"line":160,"column":8},"end":{"line":160,"column":33},"skip":true},"52":{"start":{"line":161,"column":8},"end":{"line":161,"column":37},"skip":true},"53":{"start":{"line":162,"column":8},"end":{"line":162,"column":35},"skip":true},"54":{"start":{"line":164,"column":8},"end":{"line":164,"column":50},"skip":true},"55":{"start":{"line":166,"column":8},"end":{"line":256,"column":2},"skip":true},"56":{"start":{"line":258,"column":8},"end":{"line":286,"column":9},"skip":true},"57":{"start":{"line":259,"column":12},"end":{"line":269,"column":14},"skip":true},"58":{"start":{"line":271,"column":12},"end":{"line":285,"column":19},"skip":true},"59":{"start":{"line":274,"column":20},"end":{"line":274,"column":35},"skip":true},"60":{"start":{"line":275,"column":20},"end":{"line":284,"column":21},"skip":true},"61":{"start":{"line":277,"column":24},"end":{"line":277,"column":64},"skip":true},"62":{"start":{"line":279,"column":24},"end":{"line":279,"column":40},"skip":true},"63":{"start":{"line":281,"column":24},"end":{"line":281,"column":40},"skip":true},"64":{"start":{"line":283,"column":24},"end":{"line":283,"column":39},"skip":true},"65":{"start":{"line":288,"column":8},"end":{"line":290,"column":9},"skip":true},"66":{"start":{"line":289,"column":12},"end":{"line":289,"column":18},"skip":true},"67":{"start":{"line":291,"column":8},"end":{"line":293,"column":54},"skip":true},"68":{"start":{"line":296,"column":8},"end":{"line":301,"column":37},"skip":true},"69":{"start":{"line":303,"column":8},"end":{"line":303,"column":82},"skip":true},"70":{"start":{"line":306,"column":8},"end":{"line":308,"column":9},"skip":true},"71":{"start":{"line":307,"column":12},"end":{"line":307,"column":82},"skip":true},"72":{"start":{"line":310,"column":8},"end":{"line":312,"column":9},"skip":true},"73":{"start":{"line":311,"column":12},"end":{"line":311,"column":18},"skip":true},"74":{"start":{"line":313,"column":8},"end":{"line":313,"column":54},"skip":true},"75":{"start":{"line":314,"column":8},"end":{"line":314,"column":69},"skip":true},"76":{"start":{"line":315,"column":8},"end":{"line":323,"column":36},"skip":true},"77":{"start":{"line":316,"column":12},"end":{"line":316,"column":61},"skip":true},"78":{"start":{"line":317,"column":12},"end":{"line":320,"column":13},"skip":true},"79":{"start":{"line":318,"column":16},"end":{"line":318,"column":75},"skip":true},"80":{"start":{"line":319,"column":16},"end":{"line":319,"column":23},"skip":true},"81":{"start":{"line":321,"column":12},"end":{"line":321,"column":38},"skip":true},"82":{"start":{"line":322,"column":12},"end":{"line":322,"column":27},"skip":true},"83":{"start":{"line":324,"column":8},"end":{"line":324,"column":14},"skip":true}},"branchMap":{"1":{"line":39,"type":"binary-expr","locations":[{"start":{"line":39,"column":23},"end":{"line":39,"column":62}},{"start":{"line":40,"column":20},"end":{"line":40,"column":70}},{"start":{"line":41,"column":20},"end":{"line":41,"column":71}},{"start":{"line":42,"column":20},"end":{"line":42,"column":29}}]},"2":{"line":44,"type":"binary-expr","locations":[{"start":{"line":44,"column":23},"end":{"line":44,"column":37}},{"start":{"line":45,"column":20},"end":{"line":45,"column":61}},{"start":{"line":46,"column":20},"end":{"line":46,"column":70}},{"start":{"line":47,"column":20},"end":{"line":47,"column":26}}]},"3":{"line":51,"type":"cond-expr","locations":[{"start":{"line":52,"column":14},"end":{"line":52,"column":20}},{"start":{"line":53,"column":14},"end":{"line":53,"column":20}}]},"4":{"line":55,"type":"binary-expr","locations":[{"start":{"line":55,"column":16},"end":{"line":55,"column":44}},{"start":{"line":55,"column":49},"end":{"line":57,"column":43}}]},"5":{"line":55,"type":"cond-expr","locations":[{"start":{"line":56,"column":14},"end":{"line":56,"column":51}},{"start":{"line":57,"column":14},"end":{"line":57,"column":43}}]},"6":{"line":61,"type":"switch","locations":[{"start":{"line":68,"column":4},"end":{"line":150,"column":14},"skip":true},{"start":{"line":156,"column":4},"end":{"line":324,"column":14},"skip":true}]},"7":{"line":70,"type":"if","locations":[{"start":{"line":70,"column":12},"end":{"line":70,"column":12},"skip":true},{"start":{"line":70,"column":12},"end":{"line":70,"column":12},"skip":true}]},"8":{"line":70,"type":"binary-expr","locations":[{"start":{"line":70,"column":16},"end":{"line":70,"column":22},"skip":true},{"start":{"line":70,"column":27},"end":{"line":70,"column":32},"skip":true},{"start":{"line":71,"column":20},"end":{"line":71,"column":39},"skip":true},{"start":{"line":72,"column":20},"end":{"line":72,"column":49},"skip":true},{"start":{"line":73,"column":20},"end":{"line":73,"column":58},"skip":true},{"start":{"line":74,"column":20},"end":{"line":74,"column":69},"skip":true}]},"9":{"line":79,"type":"switch","locations":[{"start":{"line":80,"column":20},"end":{"line":80,"column":33},"skip":true},{"start":{"line":81,"column":20},"end":{"line":83,"column":30},"skip":true},{"start":{"line":84,"column":20},"end":{"line":85,"column":49},"skip":true}]},"10":{"line":89,"type":"switch","locations":[{"start":{"line":90,"column":12},"end":{"line":103,"column":22},"skip":true},{"start":{"line":105,"column":12},"end":{"line":106,"column":22},"skip":true}]},"11":{"line":89,"type":"binary-expr","locations":[{"start":{"line":89,"column":20},"end":{"line":89,"column":25},"skip":true},{"start":{"line":89,"column":29},"end":{"line":89,"column":48},"skip":true},{"start":{"line":89,"column":52},"end":{"line":89,"column":74},"skip":true}]},"12":{"line":92,"type":"if","locations":[{"start":{"line":92,"column":16},"end":{"line":92,"column":16},"skip":true},{"start":{"line":92,"column":16},"end":{"line":92,"column":16},"skip":true}]},"13":{"line":108,"type":"if","locations":[{"start":{"line":108,"column":12},"end":{"line":108,"column":12},"skip":true},{"start":{"line":108,"column":12},"end":{"line":108,"column":12},"skip":true}]},"14":{"line":108,"type":"binary-expr","locations":[{"start":{"line":108,"column":16},"end":{"line":108,"column":61},"skip":true},{"start":{"line":108,"column":66},"end":{"line":108,"column":72},"skip":true},{"start":{"line":108,"column":77},"end":{"line":108,"column":82},"skip":true},{"start":{"line":109,"column":20},"end":{"line":109,"column":39},"skip":true},{"start":{"line":110,"column":20},"end":{"line":110,"column":49},"skip":true},{"start":{"line":111,"column":20},"end":{"line":111,"column":58},"skip":true},{"start":{"line":112,"column":20},"end":{"line":112,"column":68},"skip":true}]},"15":{"line":129,"type":"if","locations":[{"start":{"line":129,"column":16},"end":{"line":129,"column":16},"skip":true},{"start":{"line":129,"column":16},"end":{"line":129,"column":16},"skip":true}]},"16":{"line":134,"type":"cond-expr","locations":[{"start":{"line":135,"column":26},"end":{"line":135,"column":29},"skip":true},{"start":{"line":136,"column":26},"end":{"line":136,"column":54},"skip":true}]},"17":{"line":164,"type":"binary-expr","locations":[{"start":{"line":164,"column":27},"end":{"line":164,"column":43},"skip":true},{"start":{"line":164,"column":47},"end":{"line":164,"column":49},"skip":true}]},"18":{"line":258,"type":"if","locations":[{"start":{"line":258,"column":8},"end":{"line":258,"column":8},"skip":true},{"start":{"line":258,"column":8},"end":{"line":258,"column":8},"skip":true}]},"19":{"line":275,"type":"switch","locations":[{"start":{"line":276,"column":20},"end":{"line":277,"column":64},"skip":true},{"start":{"line":278,"column":20},"end":{"line":279,"column":40},"skip":true},{"start":{"line":280,"column":20},"end":{"line":281,"column":40},"skip":true},{"start":{"line":282,"column":20},"end":{"line":283,"column":39},"skip":true}]},"20":{"line":288,"type":"if","locations":[{"start":{"line":288,"column":8},"end":{"line":288,"column":8},"skip":true},{"start":{"line":288,"column":8},"end":{"line":288,"column":8},"skip":true}]},"21":{"line":288,"type":"binary-expr","locations":[{"start":{"line":288,"column":12},"end":{"line":288,"column":40},"skip":true},{"start":{"line":288,"column":44},"end":{"line":288,"column":67},"skip":true}]},"22":{"line":292,"type":"binary-expr","locations":[{"start":{"line":292,"column":12},"end":{"line":292,"column":50},"skip":true},{"start":{"line":293,"column":12},"end":{"line":293,"column":53},"skip":true}]},"23":{"line":297,"type":"binary-expr","locations":[{"start":{"line":297,"column":12},"end":{"line":297,"column":65},"skip":true},{"start":{"line":298,"column":12},"end":{"line":301,"column":36},"skip":true}]},"24":{"line":303,"type":"binary-expr","locations":[{"start":{"line":303,"column":43},"end":{"line":303,"column":75},"skip":true},{"start":{"line":303,"column":79},"end":{"line":303,"column":81},"skip":true}]},"25":{"line":306,"type":"if","locations":[{"start":{"line":306,"column":8},"end":{"line":306,"column":8},"skip":true},{"start":{"line":306,"column":8},"end":{"line":306,"column":8},"skip":true}]},"26":{"line":310,"type":"if","locations":[{"start":{"line":310,"column":8},"end":{"line":310,"column":8},"skip":true},{"start":{"line":310,"column":8},"end":{"line":310,"column":8},"skip":true}]},"27":{"line":313,"type":"binary-expr","locations":[{"start":{"line":313,"column":27},"end":{"line":313,"column":43},"skip":true},{"start":{"line":313,"column":47},"end":{"line":313,"column":53},"skip":true}]},"28":{"line":317,"type":"if","locations":[{"start":{"line":317,"column":12},"end":{"line":317,"column":12},"skip":true},{"start":{"line":317,"column":12},"end":{"line":317,"column":12},"skip":true}]}},"code":["/*","example.js","","quickstart example","","instruction","    1. save this script as example.js","    2. run the shell command:","        $ npm install npmtest-zone.js && PORT=8081 node example.js","    3. play with the browser-demo on http://127.0.0.1:8081","*/","","","","/* istanbul instrument in package npmtest_zone_js */","/*jslint","    bitwise: true,","    browser: true,","    maxerr: 8,","    maxlen: 96,","    node: true,","    nomen: true,","    regexp: true,","    stupid: true","*/","(function () {","    'use strict';","    var local;","","","","    // run shared js-env code - pre-init","    (function () {","        // init local","        local = {};","        // init modeJs","        local.modeJs = (function () {","            try {","                return typeof navigator.userAgent === 'string' &&","                    typeof document.querySelector('body') === 'object' &&","                    typeof XMLHttpRequest.prototype.open === 'function' &&","                    'browser';","            } catch (errorCaughtBrowser) {","                return module.exports &&","                    typeof process.versions.node === 'string' &&","                    typeof require('http').createServer === 'function' &&","                    'node';","            }","        }());","        // init global","        local.global = local.modeJs === 'browser'","            ? window","            : global;","        // init utility2_rollup","        local = local.global.utility2_rollup || (local.modeJs === 'browser'","            ? local.global.utility2_npmtest_zone_js","            : global.utility2_moduleExports);","        // export local","        local.global.local = local;","    }());","    switch (local.modeJs) {","","","","    // post-init","    // run browser js-env code - post-init","    /* istanbul ignore next */","    case 'browser':","        local.testRunBrowser = function (event) {","            if (!event || (event &&","                    event.currentTarget &&","                    event.currentTarget.className &&","                    event.currentTarget.className.includes &&","                    event.currentTarget.className.includes('onreset'))) {","                // reset output","                Array.from(","                    document.querySelectorAll('body > .resettable')","                ).forEach(function (element) {","                    switch (element.tagName) {","                    case 'INPUT':","                    case 'TEXTAREA':","                        element.value = '';","                        break;","                    default:","                        element.textContent = '';","                    }","                });","            }","            switch (event && event.currentTarget && event.currentTarget.id) {","            case 'testRunButton1':","                // show tests","                if (document.querySelector('#testReportDiv1').style.display === 'none') {","                    document.querySelector('#testReportDiv1').style.display = 'block';","                    document.querySelector('#testRunButton1').textContent =","                        'hide internal test';","                    local.modeTest = true;","                    local.testRunDefault(local);","                // hide tests","                } else {","                    document.querySelector('#testReportDiv1').style.display = 'none';","                    document.querySelector('#testRunButton1').textContent = 'run internal test';","                }","                break;","            // custom-case","            default:","                break;","            }","            if (document.querySelector('#inputTextareaEval1') && (!event || (event &&","                    event.currentTarget &&","                    event.currentTarget.className &&","                    event.currentTarget.className.includes &&","                    event.currentTarget.className.includes('oneval')))) {","                // try to eval input-code","                try {","                    /*jslint evil: true*/","                    eval(document.querySelector('#inputTextareaEval1').value);","                } catch (errorCaught) {","                    console.error(errorCaught);","                }","            }","        };","        // log stderr and stdout to #outputTextareaStdout1","        ['error', 'log'].forEach(function (key) {","            console[key + '_original'] = console[key];","            console[key] = function () {","                var element;","                console[key + '_original'].apply(console, arguments);","                element = document.querySelector('#outputTextareaStdout1');","                if (!element) {","                    return;","                }","                // append text to #outputTextareaStdout1","                element.value += Array.from(arguments).map(function (arg) {","                    return typeof arg === 'string'","                        ? arg","                        : JSON.stringify(arg, null, 4);","                }).join(' ') + '\\n';","                // scroll textarea to bottom","                element.scrollTop = element.scrollHeight;","            };","        });","        // init event-handling","        ['change', 'click', 'keyup'].forEach(function (event) {","            Array.from(document.querySelectorAll('.on' + event)).forEach(function (element) {","                element.addEventListener(event, local.testRunBrowser);","            });","        });","        // run tests","        local.testRunBrowser();","        break;","","","","    // run node js-env code - post-init","    /* istanbul ignore next */","    case 'node':","        // export local","        module.exports = local;","        // require modules","        local.fs = require('fs');","        local.http = require('http');","        local.url = require('url');","        // init assets","        local.assetsDict = local.assetsDict || {};","        /* jslint-ignore-begin */","        local.assetsDict['/assets.index.template.html'] = '\\","<!doctype html>\\n\\","<html lang=\"en\">\\n\\","<head>\\n\\","<meta charset=\"UTF-8\">\\n\\","<meta name=\"viewport\" content=\"width=device-width, initial-scale=1\">\\n\\","<title>{{env.npm_package_name}} (v{{env.npm_package_version}})</title>\\n\\","<style>\\n\\","/*csslint\\n\\","    box-sizing: false,\\n\\","    universal-selector: false\\n\\","*/\\n\\","* {\\n\\","    box-sizing: border-box;\\n\\","}\\n\\","body {\\n\\","    background: #dde;\\n\\","    font-family: Arial, Helvetica, sans-serif;\\n\\","    margin: 2rem;\\n\\","}\\n\\","body > * {\\n\\","    margin-bottom: 1rem;\\n\\","}\\n\\",".utility2FooterDiv {\\n\\","    margin-top: 20px;\\n\\","    text-align: center;\\n\\","}\\n\\","</style>\\n\\","<style>\\n\\","/*csslint\\n\\","*/\\n\\","textarea {\\n\\","    font-family: monospace;\\n\\","    height: 10rem;\\n\\","    width: 100%;\\n\\","}\\n\\","textarea[readonly] {\\n\\","    background: #ddd;\\n\\","}\\n\\","</style>\\n\\","</head>\\n\\","<body>\\n\\","<!-- utility2-comment\\n\\","<div id=\"ajaxProgressDiv1\" style=\"background: #d00; height: 2px; left: 0; margin: 0; padding: 0; position: fixed; top: 0; transition: background 0.5s, width 1.5s; width: 25%;\"></div>\\n\\","utility2-comment -->\\n\\","<h1>\\n\\","<!-- utility2-comment\\n\\","    <a\\n\\","        {{#if env.npm_package_homepage}}\\n\\","        href=\"{{env.npm_package_homepage}}\"\\n\\","        {{/if env.npm_package_homepage}}\\n\\","        target=\"_blank\"\\n\\","    >\\n\\","utility2-comment -->\\n\\","        {{env.npm_package_name}} (v{{env.npm_package_version}})\\n\\","<!-- utility2-comment\\n\\","    </a>\\n\\","utility2-comment -->\\n\\","</h1>\\n\\","<h3>{{env.npm_package_description}}</h3>\\n\\","<!-- utility2-comment\\n\\","<h4><a download href=\"assets.app.js\">download standalone app</a></h4>\\n\\","<button class=\"onclick onreset\" id=\"testRunButton1\">run internal test</button><br>\\n\\","<div id=\"testReportDiv1\" style=\"display: none;\"></div>\\n\\","utility2-comment -->\\n\\","\\n\\","\\n\\","\\n\\","<label>stderr and stdout</label>\\n\\","<textarea class=\"resettable\" id=\"outputTextareaStdout1\" readonly></textarea>\\n\\","<!-- utility2-comment\\n\\","{{#if isRollup}}\\n\\","<script src=\"assets.app.js\"></script>\\n\\","{{#unless isRollup}}\\n\\","utility2-comment -->\\n\\","<script src=\"assets.utility2.rollup.js\"></script>\\n\\","<script src=\"jsonp.utility2._stateInit?callback=window.utility2._stateInit\"></script>\\n\\","<script src=\"assets.npmtest_zone_js.rollup.js\"></script>\\n\\","<script src=\"assets.example.js\"></script>\\n\\","<script src=\"assets.test.js\"></script>\\n\\","<!-- utility2-comment\\n\\","{{/if isRollup}}\\n\\","utility2-comment -->\\n\\","<div class=\"utility2FooterDiv\">\\n\\","    [ this app was created with\\n\\","    <a href=\"https://github.com/kaizhu256/node-utility2\" target=\"_blank\">utility2</a>\\n\\","    ]\\n\\","</div>\\n\\","</body>\\n\\","</html>\\n\\","';","        /* jslint-ignore-end */","        if (local.templateRender) {","            local.assetsDict['/'] = local.templateRender(","                local.assetsDict['/assets.index.template.html'],","                {","                    env: local.objectSetDefault(local.env, {","                        npm_package_description: 'the greatest app in the world!',","                        npm_package_name: 'my-app',","                        npm_package_nameAlias: 'my_app',","                        npm_package_version: '0.0.1'","                    })","                }","            );","        } else {","            local.assetsDict['/'] = local.assetsDict['/assets.index.template.html']","                .replace((/\\{\\{env\\.(\\w+?)\\}\\}/g), function (match0, match1) {","                    // jslint-hack","                    String(match0);","                    switch (match1) {","                    case 'npm_package_description':","                        return 'the greatest app in the world!';","                    case 'npm_package_name':","                        return 'my-app';","                    case 'npm_package_nameAlias':","                        return 'my_app';","                    case 'npm_package_version':","                        return '0.0.1';","                    }","                });","        }","        // run the cli","        if (local.global.utility2_rollup || module !== require.main) {","            break;","        }","        local.assetsDict['/assets.example.js'] =","            local.assetsDict['/assets.example.js'] ||","            local.fs.readFileSync(__filename, 'utf8');","        // bug-workaround - long $npm_package_buildCustomOrg","        /* jslint-ignore-begin */","        local.assetsDict['/assets.npmtest_zone_js.rollup.js'] =","            local.assetsDict['/assets.npmtest_zone_js.rollup.js'] ||","            local.fs.readFileSync(","                local.npmtest_zone_js.__dirname + '/lib.npmtest_zone_js.js',","                'utf8'","            ).replace((/^#!/), '//');","        /* jslint-ignore-end */","        local.assetsDict['/favicon.ico'] = local.assetsDict['/favicon.ico'] || '';","        // if $npm_config_timeout_exit exists,","        // then exit this process after $npm_config_timeout_exit ms","        if (Number(process.env.npm_config_timeout_exit)) {","            setTimeout(process.exit, Number(process.env.npm_config_timeout_exit));","        }","        // start server","        if (local.global.utility2_serverHttp1) {","            break;","        }","        process.env.PORT = process.env.PORT || '8081';","        console.error('server starting on port ' + process.env.PORT);","        local.http.createServer(function (request, response) {","            request.urlParsed = local.url.parse(request.url);","            if (local.assetsDict[request.urlParsed.pathname] !== undefined) {","                response.end(local.assetsDict[request.urlParsed.pathname]);","                return;","            }","            response.statusCode = 404;","            response.end();","        }).listen(process.env.PORT);","        break;","    }","}());",""],"l":{"26":2,"28":2,"33":2,"35":2,"37":2,"38":2,"39":2,"44":1,"51":2,"55":2,"59":2,"61":2,"69":1,"70":2,"76":2,"79":2,"82":2,"83":2,"85":1,"89":2,"92":1,"93":1,"94":1,"96":1,"97":1,"100":1,"101":1,"103":1,"106":1,"108":2,"114":1,"116":1,"118":1,"123":1,"124":2,"125":2,"126":3,"127":3,"128":3,"129":3,"130":1,"133":3,"134":3,"139":3,"143":1,"144":3,"145":1,"149":1,"150":1,"158":1,"160":1,"161":1,"162":1,"164":1,"166":1,"258":1,"259":1,"271":1,"274":6,"275":6,"277":1,"279":2,"281":1,"283":2,"288":1,"289":1,"291":1,"296":1,"303":1,"306":1,"307":1,"310":1,"311":1,"313":1,"314":1,"315":1,"316":1,"317":1,"318":1,"319":1,"321":1,"322":1,"324":1}},"/home/travis/build/npmtest/node-npmtest-zone.js/node_modules/zone.js/dist/zone-node.js":{"path":"/home/travis/build/npmtest/node-npmtest-zone.js/node_modules/zone.js/dist/zone-node.js","s":{"1":1,"2":1,"3":1,"4":1,"5":0,"6":1,"7":1,"8":1,"9":1,"10":1,"11":2,"12":2,"13":2,"14":2,"15":2,"16":1,"17":0,"18":0,"19":1,"20":0,"21":0,"22":0,"23":0,"24":1,"25":868,"26":1,"27":0,"28":1,"29":0,"30":1,"31":976,"32":1,"33":0,"34":0,"35":0,"36":1,"37":0,"38":0,"39":0,"40":0,"41":0,"42":0,"43":1,"44":1,"45":0,"46":1,"47":1,"48":0,"49":0,"50":0,"51":0,"52":0,"53":0,"54":1,"55":1,"56":1,"57":1,"58":1,"59":1,"60":1,"61":1,"62":1,"63":1,"64":1,"65":1,"66":1,"67":1,"68":1,"69":1,"70":1,"71":1,"72":1,"73":1,"74":1,"75":1,"76":1,"77":0,"78":1,"79":1,"80":693,"81":0,"82":693,"83":693,"84":693,"85":693,"86":693,"87":693,"88":693,"89":693,"90":24,"91":693,"92":693,"93":0,"94":0,"95":692,"96":563,"97":208,"98":355,"99":355,"100":355,"101":692,"102":692,"103":1,"104":868,"105":0,"106":0,"107":0,"108":0,"109":0,"110":868,"111":868,"112":868,"113":868,"114":868,"115":868,"116":0,"117":0,"118":0,"119":868,"120":868,"121":868,"122":868,"123":868,"124":1,"125":332,"126":1,"127":59,"128":1,"129":477,"130":1,"131":192,"132":0,"133":192,"134":192,"135":192,"136":0,"137":0,"138":0,"139":192,"140":192,"141":192,"142":192,"143":1,"144":1415,"145":1415,"146":547,"147":1415,"148":0,"149":1,"150":1,"151":1,"152":0,"153":0,"154":0,"155":0,"156":1,"157":1,"158":2,"159":2,"160":2,"161":2,"162":2,"163":2,"164":2,"165":2,"166":2,"167":2,"168":2,"169":2,"170":2,"171":2,"172":2,"173":2,"174":2,"175":2,"176":2,"177":2,"178":2,"179":2,"180":2,"181":2,"182":2,"183":2,"184":2,"185":2,"186":2,"187":2,"188":2,"189":0,"190":0,"191":0,"192":0,"193":0,"194":0,"195":0,"196":0,"197":0,"198":0,"199":0,"200":0,"201":0,"202":0,"203":0,"204":0,"205":1,"206":1,"207":1,"208":0,"209":1,"210":4,"211":1,"212":1,"213":1,"214":868,"215":868,"216":0,"217":0,"218":0,"219":0,"220":0,"221":868,"222":868,"223":0,"224":0,"225":0,"226":868,"227":1,"228":693,"229":1,"230":192,"231":192,"232":0,"233":192,"234":0,"235":192,"236":192,"237":1,"238":0,"239":0,"240":1,"241":0,"242":0,"243":0,"244":0,"245":0,"246":0,"247":0,"248":0,"249":1,"250":1,"251":1,"252":868,"253":868,"254":868,"255":868,"256":868,"257":868,"258":868,"259":868,"260":868,"261":868,"262":868,"263":868,"264":692,"265":692,"266":692,"267":692,"268":691,"269":492,"270":691,"271":1,"272":2637,"273":1,"274":2849,"275":1,"276":0,"277":1,"278":3376,"279":3376,"280":3376,"281":547,"282":0,"283":1,"284":0,"285":0,"286":0,"287":1,"288":0,"289":1,"290":1,"291":1,"292":696,"293":696,"294":1,"295":1,"296":9,"297":1,"298":1,"299":1,"300":1,"301":1,"302":1,"303":1,"304":1,"305":1,"306":1,"307":0,"308":0,"309":0,"310":0,"311":1,"312":0,"313":0,"314":1,"315":0,"316":0,"317":0,"318":0,"319":0,"320":0,"321":1,"322":0,"323":0,"324":0,"325":0,"326":0,"327":1,"328":492,"329":492,"330":492,"331":0,"332":0,"333":0,"334":0,"335":0,"336":0,"337":0,"338":492,"339":0,"340":0,"341":0,"342":0,"343":0,"344":0,"345":0,"346":0,"347":492,"348":1,"349":0,"350":1,"351":0,"352":1,"353":0,"354":1,"355":1,"356":1,"357":1,"358":1,"359":1,"360":1,"361":1,"362":0,"363":0,"364":0,"365":0,"366":1,"367":0,"368":0,"369":0,"370":0,"371":0,"372":0,"373":0,"374":1,"375":0,"376":0,"377":0,"378":0,"379":0,"380":0,"381":0,"382":0,"383":0,"384":0,"385":0,"386":0,"387":0,"388":0,"389":0,"390":0,"391":0,"392":0,"393":0,"394":0,"395":0,"396":0,"397":0,"398":0,"399":0,"400":0,"401":0,"402":0,"403":0,"404":0,"405":0,"406":0,"407":0,"408":0,"409":0,"410":0,"411":0,"412":0,"413":1,"414":0,"415":0,"416":0,"417":0,"418":0,"419":0,"420":0,"421":0,"422":0,"423":1,"424":0,"425":0,"426":0,"427":0,"428":0,"429":0,"430":1,"431":1,"432":0,"433":0,"434":0,"435":0,"436":0,"437":0,"438":0,"439":0,"440":1,"441":0,"442":1,"443":0,"444":1,"445":0,"446":1,"447":0,"448":0,"449":0,"450":0,"451":0,"452":1,"453":0,"454":1,"455":0,"456":0,"457":0,"458":0,"459":0,"460":0,"461":0,"462":1,"463":0,"464":0,"465":0,"466":0,"467":0,"468":0,"469":0,"470":0,"471":0,"472":0,"473":0,"474":0,"475":0,"476":0,"477":0,"478":0,"479":0,"480":0,"481":0,"482":0,"483":0,"484":1,"485":0,"486":0,"487":0,"488":0,"489":0,"490":0,"491":1,"492":0,"493":1,"494":1,"495":1,"496":1,"497":1,"498":1,"499":1,"500":1,"501":1,"502":1,"503":1,"504":1,"505":1,"506":0,"507":0,"508":0,"509":0,"510":1,"511":1,"512":0,"513":0,"514":0,"515":0,"516":0,"517":0,"518":0,"519":0,"520":1,"521":1,"522":1,"523":1,"524":0,"525":1,"526":1,"527":1,"528":1,"529":1,"530":1,"531":1,"532":1,"533":1,"534":82,"535":82,"536":82,"537":0,"538":0,"539":0,"540":82,"541":82,"542":81,"543":81,"544":81,"545":81,"546":162,"547":81,"548":1059,"549":1059,"550":1059,"551":93,"552":93,"553":93,"554":10,"555":10,"556":10,"557":0,"558":10,"559":956,"560":81,"561":81,"562":82,"563":0,"564":0,"565":0,"566":0,"567":0,"568":82,"569":1,"570":1,"571":1,"572":1,"573":1,"574":1,"575":1,"576":2,"577":6,"578":0,"579":0,"580":0,"581":1,"582":1,"583":1,"584":0,"585":0,"586":1,"587":1,"588":0,"589":1,"590":0,"591":0,"592":0,"593":0,"594":0,"595":0,"596":0,"597":0,"598":0,"599":0,"600":0,"601":1,"602":2,"603":1,"604":1,"605":1,"606":1,"607":16,"608":16,"609":14,"610":14,"611":14,"612":1,"613":1,"614":1,"615":14,"616":1,"617":13,"618":1,"619":12,"620":1,"621":11,"622":14,"623":14,"624":1,"625":1,"626":1,"627":1,"628":1,"629":1,"630":1,"631":1,"632":1,"633":1,"634":1,"635":67,"636":1,"637":1,"638":1,"639":1,"640":1,"641":0,"642":0,"643":0,"644":0,"645":0,"646":0,"647":0,"648":0,"649":0,"650":0,"651":0,"652":0,"653":0,"654":0,"655":0,"656":0,"657":0,"658":0,"659":0,"660":0,"661":0,"662":0,"663":0,"664":0,"665":0,"666":0,"667":0,"668":0,"669":0,"670":0,"671":0,"672":0,"673":1,"674":0,"675":0,"676":0,"677":0,"678":0,"679":0,"680":0,"681":0,"682":0,"683":1,"684":1,"685":1,"686":1,"687":347,"688":347,"689":347,"690":2479,"691":2479,"692":2479,"693":2479,"694":159,"695":159,"696":159,"697":188,"698":1,"699":0,"700":0,"701":0,"702":0,"703":0,"704":0,"705":0,"706":0,"707":0,"708":0,"709":0,"710":0,"711":1,"712":477,"713":477,"714":59,"715":477,"716":0,"717":477,"718":1,"719":665,"720":477,"721":477,"722":0,"723":188,"724":159,"725":29,"726":1,"727":3,"728":1,"729":3,"730":1,"731":3,"732":1,"733":3,"734":3,"735":3,"736":3,"737":3,"738":1,"739":477,"740":477,"741":477,"742":1,"743":159,"744":159,"745":159,"746":3,"747":477,"748":477,"749":477,"750":477,"751":477,"752":0,"753":0,"754":0,"755":477,"756":477,"757":477,"758":0,"759":477,"760":0,"761":477,"762":0,"763":0,"764":0,"765":477,"766":477,"767":477,"768":1,"769":2,"770":1,"771":2,"772":2,"773":2,"774":2,"775":2,"776":188,"777":188,"778":188,"779":188,"780":159,"781":29,"782":1,"783":1,"784":0,"785":1,"786":1,"787":1,"788":0,"789":0,"790":0,"791":0,"792":0,"793":0,"794":0,"795":0,"796":0,"797":1,"798":1,"799":1,"800":0,"801":0,"802":0,"803":0,"804":0,"805":0,"806":0,"807":1,"808":1,"809":1,"810":0,"811":0,"812":0,"813":0,"814":0,"815":0,"816":0,"817":0,"818":0,"819":0,"820":0,"821":0,"822":0,"823":1,"824":52,"825":52,"826":0,"827":0,"828":1,"829":52,"830":52,"831":0,"832":52,"833":0,"834":52,"835":52,"836":52,"837":52,"838":52,"839":52,"840":1,"841":34,"842":1,"843":0,"844":0,"845":0,"846":0,"847":0,"848":34,"849":34,"850":0,"851":0,"852":0,"853":0,"854":0,"855":1,"856":1,"857":1,"858":332,"859":332,"860":331,"861":332,"862":332,"863":1,"864":1,"865":332,"866":332,"867":332,"868":332,"869":0,"870":1,"871":0,"872":0,"873":0,"874":0,"875":0,"876":0,"877":0,"878":0,"879":0,"880":0,"881":1,"882":1,"883":1,"884":4,"885":665,"886":665,"887":1,"888":1,"889":1,"890":1,"891":1,"892":1,"893":1,"894":1,"895":1,"896":1,"897":1,"898":1,"899":1,"900":1,"901":1,"902":1,"903":1,"904":1,"905":1,"906":1,"907":1,"908":1,"909":1,"910":1,"911":1,"912":0,"913":1,"914":1,"915":1,"916":1,"917":1,"918":1,"919":1,"920":1,"921":1,"922":1,"923":1,"924":34,"925":32,"926":0,"927":1,"928":6,"929":6,"930":6,"931":6,"932":6,"933":1,"934":58,"935":1,"936":24,"937":24,"938":23,"939":58,"940":58,"941":58,"942":58,"943":1,"944":33,"945":33,"946":6,"947":6,"948":58,"949":58,"950":58,"951":58,"952":58,"953":0,"954":58,"955":58,"956":58,"957":58,"958":58,"959":0,"960":6,"961":6,"962":35,"963":35,"964":33,"965":33,"966":2,"967":1,"968":1,"969":1,"970":1,"971":1,"972":1,"973":1,"974":1,"975":1,"976":1,"977":1,"978":1,"979":1,"980":1,"981":1,"982":1,"983":1,"984":1,"985":1,"986":1,"987":2,"988":0,"989":1,"990":1,"991":332,"992":1,"993":2,"994":0,"995":0,"996":0,"997":0,"998":0,"999":0,"1000":1,"1001":1,"1002":1},"b":{"1":[1,0],"2":[1,1],"3":[0,0],"4":[0,0],"5":[0,1],"6":[1,1],"7":[1,0],"8":[2,1,2],"9":[2,1],"10":[0,0],"11":[0,0],"12":[0,0],"13":[0,1],"14":[0,0],"15":[1,0],"16":[1,0],"17":[1,0],"18":[1,0],"19":[1,0],"20":[1,0],"21":[0,1],"22":[0,693],"23":[0,0],"24":[693,693],"25":[24,669],"26":[693,25,24],"27":[0,0],"28":[563,129],"29":[692,563],"30":[208,355],"31":[563,355,354],"32":[208,208],"33":[355,355],"34":[0,868],"35":[868,0],"36":[0,0],"37":[868,0],"38":[868,0],"39":[0,192],"40":[0,0],"41":[547,868],"42":[2,1],"43":[0,1],"44":[1,1],"45":[2,1],"46":[0,1],"47":[2,1],"48":[0,1],"49":[2,1],"50":[0,1],"51":[2,1],"52":[0,1],"53":[2,1],"54":[0,1],"55":[2,1],"56":[1,0],"57":[2,1],"58":[1,0],"59":[2,1],"60":[1,0],"61":[2,1],"62":[1,0],"63":[2,1],"64":[1,0],"65":[2,1],"66":[1,0],"67":[2,1],"68":[0,1],"69":[2,1],"70":[0,1],"71":[2,1],"72":[0,1],"73":[2,1],"74":[0,1],"75":[2,1],"76":[0,1],"77":[2,1],"78":[0,1],"79":[2,1],"80":[0,1],"81":[2,1],"82":[0,1],"83":[2,1],"84":[0,1],"85":[2,1],"86":[2,1],"87":[0,2],"88":[2,2],"89":[0,0],"90":[0,0],"91":[0,0],"92":[0,0],"93":[0,1],"94":[0,0],"95":[2,2],"96":[1,0],"97":[0,868],"98":[0,0],"99":[0,0],"100":[868,0],"101":[0,0],"102":[0,693],"103":[0,192],"104":[0,192],"105":[0,0],"106":[0,0],"107":[0,0],"108":[0,0],"109":[492,199],"110":[3376,0],"111":[3376,129],"112":[547,2829],"113":[0,0],"114":[0,0],"115":[0,0],"116":[0,0],"117":[0,0],"118":[0,0],"119":[0,0],"120":[0,0],"121":[0,0],"122":[0,0],"123":[0,0],"124":[0,0],"125":[0,0],"126":[0,0],"127":[492,0],"128":[0,0],"129":[0,0],"130":[0,0],"131":[0,0],"132":[0,0],"133":[0,0],"134":[0,0],"135":[0,0],"136":[0,0,0,0,0],"137":[0,0],"138":[0,0],"139":[0,0],"140":[0,0],"141":[0,0],"142":[0,0],"143":[0,0],"144":[0,0],"145":[0,0],"146":[0,0],"147":[0,0],"148":[0,0],"149":[0,0],"150":[0,0],"151":[0,0],"152":[0,0],"153":[0,0],"154":[0,0],"155":[0,0],"156":[0,0],"157":[0,0],"158":[0,0],"159":[0,0],"160":[0,0],"161":[0,0],"162":[0,0],"163":[0,0],"164":[0,0],"165":[1,0],"166":[0,1],"167":[0,82],"168":[81,1],"169":[82,81],"170":[243,162],"171":[243,162],"172":[1140,1059],"173":[1059,0],"174":[93,10,956],"175":[10,0],"176":[0,82],"177":[82,82],"178":[0,0],"179":[1,0],"180":[0,2],"181":[1,0],"182":[1,0],"183":[0,0],"184":[0,0],"185":[0,0],"186":[0,0],"187":[1,0],"188":[1,1],"189":[14,2],"190":[1,13],"191":[1,13],"192":[1,12],"193":[1,11],"194":[1,13],"195":[14,4,4],"196":[1,0,1,0,1],"197":[1,0,1,0,1],"198":[1,0],"199":[1,1,1],"200":[1,1,1,1],"201":[1,0],"202":[0,0],"203":[0,0],"204":[0,0],"205":[0,0],"206":[0,0],"207":[0,0],"208":[0,0],"209":[0,0],"210":[0,0],"211":[0,0],"212":[0,0],"213":[0,0],"214":[0,0],"215":[0,0],"216":[0,0],"217":[0,0],"218":[347,0],"219":[159,2320],"220":[2479,2328,159,159],"221":[159,0],"222":[0,0],"223":[0,0],"224":[0,0],"225":[0,0],"226":[59,418],"227":[0,477],"228":[665,0],"229":[477,0],"230":[477,477],"231":[159,29],"232":[188,188],"233":[1,2],"234":[1,2],"235":[1,2],"236":[3,0],"237":[1,2],"238":[477,477],"239":[477,0],"240":[0,0],"241":[0,0],"242":[477,477],"243":[0,477],"244":[477,477],"245":[0,477],"246":[0,0],"247":[1,1],"248":[2,0],"249":[1,1],"250":[188,188],"251":[159,29],"252":[0,1],"253":[0,1],"254":[0,0],"255":[0,0],"256":[0,0],"257":[0,0],"258":[0,0],"259":[0,0],"260":[0,0],"261":[0,0],"262":[0,0],"263":[0,0],"264":[52,52],"265":[0,52],"266":[52,0],"267":[52,0],"268":[52,52],"269":[0,0],"270":[0,0],"271":[332,0],"272":[332,332],"273":[0,0],"274":[0,0],"275":[0,0],"276":[1,0],"277":[1,1],"278":[1,0],"279":[1,1],"280":[1,0],"281":[34,32],"282":[0,0],"283":[58,0],"284":[58,0],"285":[58,0],"286":[58,23],"287":[0,58],"288":[58,0],"289":[58,58,58,58,58],"290":[0,35],"291":[33,2],"292":[35,35],"293":[33,0],"294":[33,33,33,33],"295":[1,0,1,0,1],"296":[1,0],"297":[1,0],"298":[0,0],"299":[0,0],"300":[332,0],"301":[332,332],"302":[0,0],"303":[0,0]},"f":{"1":1,"2":1,"3":1,"4":1,"5":2,"6":0,"7":0,"8":868,"9":0,"10":0,"11":976,"12":0,"13":0,"14":1,"15":0,"16":0,"17":1,"18":1,"19":693,"20":868,"21":332,"22":59,"23":477,"24":192,"25":1415,"26":0,"27":0,"28":0,"29":0,"30":1,"31":2,"32":1,"33":0,"34":4,"35":1,"36":868,"37":693,"38":192,"39":0,"40":0,"41":1,"42":868,"43":692,"44":2637,"45":2849,"46":0,"47":3376,"48":0,"49":0,"50":1,"51":696,"52":9,"53":0,"54":0,"55":0,"56":0,"57":492,"58":0,"59":0,"60":0,"61":0,"62":0,"63":0,"64":0,"65":0,"66":0,"67":0,"68":0,"69":0,"70":0,"71":0,"72":0,"73":0,"74":1,"75":0,"76":0,"77":0,"78":0,"79":0,"80":0,"81":0,"82":0,"83":0,"84":0,"85":0,"86":0,"87":0,"88":0,"89":1,"90":0,"91":0,"92":0,"93":0,"94":82,"95":0,"96":2,"97":6,"98":0,"99":0,"100":0,"101":0,"102":0,"103":0,"104":0,"105":0,"106":2,"107":1,"108":1,"109":1,"110":1,"111":1,"112":67,"113":0,"114":0,"115":0,"116":0,"117":0,"118":347,"119":0,"120":477,"121":665,"122":477,"123":188,"124":3,"125":477,"126":159,"127":477,"128":0,"129":2,"130":188,"131":1,"132":0,"133":1,"134":0,"135":0,"136":0,"137":0,"138":0,"139":0,"140":52,"141":0,"142":52,"143":34,"144":0,"145":0,"146":34,"147":0,"148":1,"149":332,"150":331,"151":1,"152":332,"153":0,"154":4,"155":665,"156":1,"157":1,"158":1,"159":1,"160":1,"161":1,"162":34,"163":32,"164":0,"165":6,"166":58,"167":24,"168":33,"169":6,"170":58,"171":6,"172":35,"173":2,"174":0,"175":1,"176":332,"177":2,"178":0,"179":0,"180":1},"fnMap":{"1":{"name":"(anonymous_1)","line":8,"loc":{"start":{"line":8,"column":1},"end":{"line":8,"column":28}}},"2":{"name":"(anonymous_2)","line":12,"loc":{"start":{"line":12,"column":9},"end":{"line":12,"column":21}}},"3":{"name":"(anonymous_3)","line":21,"loc":{"start":{"line":21,"column":14},"end":{"line":21,"column":32}}},"4":{"name":"(anonymous_4)","line":28,"loc":{"start":{"line":28,"column":16},"end":{"line":28,"column":28}}},"5":{"name":"Zone","line":29,"loc":{"start":{"line":29,"column":8},"end":{"line":29,"column":40}}},"6":{"name":"(anonymous_6)","line":37,"loc":{"start":{"line":37,"column":33},"end":{"line":37,"column":45}}},"7":{"name":"(anonymous_7)","line":47,"loc":{"start":{"line":47,"column":17},"end":{"line":47,"column":29}}},"8":{"name":"(anonymous_8)","line":58,"loc":{"start":{"line":58,"column":17},"end":{"line":58,"column":29}}},"9":{"name":"(anonymous_9)","line":66,"loc":{"start":{"line":66,"column":17},"end":{"line":66,"column":29}}},"10":{"name":"(anonymous_10)","line":74,"loc":{"start":{"line":74,"column":17},"end":{"line":74,"column":29}}},"11":{"name":"(anonymous_11)","line":82,"loc":{"start":{"line":82,"column":17},"end":{"line":82,"column":29}}},"12":{"name":"(anonymous_12)","line":89,"loc":{"start":{"line":89,"column":29},"end":{"line":89,"column":44}}},"13":{"name":"(anonymous_13)","line":94,"loc":{"start":{"line":94,"column":37},"end":{"line":94,"column":52}}},"14":{"name":"(anonymous_14)","line":104,"loc":{"start":{"line":104,"column":30},"end":{"line":104,"column":50}}},"15":{"name":"(anonymous_15)","line":109,"loc":{"start":{"line":109,"column":30},"end":{"line":109,"column":58}}},"16":{"name":"(anonymous_16)","line":115,"loc":{"start":{"line":115,"column":19},"end":{"line":115,"column":31}}},"17":{"name":"(anonymous_17)","line":119,"loc":{"start":{"line":119,"column":29},"end":{"line":119,"column":79}}},"18":{"name":"(anonymous_18)","line":131,"loc":{"start":{"line":131,"column":36},"end":{"line":131,"column":86}}},"19":{"name":"(anonymous_19)","line":150,"loc":{"start":{"line":150,"column":33},"end":{"line":150,"column":71}}},"20":{"name":"(anonymous_20)","line":191,"loc":{"start":{"line":191,"column":38},"end":{"line":191,"column":54}}},"21":{"name":"(anonymous_21)","line":228,"loc":{"start":{"line":228,"column":43},"end":{"line":228,"column":93}}},"22":{"name":"(anonymous_22)","line":231,"loc":{"start":{"line":231,"column":43},"end":{"line":231,"column":107}}},"23":{"name":"(anonymous_23)","line":234,"loc":{"start":{"line":234,"column":43},"end":{"line":234,"column":107}}},"24":{"name":"(anonymous_24)","line":237,"loc":{"start":{"line":237,"column":36},"end":{"line":237,"column":52}}},"25":{"name":"(anonymous_25)","line":256,"loc":{"start":{"line":256,"column":42},"end":{"line":256,"column":65}}},"26":{"name":"(anonymous_26)","line":270,"loc":{"start":{"line":270,"column":19},"end":{"line":270,"column":64}}},"27":{"name":"(anonymous_27)","line":273,"loc":{"start":{"line":273,"column":24},"end":{"line":273,"column":61}}},"28":{"name":"(anonymous_28)","line":276,"loc":{"start":{"line":276,"column":22},"end":{"line":276,"column":81}}},"29":{"name":"(anonymous_29)","line":277,"loc":{"start":{"line":277,"column":22},"end":{"line":277,"column":59}}},"30":{"name":"(anonymous_30)","line":281,"loc":{"start":{"line":281,"column":24},"end":{"line":281,"column":36}}},"31":{"name":"ZoneDelegate","line":282,"loc":{"start":{"line":282,"column":8},"end":{"line":282,"column":62}}},"32":{"name":"(anonymous_32)","line":353,"loc":{"start":{"line":353,"column":38},"end":{"line":353,"column":70}}},"33":{"name":"(anonymous_33)","line":357,"loc":{"start":{"line":357,"column":43},"end":{"line":357,"column":83}}},"34":{"name":"(anonymous_34)","line":362,"loc":{"start":{"line":362,"column":40},"end":{"line":362,"column":102}}},"35":{"name":"(anonymous_35)","line":367,"loc":{"start":{"line":367,"column":45},"end":{"line":367,"column":74}}},"36":{"name":"(anonymous_36)","line":372,"loc":{"start":{"line":372,"column":46},"end":{"line":372,"column":74}}},"37":{"name":"(anonymous_37)","line":395,"loc":{"start":{"line":395,"column":44},"end":{"line":395,"column":94}}},"38":{"name":"(anonymous_38)","line":400,"loc":{"start":{"line":400,"column":44},"end":{"line":400,"column":72}}},"39":{"name":"(anonymous_39)","line":413,"loc":{"start":{"line":413,"column":41},"end":{"line":413,"column":72}}},"40":{"name":"(anonymous_40)","line":423,"loc":{"start":{"line":423,"column":50},"end":{"line":423,"column":73}}},"41":{"name":"(anonymous_41)","line":443,"loc":{"start":{"line":443,"column":20},"end":{"line":443,"column":32}}},"42":{"name":"ZoneTask","line":444,"loc":{"start":{"line":444,"column":8},"end":{"line":444,"column":81}}},"43":{"name":"(anonymous_43)","line":456,"loc":{"start":{"line":456,"column":26},"end":{"line":456,"column":38}}},"44":{"name":"(anonymous_44)","line":471,"loc":{"start":{"line":471,"column":17},"end":{"line":471,"column":29}}},"45":{"name":"(anonymous_45)","line":478,"loc":{"start":{"line":478,"column":17},"end":{"line":478,"column":29}}},"46":{"name":"(anonymous_46)","line":484,"loc":{"start":{"line":484,"column":51},"end":{"line":484,"column":63}}},"47":{"name":"(anonymous_47)","line":487,"loc":{"start":{"line":487,"column":43},"end":{"line":487,"column":86}}},"48":{"name":"(anonymous_48)","line":500,"loc":{"start":{"line":500,"column":38},"end":{"line":500,"column":50}}},"49":{"name":"(anonymous_49)","line":510,"loc":{"start":{"line":510,"column":36},"end":{"line":510,"column":48}}},"50":{"name":"(anonymous_50)","line":526,"loc":{"start":{"line":526,"column":21},"end":{"line":526,"column":33}}},"51":{"name":"ZoneFrame","line":527,"loc":{"start":{"line":527,"column":8},"end":{"line":527,"column":41}}},"52":{"name":"__symbol__","line":533,"loc":{"start":{"line":533,"column":4},"end":{"line":533,"column":30}}},"53":{"name":"scheduleQueueDrain","line":546,"loc":{"start":{"line":546,"column":4},"end":{"line":546,"column":34}}},"54":{"name":"scheduleMicroTask","line":559,"loc":{"start":{"line":559,"column":4},"end":{"line":559,"column":37}}},"55":{"name":"consoleError","line":563,"loc":{"start":{"line":563,"column":4},"end":{"line":563,"column":29}}},"56":{"name":"handleUnhandledRejection","line":573,"loc":{"start":{"line":573,"column":4},"end":{"line":573,"column":41}}},"57":{"name":"drainMicroTaskQueue","line":584,"loc":{"start":{"line":584,"column":4},"end":{"line":584,"column":35}}},"58":{"name":"(anonymous_58)","line":601,"loc":{"start":{"line":601,"column":30},"end":{"line":601,"column":42}}},"59":{"name":"(anonymous_59)","line":604,"loc":{"start":{"line":604,"column":61},"end":{"line":604,"column":73}}},"60":{"name":"isThenable","line":619,"loc":{"start":{"line":619,"column":4},"end":{"line":619,"column":31}}},"61":{"name":"forwardResolution","line":622,"loc":{"start":{"line":622,"column":4},"end":{"line":622,"column":38}}},"62":{"name":"forwardRejection","line":625,"loc":{"start":{"line":625,"column":4},"end":{"line":625,"column":41}}},"63":{"name":"makeResolver","line":635,"loc":{"start":{"line":635,"column":4},"end":{"line":635,"column":42}}},"64":{"name":"(anonymous_64)","line":636,"loc":{"start":{"line":636,"column":15},"end":{"line":636,"column":28}}},"65":{"name":"(anonymous_65)","line":646,"loc":{"start":{"line":646,"column":15},"end":{"line":646,"column":27}}},"66":{"name":"wrapper","line":648,"loc":{"start":{"line":648,"column":15},"end":{"line":648,"column":49}}},"67":{"name":"(anonymous_67)","line":649,"loc":{"start":{"line":649,"column":19},"end":{"line":649,"column":31}}},"68":{"name":"resolvePromise","line":659,"loc":{"start":{"line":659,"column":4},"end":{"line":659,"column":51}}},"69":{"name":"(anonymous_69)","line":673,"loc":{"start":{"line":673,"column":28},"end":{"line":673,"column":40}}},"70":{"name":"(anonymous_70)","line":692,"loc":{"start":{"line":692,"column":32},"end":{"line":692,"column":44}}},"71":{"name":"clearRejectedNoCatch","line":730,"loc":{"start":{"line":730,"column":4},"end":{"line":730,"column":43}}},"72":{"name":"scheduleResolveOrReject","line":753,"loc":{"start":{"line":753,"column":4},"end":{"line":753,"column":91}}},"73":{"name":"(anonymous_73)","line":758,"loc":{"start":{"line":758,"column":39},"end":{"line":758,"column":51}}},"74":{"name":"(anonymous_74)","line":767,"loc":{"start":{"line":767,"column":28},"end":{"line":767,"column":40}}},"75":{"name":"ZoneAwarePromise","line":768,"loc":{"start":{"line":768,"column":8},"end":{"line":768,"column":44}}},"76":{"name":"(anonymous_76)","line":782,"loc":{"start":{"line":782,"column":36},"end":{"line":782,"column":48}}},"77":{"name":"(anonymous_77)","line":785,"loc":{"start":{"line":785,"column":35},"end":{"line":785,"column":52}}},"78":{"name":"(anonymous_78)","line":788,"loc":{"start":{"line":788,"column":34},"end":{"line":788,"column":51}}},"79":{"name":"(anonymous_79)","line":791,"loc":{"start":{"line":791,"column":32},"end":{"line":791,"column":50}}},"80":{"name":"(anonymous_80)","line":794,"loc":{"start":{"line":794,"column":35},"end":{"line":794,"column":55}}},"81":{"name":"onResolve","line":798,"loc":{"start":{"line":798,"column":12},"end":{"line":798,"column":38}}},"82":{"name":"onReject","line":801,"loc":{"start":{"line":801,"column":12},"end":{"line":801,"column":37}}},"83":{"name":"(anonymous_83)","line":813,"loc":{"start":{"line":813,"column":31},"end":{"line":813,"column":49}}},"84":{"name":"(anonymous_84)","line":816,"loc":{"start":{"line":816,"column":35},"end":{"line":816,"column":55}}},"85":{"name":"(anonymous_85)","line":827,"loc":{"start":{"line":827,"column":28},"end":{"line":827,"column":45}}},"86":{"name":"(anonymous_86)","line":827,"loc":{"start":{"line":827,"column":54},"end":{"line":827,"column":71}}},"87":{"name":"(anonymous_87)","line":840,"loc":{"start":{"line":840,"column":42},"end":{"line":840,"column":77}}},"88":{"name":"(anonymous_88)","line":851,"loc":{"start":{"line":851,"column":43},"end":{"line":851,"column":65}}},"89":{"name":"patchThen","line":865,"loc":{"start":{"line":865,"column":4},"end":{"line":865,"column":29}}},"90":{"name":"(anonymous_90)","line":870,"loc":{"start":{"line":870,"column":30},"end":{"line":870,"column":61}}},"91":{"name":"(anonymous_91)","line":872,"loc":{"start":{"line":872,"column":47},"end":{"line":872,"column":74}}},"92":{"name":"zoneify","line":879,"loc":{"start":{"line":879,"column":4},"end":{"line":879,"column":25}}},"93":{"name":"(anonymous_93)","line":880,"loc":{"start":{"line":880,"column":15},"end":{"line":880,"column":27}}},"94":{"name":"ZoneAwareError","line":914,"loc":{"start":{"line":914,"column":4},"end":{"line":914,"column":30}}},"95":{"name":"(anonymous_95)","line":974,"loc":{"start":{"line":974,"column":66},"end":{"line":974,"column":81}}},"96":{"name":"(anonymous_96)","line":997,"loc":{"start":{"line":997,"column":38},"end":{"line":997,"column":54}}},"97":{"name":"(anonymous_97)","line":998,"loc":{"start":{"line":998,"column":44},"end":{"line":998,"column":58}}},"98":{"name":"(anonymous_98)","line":1000,"loc":{"start":{"line":1000,"column":25},"end":{"line":1000,"column":37}}},"99":{"name":"(anonymous_99)","line":1003,"loc":{"start":{"line":1003,"column":25},"end":{"line":1003,"column":42}}},"100":{"name":"(anonymous_100)","line":1015,"loc":{"start":{"line":1015,"column":17},"end":{"line":1015,"column":29}}},"101":{"name":"(anonymous_101)","line":1018,"loc":{"start":{"line":1018,"column":17},"end":{"line":1018,"column":34}}},"102":{"name":"zoneCaptureStackTrace","line":1027,"loc":{"start":{"line":1027,"column":19},"end":{"line":1027,"column":80}}},"103":{"name":"(anonymous_103)","line":1033,"loc":{"start":{"line":1033,"column":13},"end":{"line":1033,"column":25}}},"104":{"name":"(anonymous_104)","line":1036,"loc":{"start":{"line":1036,"column":13},"end":{"line":1036,"column":30}}},"105":{"name":"(anonymous_105)","line":1040,"loc":{"start":{"line":1040,"column":51},"end":{"line":1040,"column":90}}},"106":{"name":"(anonymous_106)","line":1062,"loc":{"start":{"line":1062,"column":18},"end":{"line":1062,"column":113}}},"107":{"name":"(anonymous_107)","line":1066,"loc":{"start":{"line":1066,"column":23},"end":{"line":1066,"column":67}}},"108":{"name":"(anonymous_108)","line":1117,"loc":{"start":{"line":1117,"column":22},"end":{"line":1117,"column":34}}},"109":{"name":"(anonymous_109)","line":1118,"loc":{"start":{"line":1118,"column":23},"end":{"line":1118,"column":35}}},"110":{"name":"(anonymous_110)","line":1119,"loc":{"start":{"line":1119,"column":34},"end":{"line":1119,"column":46}}},"111":{"name":"(anonymous_111)","line":1125,"loc":{"start":{"line":1125,"column":81},"end":{"line":1125,"column":93}}},"112":{"name":"(anonymous_112)","line":1141,"loc":{"start":{"line":1141,"column":17},"end":{"line":1141,"column":30}}},"113":{"name":"patchProperty","line":1153,"loc":{"start":{"line":1153,"column":0},"end":{"line":1153,"column":34}}},"114":{"name":"(anonymous_114)","line":1169,"loc":{"start":{"line":1169,"column":15},"end":{"line":1169,"column":29}}},"115":{"name":"(anonymous_115)","line":1174,"loc":{"start":{"line":1174,"column":25},"end":{"line":1174,"column":42}}},"116":{"name":"(anonymous_116)","line":1191,"loc":{"start":{"line":1191,"column":15},"end":{"line":1191,"column":27}}},"117":{"name":"patchOnProperties","line":1215,"loc":{"start":{"line":1215,"column":0},"end":{"line":1215,"column":44}}},"118":{"name":"findExistingRegisteredTask","line":1236,"loc":{"start":{"line":1236,"column":0},"end":{"line":1236,"column":76}}},"119":{"name":"findAllExistingRegisteredTasks","line":1254,"loc":{"start":{"line":1254,"column":0},"end":{"line":1254,"column":71}}},"120":{"name":"attachRegisteredEvent","line":1272,"loc":{"start":{"line":1272,"column":0},"end":{"line":1272,"column":61}}},"121":{"name":"(anonymous_121)","line":1284,"loc":{"start":{"line":1284,"column":33},"end":{"line":1284,"column":55}}},"122":{"name":"(anonymous_122)","line":1291,"loc":{"start":{"line":1291,"column":23},"end":{"line":1291,"column":56}}},"123":{"name":"(anonymous_123)","line":1299,"loc":{"start":{"line":1299,"column":26},"end":{"line":1299,"column":62}}},"124":{"name":"makeZoneAwareAddListener","line":1309,"loc":{"start":{"line":1309,"column":0},"end":{"line":1309,"column":119}}},"125":{"name":"scheduleEventListener","line":1317,"loc":{"start":{"line":1317,"column":4},"end":{"line":1317,"column":46}}},"126":{"name":"cancelEventListener","line":1322,"loc":{"start":{"line":1322,"column":4},"end":{"line":1322,"column":44}}},"127":{"name":"zoneAwareAddListener","line":1327,"loc":{"start":{"line":1327,"column":11},"end":{"line":1327,"column":53}}},"128":{"name":"(anonymous_128)","line":1338,"loc":{"start":{"line":1338,"column":23},"end":{"line":1338,"column":40}}},"129":{"name":"makeZoneAwareRemoveListener","line":1368,"loc":{"start":{"line":1368,"column":0},"end":{"line":1368,"column":77}}},"130":{"name":"zoneAwareRemoveListener","line":1373,"loc":{"start":{"line":1373,"column":11},"end":{"line":1373,"column":56}}},"131":{"name":"makeZoneAwareRemoveAllListeners","line":1388,"loc":{"start":{"line":1388,"column":0},"end":{"line":1388,"column":68}}},"132":{"name":"zoneAwareRemoveAllListener","line":1392,"loc":{"start":{"line":1392,"column":11},"end":{"line":1392,"column":59}}},"133":{"name":"makeZoneAwareListeners","line":1413,"loc":{"start":{"line":1413,"column":0},"end":{"line":1413,"column":40}}},"134":{"name":"zoneAwareEventListeners","line":1415,"loc":{"start":{"line":1415,"column":11},"end":{"line":1415,"column":56}}},"135":{"name":"(anonymous_135)","line":1422,"loc":{"start":{"line":1422,"column":20},"end":{"line":1422,"column":36}}},"136":{"name":"(anonymous_136)","line":1423,"loc":{"start":{"line":1423,"column":17},"end":{"line":1423,"column":33}}},"137":{"name":"patchEventTargetMethods","line":1428,"loc":{"start":{"line":1428,"column":0},"end":{"line":1428,"column":76}}},"138":{"name":"(anonymous_138)","line":1433,"loc":{"start":{"line":1433,"column":36},"end":{"line":1433,"column":48}}},"139":{"name":"(anonymous_139)","line":1434,"loc":{"start":{"line":1434,"column":39},"end":{"line":1434,"column":51}}},"140":{"name":"createNamedFn","line":1444,"loc":{"start":{"line":1444,"column":0},"end":{"line":1444,"column":39}}},"141":{"name":"(anonymous_141)","line":1450,"loc":{"start":{"lin
[...]
self, args) {","        var meta = metaCreator(self, args);","        if (meta.callbackIndex >= 0 && typeof args[meta.callbackIndex] === 'function') {","            var task = Zone.current.scheduleMacroTask(meta.name, args[meta.callbackIndex], meta, scheduleTask, null);","            return task;","        }","        else {","            // cause an error by calling it directly.","            return delegate.apply(self, args);","        }","    }; });","}","function patchMicroTask(obj, funcName, metaCreator) {","    var setNative = null;","    function scheduleTask(task) {","        var data = task.data;","        data.args[data.callbackIndex] = function () {","            task.invoke.apply(this, arguments);","        };","        setNative.apply(data.target, data.args);","        return task;","    }","    setNative = patchMethod(obj, funcName, function (delegate) { return function (self, args) {","        var meta = metaCreator(self, args);","        if (meta.callbackIndex >= 0 && typeof args[meta.callbackIndex] === 'function') {","            var task = Zone.current.scheduleMicroTask(meta.name, args[meta.callbackIndex], meta, scheduleTask);","            return task;","        }","        else {","            // cause an error by calling it directly.","            return delegate.apply(self, args);","        }","    }; });","}","function findEventTask(target, evtName) {","    var eventTasks = target[zoneSymbol('eventTasks')];","    var result = [];","    if (eventTasks) {","        for (var i = 0; i < eventTasks.length; i++) {","            var eventTask = eventTasks[i];","            var data = eventTask.data;","            var eventName = data && data.eventName;","            if (eventName === evtName) {","                result.push(eventTask);","            }","        }","    }","    return result;","}","Zone[zoneSymbol('patchEventTargetMethods')] = patchEventTargetMethods;","Zone[zoneSymbol('patchOnProperties')] = patchOnProperties;","","/**"," * @license"," * Copyright Google Inc. All Rights Reserved."," *"," * Use of this source code is governed by an MIT-style license that can be"," * found in the LICENSE file at https://angular.io/license"," */","var callAndReturnFirstParam = function (fn) {","    return function (self, args) {","        fn(self, args);","        return self;","    };","};","// For EventEmitter","var EE_ADD_LISTENER = 'addListener';","var EE_PREPEND_LISTENER = 'prependListener';","var EE_REMOVE_LISTENER = 'removeListener';","var EE_REMOVE_ALL_LISTENER = 'removeAllListeners';","var EE_LISTENERS = 'listeners';","var EE_ON = 'on';","var zoneAwareAddListener = callAndReturnFirstParam(makeZoneAwareAddListener(EE_ADD_LISTENER, EE_REMOVE_LISTENER, false, true, false));","var zoneAwarePrependListener = callAndReturnFirstParam(makeZoneAwareAddListener(EE_PREPEND_LISTENER, EE_REMOVE_LISTENER, false, true, true));","var zoneAwareRemoveListener = callAndReturnFirstParam(makeZoneAwareRemoveListener(EE_REMOVE_LISTENER, false));","var zoneAwareRemoveAllListeners = callAndReturnFirstParam(makeZoneAwareRemoveAllListeners(EE_REMOVE_ALL_LISTENER, false));","var zoneAwareListeners = makeZoneAwareListeners(EE_LISTENERS);","function patchEventEmitterMethods(obj) {","    if (obj && obj.addListener) {","        patchMethod(obj, EE_ADD_LISTENER, function () { return zoneAwareAddListener; });","        patchMethod(obj, EE_PREPEND_LISTENER, function () { return zoneAwarePrependListener; });","        patchMethod(obj, EE_REMOVE_LISTENER, function () { return zoneAwareRemoveListener; });","        patchMethod(obj, EE_REMOVE_ALL_LISTENER, function () { return zoneAwareRemoveAllListeners; });","        patchMethod(obj, EE_LISTENERS, function () { return zoneAwareListeners; });","        obj[EE_ON] = obj[EE_ADD_LISTENER];","        return true;","    }","    else {","        return false;","    }","}","// EventEmitter","var events;","try {","    events = require('events');","}","catch (err) {","}","if (events && events.EventEmitter) {","    patchEventEmitterMethods(events.EventEmitter.prototype);","}","","/**"," * @license"," * Copyright Google Inc. All Rights Reserved."," *"," * Use of this source code is governed by an MIT-style license that can be"," * found in the LICENSE file at https://angular.io/license"," */","var fs;","try {","    fs = require('fs');","}","catch (err) {","}","// watch, watchFile, unwatchFile has been patched","// because EventEmitter has been patched","var TO_PATCH_MACROTASK_METHODS = [","    'access', 'appendFile', 'chmod', 'chown', 'close', 'exists', 'fchmod',","    'fchown', 'fdatasync', 'fstat', 'fsync', 'ftruncate', 'futimes', 'lchmod',","    'lchown', 'link', 'lstat', 'mkdir', 'mkdtemp', 'open', 'read',","    'readdir', 'readFile', 'readlink', 'realpath', 'rename', 'rmdir', 'stat',","    'symlink', 'truncate', 'unlink', 'utimes', 'write', 'writeFile',","];","if (fs) {","    TO_PATCH_MACROTASK_METHODS.filter(function (name) { return !!fs[name] && typeof fs[name] === 'function'; })","        .forEach(function (name) {","        patchMacroTask(fs, name, function (self, args) {","            return {","                name: 'fs.' + name,","                args: args,","                callbackIndex: args.length > 0 ? args.length - 1 : -1,","                target: self","            };","        });","    });","}","","/**"," * @license"," * Copyright Google Inc. All Rights Reserved."," *"," * Use of this source code is governed by an MIT-style license that can be"," * found in the LICENSE file at https://angular.io/license"," */","function patchTimer(window, setName, cancelName, nameSuffix) {","    var setNative = null;","    var clearNative = null;","    setName += nameSuffix;","    cancelName += nameSuffix;","    var tasksByHandleId = {};","    function scheduleTask(task) {","        var data = task.data;","        function timer() {","            try {","                task.invoke.apply(this, arguments);","            }","            finally {","                delete tasksByHandleId[data.handleId];","            }","        }","        ","        data.args[0] = timer;","        data.handleId = setNative.apply(window, data.args);","        tasksByHandleId[data.handleId] = task;","        return task;","    }","    function clearTask(task) {","        delete tasksByHandleId[task.data.handleId];","        return clearNative(task.data.handleId);","    }","    setNative =","        patchMethod(window, setName, function (delegate) { return function (self, args) {","            if (typeof args[0] === 'function') {","                var zone = Zone.current;","                var options = {","                    handleId: null,","                    isPeriodic: nameSuffix === 'Interval',","                    delay: (nameSuffix === 'Timeout' || nameSuffix === 'Interval') ? args[1] || 0 : null,","                    args: args","                };","                var task = zone.scheduleMacroTask(setName, args[0], options, scheduleTask, clearTask);","                if (!task) {","                    return task;","                }","                // Node.js must additionally support the ref and unref functions.","                var handle = task.data.handleId;","                // check whether handle is null, because some polyfill or browser","                // may return undefined from setTimeout/setInterval/setImmediate/requestAnimationFrame","                if (handle && handle.ref && handle.unref && typeof handle.ref === 'function' &&","                    typeof handle.unref === 'function') {","                    task.ref = handle.ref.bind(handle);","                    task.unref = handle.unref.bind(handle);","                }","                return task;","            }","            else {","                // cause an error by calling it directly.","                return delegate.apply(window, args);","            }","        }; });","    clearNative =","        patchMethod(window, cancelName, function (delegate) { return function (self, args) {","            var task = typeof args[0] === 'number' ? tasksByHandleId[args[0]] : args[0];","            if (task && typeof task.type === 'string') {","                if (task.state !== 'notScheduled' &&","                    (task.cancelFn && task.data.isPeriodic || task.runCount === 0)) {","                    // Do not cancel already canceled functions","                    task.zone.cancelTask(task);","                }","            }","            else {","                // cause an error by calling it directly.","                delegate.apply(window, args);","            }","        }; });","}","","/**"," * @license"," * Copyright Google Inc. All Rights Reserved."," *"," * Use of this source code is governed by an MIT-style license that can be"," * found in the LICENSE file at https://angular.io/license"," */","var set = 'set';","var clear = 'clear';","var _global = typeof window === 'object' && window || typeof self === 'object' && self || global;","// Timers","var timers = require('timers');","patchTimer(timers, set, clear, 'Timeout');","patchTimer(timers, set, clear, 'Interval');","patchTimer(timers, set, clear, 'Immediate');","var shouldPatchGlobalTimers = global.setTimeout !== timers.setTimeout;","if (shouldPatchGlobalTimers) {","    patchTimer(_global, set, clear, 'Timeout');","    patchTimer(_global, set, clear, 'Interval');","    patchTimer(_global, set, clear, 'Immediate');","}","// patch process related methods","patchProcess();","handleUnhandledPromiseRejection();","// Crypto","var crypto;","try {","    crypto = require('crypto');","}","catch (err) {","}","// use the generic patchMacroTask to patch crypto","if (crypto) {","    var methodNames = ['randomBytes', 'pbkdf2'];","    methodNames.forEach(function (name) {","        patchMacroTask(crypto, name, function (self, args) {","            return {","                name: 'crypto.' + name,","                args: args,","                callbackIndex: (args.length > 0 && typeof args[args.length - 1] === 'function') ? args.length - 1 : -1,","                target: crypto","            };","        });","    });","}","function patchProcess() {","    // patch nextTick as microTask","    patchMicroTask(process, 'nextTick', function (self, args) {","        return {","            name: 'process.nextTick',","            args: args,","            callbackIndex: (args.length > 0 && typeof args[0] === 'function') ? 0 : -1,","            target: process","        };","    });","}","// handle unhandled promise rejection","function findProcessPromiseRejectionHandler(evtName) {","    return function (e) {","        var eventTasks = findEventTask(process, evtName);","        eventTasks.forEach(function (eventTask) {","            // process has added unhandledrejection event listener","            // trigger the event listener","            if (evtName === 'unhandledRejection') {","                eventTask.invoke(e.rejection, e.promise);","            }","            else if (evtName === 'rejectionHandled') {","                eventTask.invoke(e.promise);","            }","        });","    };","}","function handleUnhandledPromiseRejection() {","    Zone[zoneSymbol('unhandledPromiseRejectionHandler')] =","        findProcessPromiseRejectionHandler('unhandledRejection');","    Zone[zoneSymbol('rejectionHandledHandler')] =","        findProcessPromiseRejectionHandler('rejectionHandled');","}","","})));",""],"l":{"8":1,"9":1,"21":1,"22":1,"23":0,"25":1,"26":1,"27":1,"28":1,"29":1,"30":2,"31":2,"32":2,"33":2,"34":2,"37":1,"38":0,"39":0,"46":1,"48":0,"49":0,"50":0,"52":0,"57":1,"59":868,"65":1,"67":0,"73":1,"75":0,"81":1,"83":976,"89":1,"90":0,"91":0,"92":0,"94":1,"95":0,"96":0,"97":0,"98":0,"100":0,"102":0,"104":1,"105":1,"106":0,"107":1,"109":1,"110":0,"111":0,"113":0,"114":0,"115":0,"116":0,"119":1,"120":1,"121":1,"122":1,"123":1,"124":1,"125":1,"128":1,"131":1,"132":1,"133":1,"134":1,"135":1,"136":1,"137":1,"138":1,"141":1,"142":0,"147":1,"150":1,"151":693,"152":0,"154":693,"155":693,"156":693,"157":693,"158":693,"159":693,"160":693,"161":693,"162":24,"164":693,"165":693,"168":0,"169":0,"176":692,"177":563,"178":208,"181":355,"182":355,"183":355,"187":692,"188":692,"191":1,"192":868,"195":0,"196":0,"197":0,"198":0,"201":0,"204":868,"205":868,"206":868,"207":868,"208":868,"209":868,"214":0,"216":0,"217":0,"219":868,"221":868,"223":868,"224":868,"226":868,"228":1,"229":332,"231":1,"232":59,"234":1,"235":477,"237":1,"238":192,"239":0,"241":192,"242":192,"243":192,"247":0,"248":0,"249":0,"251":192,"252":192,"253":192,"254":192,"256":1,"257":1415,"258":1415,"259":547,"261":1415,"262":0,"265":1,"267":1,"268":1,"271":0,"274":0,"276":0,"278":0,"281":1,"282":1,"283":2,"284":2,"285":2,"286":2,"287":2,"288":2,"289":2,"291":2,"293":2,"295":2,"296":2,"298":2,"299":2,"301":2,"303":2,"305":2,"307":2,"309":2,"311":2,"313":2,"315":2,"317":2,"319":2,"321":2,"323":2,"324":2,"325":2,"326":2,"327":2,"328":2,"329":2,"332":0,"333":0,"334":0,"335":0,"336":0,"337":0,"338":0,"339":0,"341":0,"342":0,"343":0,"344":0,"346":0,"347":0,"348":0,"349":0,"353":1,"354":1,"357":1,"358":0,"362":1,"363":4,"367":1,"368":1,"372":1,"373":868,"374":868,"375":0,"376":0,"378":0,"379":0,"380":0,"383":868,"384":868,"386":0,"387":0,"390":0,"393":868,"395":1,"396":693,"400":1,"401":192,"402":192,"403":0,"406":192,"407":0,"409":192,"411":192,"413":1,"416":0,"417":0,"423":1,"424":0,"425":0,"426":0,"427":0,"428":0,"430":0,"431":0,"438":0,"441":1,"443":1,"444":1,"445":868,"446":868,"447":868,"448":868,"449":868,"450":868,"451":868,"452":868,"453":868,"454":868,"455":868,"456":868,"457":692,"458":692,"459":692,"460":692,"463":691,"464":492,"466":691,"470":1,"472":2637,"477":1,"479":2849,"484":1,"485":0,"487":1,"488":3376,"489":3376,"490":3376,"491":547,"495":0,"500":1,"501":0,"502":0,"505":0,"510":1,"511":0,"524":1,"526":1,"527":1,"528":696,"529":696,"531":1,"533":1,"534":9,"537":1,"538":1,"539":1,"540":1,"541":1,"542":1,"543":1,"544":1,"545":1,"546":1,"549":0,"551":0,"552":0,"555":0,"559":1,"560":0,"561":0,"563":1,"564":0,"565":0,"567":0,"568":0,"569":0,"571":0,"573":1,"574":0,"575":0,"576":0,"577":0,"578":0,"584":1,"585":492,"586":492,"587":492,"588":0,"589":0,"590":0,"591":0,"592":0,"593":0,"596":0,"600":492,"601":0,"602":0,"603":0,"604":0,"605":0,"609":0,"612":0,"613":0,"616":492,"619":1,"620":0,"622":1,"623":0,"625":1,"626":0,"628":1,"629":1,"630":1,"631":1,"632":1,"633":1,"634":1,"635":1,"636":0,"637":0,"638":0,"641":0,"646":1,"647":0,"648":0,"649":0,"650":0,"651":0,"653":0,"654":0,"659":1,"660":0,"661":0,"662":0,"664":0,"666":0,"667":0,"668":0,"669":0,"673":0,"674":0,"676":0,"679":0,"682":0,"683":0,"685":0,"686":0,"687":0,"692":0,"693":0,"698":0,"699":0,"700":0,"703":0,"704":0,"706":0,"707":0,"709":0,"710":0,"711":0,"712":0,"716":0,"717":0,"718":0,"719":0,"720":0,"721":0,"722":0,"728":0,"730":1,"731":0,"737":0,"738":0,"739":0,"740":0,"745":0,"746":0,"747":0,"748":0,"753":1,"754":0,"755":0,"758":0,"759":0,"760":0,"763":0,"767":1,"768":1,"769":0,"770":0,"771":0,"773":0,"774":0,"775":0,"776":0,"779":0,"782":1,"783":0,"785":1,"786":0,"788":1,"789":0,"791":1,"792":0,"793":0,"794":0,"795":0,"796":0,"798":1,"799":0,"801":1,"802":0,"804":0,"805":0,"806":0,"807":0,"809":0,"811":0,"813":1,"814":0,"815":0,"816":0,"817":0,"818":0,"820":0,"821":0,"822":0,"823":0,"824":0,"825":0,"827":0,"828":0,"829":0,"830":0,"831":0,"834":0,"836":0,"837":0,"838":0,"840":1,"841":0,"842":0,"843":0,"844":0,"847":0,"849":0,"851":1,"852":0,"854":1,"858":1,"859":1,"860":1,"861":1,"862":1,"863":1,"864":1,"865":1,"866":1,"867":1,"869":1,"870":1,"871":0,"872":0,"873":0,"875":0,"877":1,"879":1,"880":0,"881":0,"882":0,"883":0,"885":0,"886":0,"887":0,"889":0,"892":1,"893":1,"894":1,"895":1,"896":0,"900":1,"901":1,"902":1,"904":1,"906":1,"907":1,"908":1,"909":1,"914":1,"915":82,"917":82,"918":82,"922":0,"923":0,"926":0,"930":82,"932":82,"933":81,"934":81,"935":81,"937":81,"939":162,"941":81,"942":1059,"943":1059,"944":1059,"946":93,"947":93,"948":93,"950":10,"952":10,"953":10,"956":0,"958":10,"960":956,"964":81,"965":81,"971":82,"974":0,"975":0,"976":0,"977":0,"984":0,"986":82,"989":1,"990":1,"991":1,"993":1,"995":1,"996":1,"997":1,"998":6,"999":0,"1001":0,"1004":0,"1010":1,"1012":1,"1014":1,"1016":0,"1019":0,"1023":1,"1024":1,"1028":0,"1032":1,"1034":0,"1037":0,"1038":0,"1040":0,"1042":0,"1043":0,"1044":0,"1046":0,"1047":0,"1048":0,"1052":0,"1060":1,"1064":2,"1067":1,"1068":1,"1069":1,"1070":1,"1071":16,"1075":16,"1082":14,"1083":14,"1084":14,"1085":1,"1086":1,"1087":1,"1089":14,"1090":1,"1092":13,"1093":1,"1095":12,"1096":1,"1099":11,"1101":14,"1103":14,"1104":1,"1105":1,"1110":1,"1117":1,"1118":1,"1119":1,"1120":1,"1125":1,"1126":1,"1141":67,"1142":1,"1145":1,"1146":1,"1150":1,"1153":1,"1154":0,"1155":0,"1156":0,"1157":0,"1164":0,"1165":0,"1167":0,"1168":0,"1169":0,"1170":0,"1171":0,"1173":0,"1174":0,"1175":0,"1176":0,"1177":0,"1178":0,"1180":0,"1182":0,"1183":0,"1186":0,"1191":0,"1192":0,"1199":0,"1200":0,"1201":0,"1202":0,"1203":0,"1204":0,"1205":0,"1210":0,"1212":0,"1215":1,"1216":0,"1217":0,"1218":0,"1219":0,"1222":0,"1223":0,"1225":0,"1226":0,"1227":0,"1232":1,"1234":1,"1235":1,"1236":1,"1237":347,"1238":347,"1239":347,"1240":2479,"1241":2479,"1242":2479,"1243":2479,"1245":159,"1246":159,"1248":159,"1252":188,"1254":1,"1255":0,"1256":0,"1257":0,"1258":0,"1259":0,"1260":0,"1261":0,"1262":0,"1263":0,"1264":0,"1268":0,"1270":0,"1272":1,"1273":477,"1274":477,"1275":59,"1277":477,"1278":0,"1281":477,"1284":1,"1285":665,"1292":477,"1293":477,"1296":0,"1300":188,"1301":159,"1304":29,"1309":1,"1310":3,"1311":3,"1312":3,"1313":3,"1314":3,"1315":3,"1316":3,"1317":1,"1318":477,"1319":477,"1320":477,"1322":1,"1323":159,"1324":159,"1325":159,"1327":3,"1328":477,"1329":477,"1333":477,"1334":477,"1335":477,"1337":0,"1338":0,"1340":477,"1341":477,"1345":477,"1349":0,"1353":477,"1354":0,"1356":477,"1357":0,"1358":0,"1360":0,"1363":477,"1364":477,"1365":477,"1368":1,"1369":2,"1370":2,"1371":2,"1372":2,"1373":2,"1374":188,"1375":188,"1379":188,"1380":188,"1381":159,"1384":29,"1388":1,"1389":1,"1390":1,"1391":1,"1392":1,"1393":0,"1394":0,"1396":0,"1399":0,"1400":0,"1402":0,"1403":0,"1405":0,"1410":0,"1413":1,"1414":1,"1415":1,"1416":0,"1417":0,"1418":0,"1419":0,"1421":0,"1422":0,"1423":0,"1426":1,"1427":1,"1428":1,"1429":0,"1430":0,"1431":0,"1432":0,"1433":0,"1434":0,"1435":0,"1438":0,"1444":1,"1445":52,"1446":52,"1450":0,"1451":0,"1455":1,"1456":52,"1457":52,"1458":0,"1460":52,"1462":0,"1464":52,"1465":52,"1466":52,"1467":52,"1468":52,"1470":52,"1473":1,"1474":34,"1475":1,"1476":0,"1477":0,"1478":0,"1480":0,"1481":0,"1483":34,"1484":0,"1485":0,"1486":0,"1487":0,"1491":0,"1495":1,"1496":1,"1497":1,"1498":332,"1499":332,"1500":331,"1502":332,"1503":332,"1505":1,"1506":332,"1507":332,"1508":332,"1509":332,"1513":0,"1517":1,"1518":0,"1519":0,"1520":0,"1521":0,"1522":0,"1523":0,"1524":0,"1525":0,"1526":0,"1530":0,"1532":1,"1533":1,"1542":1,"1543":4,"1544":665,"1545":665,"1549":1,"1550":1,"1551":1,"1552":1,"1553":1,"1554":1,"1555":1,"1556":1,"1557":1,"1558":1,"1559":1,"1560":1,"1561":1,"1562":1,"1563":1,"1564":1,"1565":1,"1566":1,"1567":1,"1568":1,"1571":0,"1575":1,"1576":1,"1577":1,"1581":1,"1582":1,"1592":1,"1593":1,"1594":1,"1600":1,"1607":1,"1608":34,"1610":32,"1611":0,"1628":1,"1629":6,"1630":6,"1631":6,"1632":6,"1633":6,"1634":1,"1635":58,"1636":1,"1637":24,"1638":24,"1641":23,"1645":58,"1646":58,"1647":58,"1648":58,"1650":1,"1651":33,"1652":33,"1654":6,"1655":6,"1656":58,"1657":58,"1658":58,"1664":58,"1665":58,"1666":0,"1669":58,"1672":58,"1674":58,"1675":58,"1677":58,"1681":0,"1684":6,"1685":6,"1686":35,"1687":35,"1688":33,"1691":33,"1696":2,"1708":1,"1709":1,"1710":1,"1712":1,"1713":1,"1714":1,"1715":1,"1716":1,"1717":1,"1718":1,"1719":1,"1720":1,"1723":1,"1724":1,"1726":1,"1727":1,"1728":1,"1733":1,"1734":1,"1735":1,"1736":2,"1737":0,"1746":1,"1748":1,"1749":332,"1758":1,"1759":2,"1760":0,"1761":0,"1764":0,"1765":0,"1767":0,"1768":0,"1773":1,"1774":1,"1776":1}}}