{"/home/travis/build/npmtest/node-npmtest-zone.js/test.js":{"path":"/home/travis/build/npmtest/node-npmtest-zone.js/test.js","s":{"1":2,"2":2,"3":2,"4":2,"5":2,"6":2,"7":2,"8":1,"9":2,"10":2,"11":1,"12":1,"13":1,"14":1,"15":2,"16":2,"17":2,"18":2,"19":1,"20":1,"21":2,"22":2,"23":2,"24":1,"25":1,"26":1,"27":1,"28":1,"29":1,"30":1,"31":1,"32":1,"33":1,"34":1,"35":1,"36":1,"37":1,"38":1,"39":2,"40":2,"41":1,"42":2,"43":2,"44":1,"45":2,"46":2,"47":1,"48":2,"49":2,"50":1,"51":1,"52":1,"53":1,"54":1},"b":{"1":[2,1,1,1],"2":[1,1,1,1],"3":[1,1],"4":[1,1],"5":[1,1],"6":[1,1],"7":[1,1],"8":[1,1],"9":[1,1],"10":[1,1,1],"11":[1,1],"12":[1,1],"13":[1,1],"14":[1,1],"15":[1,1],"16":[1,1],"17":[1,1]},"f":{"1":2,"2":2,"3":2,"4":2,"5":2,"6":1,"7":1,"8":1,"9":2,"10":2,"11":2,"12":2,"13":1},"fnMap":{"1":{"name":"(anonymous_1)","line":12,"loc":{"start":{"line":12,"column":1},"end":{"line":12,"column":13}}},"2":{"name":"(anonymous_2)","line":19,"loc":{"start":{"line":19,"column":5},"end":{"line":19,"column":17}}},"3":{"name":"(anonymous_3)","line":23,"loc":{"start":{"line":23,"column":24},"end":{"line":23,"column":36}}},"4":{"name":"(anonymous_4)","line":61,"loc":{"start":{"line":61,"column":5},"end":{"line":61,"column":17}}},"5":{"name":"(anonymous_5)","line":82,"loc":{"start":{"line":82,"column":5},"end":{"line":82,"column":17}}},"6":{"name":"(anonymous_6)","line":91,"loc":{"start":{"line":91,"column":77},"end":{"line":94,"column":10}}},"7":{"name":"(anonymous_7)","line":112,"loc":{"start":{"line":112,"column":83},"end":{"line":115,"column":10}},"skip":true},"8":{"name":"(anonymous_8)","line":123,"loc":{"start":{"line":123,"column":77},"end":{"line":126,"column":10}},"skip":true},"9":{"name":"(anonymous_9)","line":139,"loc":{"start":{"line":139,"column":12},"end":{"line":139,"column":40}},"skip":true},"10":{"name":"(anonymous_10)","line":147,"loc":{"start":{"line":147,"column":77},"end":{"line":150,"column":10}},"skip":true},"11":{"name":"(anonymous_11)","line":158,"loc":{"start":{"line":158,"column":83},"end":{"line":161,"column":10}},"skip":true},"12":{"name":"(anonymous_12)","line":169,"loc":{"start":{"line":169,"column":79},"end":{"line":172,"column":10}},"skip":true},"13":{"name":"(anonymous_13)","line":180,"loc":{"start":{"line":180,"column":75},"end":{"line":183,"column":10}},"skip":true}},"statementMap":{"1":{"start":{"line":12,"column":0},"end":{"line":195,"column":5}},"2":{"start":{"line":14,"column":4},"end":{"line":14,"column":14}},"3":{"start":{"line":19,"column":4},"end":{"line":56,"column":9}},"4":{"start":{"line":21,"column":8},"end":{"line":21,"column":19}},"5":{"start":{"line":23,"column":8},"end":{"line":35,"column":13}},"6":{"start":{"line":24,"column":12},"end":{"line":34,"column":13}},"7":{"start":{"line":25,"column":16},"end":{"line":28,"column":30}},"8":{"start":{"line":30,"column":16},"end":{"line":33,"column":27}},"9":{"start":{"line":37,"column":8},"end":{"line":39,"column":21}},"10":{"start":{"line":40,"column":8},"end":{"line":53,"column":9}},"11":{"start":{"line":43,"column":12},"end":{"line":46,"column":14}},"12":{"start":{"line":47,"column":12},"end":{"line":47,"column":18}},"13":{"start":{"line":50,"column":12},"end":{"line":51,"column":33}},"14":{"start":{"line":52,"column":12},"end":{"line":52,"column":18}},"15":{"start":{"line":55,"column":8},"end":{"line":55,"column":35}},"16":{"start":{"line":61,"column":4},"end":{"line":63,"column":9}},"17":{"start":{"line":62,"column":8},"end":{"line":62,"column":15}},"18":{"start":{"line":64,"column":4},"end":{"line":77,"column":5}},"19":{"start":{"line":70,"column":8},"end":{"line":70,"column":14}},"20":{"start":{"line":76,"column":8},"end":{"line":76,"column":14}},"21":{"start":{"line":82,"column":4},"end":{"line":84,"column":9}},"22":{"start":{"line":83,"column":8},"end":{"line":83,"column":15}},"23":{"start":{"line":85,"column":4},"end":{"line":194,"column":5}},"24":{"start":{"line":91,"column":8},"end":{"line":99,"column":10}},"25":{"start":{"line":98,"column":12},"end":{"line":98,"column":35}},"26":{"start":{"line":102,"column":8},"end":{"line":104,"column":63}},"27":{"start":{"line":105,"column":8},"end":{"line":105,"column":14}},"28":{"start":{"line":112,"column":8},"end":{"line":121,"column":10},"skip":true},"29":{"start":{"line":119,"column":12},"end":{"line":119,"column":55},"skip":true},"30":{"start":{"line":120,"column":12},"end":{"line":120,"column":48},"skip":true},"31":{"start":{"line":123,"column":8},"end":{"line":136,"column":10},"skip":true},"32":{"start":{"line":130,"column":12},"end":{"line":130,"column":76},"skip":true},"33":{"start":{"line":131,"column":12},"end":{"line":131,"column":73},"skip":true},"34":{"start":{"line":132,"column":12},"end":{"line":132,"column":74},"skip":true},"35":{"start":{"line":133,"column":12},"end":{"line":133,"column":79},"skip":true},"36":{"start":{"line":134,"column":12},"end":{"line":134,"column":25},"skip":true},"37":{"start":{"line":135,"column":12},"end":{"line":135,"column":45},"skip":true},"38":{"start":{"line":138,"column":8},"end":{"line":145,"column":14},"skip":true},"39":{"start":{"line":143,"column":16},"end":{"line":143,"column":29},"skip":true},"40":{"start":{"line":144,"column":16},"end":{"line":144,"column":55},"skip":true},"41":{"start":{"line":147,"column":8},"end":{"line":156,"column":10},"skip":true},"42":{"start":{"line":154,"column":12},"end":{"line":154,"column":25},"skip":true},"43":{"start":{"line":155,"column":12},"end":{"line":155,"column":45},"skip":true},"44":{"start":{"line":158,"column":8},"end":{"line":167,"column":10},"skip":true},"45":{"start":{"line":165,"column":12},"end":{"line":165,"column":25},"skip":true},"46":{"start":{"line":166,"column":12},"end":{"line":166,"column":48},"skip":true},"47":{"start":{"line":169,"column":8},"end":{"line":178,"column":10},"skip":true},"48":{"start":{"line":176,"column":12},"end":{"line":176,"column":25},"skip":true},"49":{"start":{"line":177,"column":12},"end":{"line":177,"column":46},"skip":true},"50":{"start":{"line":180,"column":8},"end":{"line":189,"column":10},"skip":true},"51":{"start":{"line":187,"column":12},"end":{"line":187,"column":94},"skip":true},"52":{"start":{"line":188,"column":12},"end":{"line":188,"column":48},"skip":true},"53":{"start":{"line":192,"column":8},"end":{"line":192,"column":35},"skip":true},"54":{"start":{"line":193,"column":8},"end":{"line":193,"column":14},"skip":true}},"branchMap":{"1":{"line":25,"type":"binary-expr","locations":[{"start":{"line":25,"column":23},"end":{"line":25,"column":62}},{"start":{"line":26,"column":20},"end":{"line":26,"column":70}},{"start":{"line":27,"column":20},"end":{"line":27,"column":71}},{"start":{"line":28,"column":20},"end":{"line":28,"column":29}}]},"2":{"line":30,"type":"binary-expr","locations":[{"start":{"line":30,"column":23},"end":{"line":30,"column":37}},{"start":{"line":31,"column":20},"end":{"line":31,"column":61}},{"start":{"line":32,"column":20},"end":{"line":32,"column":70}},{"start":{"line":33,"column":20},"end":{"line":33,"column":26}}]},"3":{"line":37,"type":"cond-expr","locations":[{"start":{"line":38,"column":14},"end":{"line":38,"column":20}},{"start":{"line":39,"column":14},"end":{"line":39,"column":20}}]},"4":{"line":40,"type":"switch","locations":[{"start":{"line":42,"column":8},"end":{"line":47,"column":18}},{"start":{"line":49,"column":8},"end":{"line":52,"column":18}}]},"5":{"line":44,"type":"binary-expr","locations":[{"start":{"line":44,"column":16},"end":{"line":44,"column":44}},{"start":{"line":44,"column":48},"end":{"line":44,"column":66}}]},"6":{"line":50,"type":"binary-expr","locations":[{"start":{"line":50,"column":21},"end":{"line":50,"column":49}},{"start":{"line":50,"column":53},"end":{"line":50,"column":72}}]},"7":{"line":64,"type":"switch","locations":[{"start":{"line":69,"column":4},"end":{"line":70,"column":14}},{"start":{"line":75,"column":4},"end":{"line":76,"column":14}}]},"8":{"line":85,"type":"switch","locations":[{"start":{"line":90,"column":4},"end":{"line":105,"column":14}},{"start":{"line":111,"column":4},"end":{"line":193,"column":14},"skip":true}]},"9":{"line":91,"type":"binary-expr","locations":[{"start":{"line":91,"column":42},"end":{"line":91,"column":73}},{"start":{"line":91,"column":77},"end":{"line":99,"column":9}}]},"10":{"line":102,"type":"binary-expr","locations":[{"start":{"line":102,"column":18},"end":{"line":102,"column":32}},{"start":{"line":103,"column":12},"end":{"line":103,"column":53}},{"start":{"line":104,"column":12},"end":{"line":104,"column":61}}]},"11":{"line":112,"type":"binary-expr","locations":[{"start":{"line":112,"column":45},"end":{"line":112,"column":79},"skip":true},{"start":{"line":112,"column":83},"end":{"line":121,"column":9},"skip":true}]},"12":{"line":123,"type":"binary-expr","locations":[{"start":{"line":123,"column":42},"end":{"line":123,"column":73},"skip":true},{"start":{"line":123,"column":77},"end":{"line":136,"column":9},"skip":true}]},"13":{"line":138,"type":"binary-expr","locations":[{"start":{"line":138,"column":48},"end":{"line":138,"column":85},"skip":true},{"start":{"line":139,"column":12},"end":{"line":145,"column":13},"skip":true}]},"14":{"line":147,"type":"binary-expr","locations":[{"start":{"line":147,"column":42},"end":{"line":147,"column":73},"skip":true},{"start":{"line":147,"column":77},"end":{"line":156,"column":9},"skip":true}]},"15":{"line":158,"type":"binary-expr","locations":[{"start":{"line":158,"column":45},"end":{"line":158,"column":79},"skip":true},{"start":{"line":158,"column":83},"end":{"line":167,"column":9},"skip":true}]},"16":{"line":169,"type":"binary-expr","locations":[{"start":{"line":169,"column":43},"end":{"line":169,"column":75},"skip":true},{"start":{"line":169,"column":79},"end":{"line":178,"column":9},"skip":true}]},"17":{"line":180,"type":"binary-expr","locations":[{"start":{"line":180,"column":41},"end":{"line":180,"column":71},"skip":true},{"start":{"line":180,"column":75},"end":{"line":189,"column":9},"skip":true}]}},"code":["/* istanbul instrument in package npmtest_zone_js */","/*jslint","    bitwise: true,","    browser: true,","    maxerr: 8,","    maxlen: 96,","    node: true,","    nomen: true,","    regexp: true,","    stupid: true","*/","(function () {","    'use strict';","    var local;","","","","    // run shared js-env code - init-before","    (function () {","        // init local","        local = {};","        // init modeJs","        local.modeJs = (function () {","            try {","                return typeof navigator.userAgent === 'string' &&","                    typeof document.querySelector('body') === 'object' &&","                    typeof XMLHttpRequest.prototype.open === 'function' &&","                    'browser';","            } catch (errorCaughtBrowser) {","                return module.exports &&","                    typeof process.versions.node === 'string' &&","                    typeof require('http').createServer === 'function' &&","                    'node';","            }","        }());","        // init global","        local.global = local.modeJs === 'browser'","            ? window","            : global;","        switch (local.modeJs) {","        // re-init local from window.local","        case 'browser':","            local = local.global.utility2.objectSetDefault(","                local.global.utility2_rollup || local.global.local,","                local.global.utility2","            );","            break;","        // re-init local from example.js","        case 'node':","            local = (local.global.utility2_rollup || require('utility2'))","                .requireReadme();","            break;","        }","        // export local","        local.global.local = local;","    }());","","","","    // run shared js-env code - function","    (function () {","        return;","    }());","    switch (local.modeJs) {","","","","    // run browser js-env code - function","    case 'browser':","        break;","","","","    // run node js-env code - function","    case 'node':","        break;","    }","","","","    // run shared js-env code - init-after","    (function () {","        return;","    }());","    switch (local.modeJs) {","","","","    // run browser js-env code - init-after","    case 'browser':","        local.testCase_browser_nullCase = local.testCase_browser_nullCase || function (","            options,","            onError","        ) {","        /*","         * this function will test browsers's null-case handling-behavior-behavior","         */","            onError(null, options);","        };","","        // run tests","        local.nop(local.modeTest &&","            document.querySelector('#testRunButton1') &&","            document.querySelector('#testRunButton1').click());","        break;","","","","    // run node js-env code - init-after","    /* istanbul ignore next */","    case 'node':","        local.testCase_buildApidoc_default = local.testCase_buildApidoc_default || function (","            options,","            onError","        ) {","        /*","         * this function will test buildApidoc's default handling-behavior-behavior","         */","            options = { modulePathList: module.paths };","            local.buildApidoc(options, onError);","        };","","        local.testCase_buildApp_default = local.testCase_buildApp_default || function (","            options,","            onError","        ) {","        /*","         * this function will test buildApp's default handling-behavior-behavior","         */","            local.testCase_buildReadme_default(options, local.onErrorThrow);","            local.testCase_buildLib_default(options, local.onErrorThrow);","            local.testCase_buildTest_default(options, local.onErrorThrow);","            local.testCase_buildCustomOrg_default(options, local.onErrorThrow);","            options = [];","            local.buildApp(options, onError);","        };","","        local.testCase_buildCustomOrg_default = local.testCase_buildCustomOrg_default ||","            function (options, onError) {","            /*","             * this function will test buildCustomOrg's default handling-behavior","             */","                options = {};","                local.buildCustomOrg(options, onError);","            };","","        local.testCase_buildLib_default = local.testCase_buildLib_default || function (","            options,","            onError","        ) {","        /*","         * this function will test buildLib's default handling-behavior","         */","            options = {};","            local.buildLib(options, onError);","        };","","        local.testCase_buildReadme_default = local.testCase_buildReadme_default || function (","            options,","            onError","        ) {","        /*","         * this function will test buildReadme's default handling-behavior-behavior","         */","            options = {};","            local.buildReadme(options, onError);","        };","","        local.testCase_buildTest_default = local.testCase_buildTest_default || function (","            options,","            onError","        ) {","        /*","         * this function will test buildTest's default handling-behavior","         */","            options = {};","            local.buildTest(options, onError);","        };","","        local.testCase_webpage_default = local.testCase_webpage_default || function (","            options,","            onError","        ) {","        /*","         * this function will test webpage's default handling-behavior","         */","            options = { modeCoverageMerge: true, url: local.serverLocalHost + '?modeTest=1' };","            local.browserTest(options, onError);","        };","","        // run test-server","        local.testRunServer(local);","        break;","    }","}());",""],"l":{"12":2,"14":2,"19":2,"21":2,"23":2,"24":2,"25":2,"30":1,"37":2,"40":2,"43":1,"47":1,"50":1,"52":1,"55":2,"61":2,"62":2,"64":2,"70":1,"76":1,"82":2,"83":2,"85":2,"91":1,"98":1,"102":1,"105":1,"112":1,"119":1,"120":1,"123":1,"130":1,"131":1,"132":1,"133":1,"134":1,"135":1,"138":1,"143":2,"144":2,"147":1,"154":2,"155":2,"158":1,"165":2,"166":2,"169":1,"176":2,"177":2,"180":1,"187":1,"188":1,"192":1,"193":1}},"/home/travis/build/npmtest/node-npmtest-zone.js/lib.npmtest_zone.js.js":{"path":"/home/travis/build/npmtest/node-npmtest-zone.js/lib.npmtest_zone.js.js","s":{"1":2,"2":2,"3":2,"4":2,"5":2,"6":2,"7":2,"8":1,"9":2,"10":2,"11":2,"12":2,"13":1,"14":1,"15":1,"16":1},"b":{"1":[2,1,1,1],"2":[1,1,1,1],"3":[1,1],"4":[2,2],"5":[1,1]},"f":{"1":2,"2":2,"3":2},"fnMap":{"1":{"name":"(anonymous_1)","line":12,"loc":{"start":{"line":12,"column":1},"end":{"line":12,"column":13}}},"2":{"name":"(anonymous_2)","line":19,"loc":{"start":{"line":19,"column":5},"end":{"line":19,"column":17}}},"3":{"name":"(anonymous_3)","line":23,"loc":{"start":{"line":23,"column":24},"end":{"line":23,"column":36}}}},"statementMap":{"1":{"start":{"line":12,"column":0},"end":{"line":53,"column":5}},"2":{"start":{"line":14,"column":4},"end":{"line":14,"column":14}},"3":{"start":{"line":19,"column":4},"end":{"line":52,"column":9}},"4":{"start":{"line":21,"column":8},"end":{"line":21,"column":19}},"5":{"start":{"line":23,"column":8},"end":{"line":35,"column":13}},"6":{"start":{"line":24,"column":12},"end":{"line":34,"column":13}},"7":{"start":{"line":25,"column":16},"end":{"line":28,"column":30}},"8":{"start":{"line":30,"column":16},"end":{"line":33,"column":27}},"9":{"start":{"line":37,"column":8},"end":{"line":39,"column":21}},"10":{"start":{"line":41,"column":8},"end":{"line":41,"column":54}},"11":{"start":{"line":43,"column":8},"end":{"line":43,"column":52}},"12":{"start":{"line":45,"column":8},"end":{"line":51,"column":9}},"13":{"start":{"line":46,"column":12},"end":{"line":46,"column":58}},"14":{"start":{"line":48,"column":12},"end":{"line":48,"column":35}},"15":{"start":{"line":49,"column":12},"end":{"line":49,"column":49}},"16":{"start":{"line":50,"column":12},"end":{"line":50,"column":43}}},"branchMap":{"1":{"line":25,"type":"binary-expr","locations":[{"start":{"line":25,"column":23},"end":{"line":25,"column":62}},{"start":{"line":26,"column":20},"end":{"line":26,"column":70}},{"start":{"line":27,"column":20},"end":{"line":27,"column":71}},{"start":{"line":28,"column":20},"end":{"line":28,"column":29}}]},"2":{"line":30,"type":"binary-expr","locations":[{"start":{"line":30,"column":23},"end":{"line":30,"column":37}},{"start":{"line":31,"column":20},"end":{"line":31,"column":61}},{"start":{"line":32,"column":20},"end":{"line":32,"column":70}},{"start":{"line":33,"column":20},"end":{"line":33,"column":26}}]},"3":{"line":37,"type":"cond-expr","locations":[{"start":{"line":38,"column":14},"end":{"line":38,"column":20}},{"start":{"line":39,"column":14},"end":{"line":39,"column":20}}]},"4":{"line":41,"type":"binary-expr","locations":[{"start":{"line":41,"column":16},"end":{"line":41,"column":44}},{"start":{"line":41,"column":48},"end":{"line":41,"column":53}}]},"5":{"line":45,"type":"if","locations":[{"start":{"line":45,"column":8},"end":{"line":45,"column":8}},{"start":{"line":45,"column":8},"end":{"line":45,"column":8}}]}},"code":["/* istanbul instrument in package npmtest_zone_js */","/*jslint","    bitwise: true,","    browser: true,","    maxerr: 8,","    maxlen: 96,","    node: true,","    nomen: true,","    regexp: true,","    stupid: true","*/","(function () {","    'use strict';","    var local;","","","","    // run shared js-env code - pre-init","    (function () {","        // init local","        local = {};","        // init modeJs","        local.modeJs = (function () {","            try {","                return typeof navigator.userAgent === 'string' &&","                    typeof document.querySelector('body') === 'object' &&","                    typeof XMLHttpRequest.prototype.open === 'function' &&","                    'browser';","            } catch (errorCaughtBrowser) {","                return module.exports &&","                    typeof process.versions.node === 'string' &&","                    typeof require('http').createServer === 'function' &&","                    'node';","            }","        }());","        // init global","        local.global = local.modeJs === 'browser'","            ? window","            : global;","        // init utility2_rollup","        local = local.global.utility2_rollup || local;","        // init lib","        local.local = local.npmtest_zone_js = local;","        // init exports","        if (local.modeJs === 'browser') {","            local.global.utility2_npmtest_zone_js = local;","        } else {","            module.exports = local;","            module.exports.__dirname = __dirname;","            module.exports.module = module;","        }","    }());","}());",""],"l":{"12":2,"14":2,"19":2,"21":2,"23":2,"24":2,"25":2,"30":1,"37":2,"41":2,"43":2,"45":2,"46":1,"48":1,"49":1,"50":1}},"/home/travis/build/npmtest/node-npmtest-zone.js/example.js":{"path":"/home/travis/build/npmtest/node-npmtest-zone.js/example.js","s":{"1":2,"2":2,"3":2,"4":2,"5":2,"6":2,"7":2,"8":1,"9":2,"10":2,"11":2,"12":2,"13":1,"14":2,"15":2,"16":2,"17":2,"18":2,"19":0,"20":2,"21":1,"22":1,"23":1,"24":1,"25":1,"26":0,"27":0,"28":1,"29":1,"30":2,"31":0,"32":0,"33":0,"34":1,"35":2,"36":2,"37":3,"38":3,"39":3,"40":3,"41":0,"42":3,"43":3,"44":3,"45":1,"46":3,"47":1,"48":1,"49":1,"50":1,"51":1,"52":1,"53":1,"54":1,"55":1,"56":1,"57":0,"58":1,"59":6,"60":6,"61":1,"62":2,"63":0,"64":2,"65":1,"66":1,"67":0,"68":0,"69":0,"70":0,"71":0,"72":0,"73":0,"74":0,"75":0,"76":0,"77":0,"78":0,"79":0,"80":0,"81":0,"82":0,"83":0},"b":{"1":[2,1,1,1],"2":[1,1,1,1],"3":[1,1],"4":[2,2],"5":[1,1],"6":[1,1],"7":[2,0],"8":[2,1,1,1,1,1],"9":[0,2,0],"10":[1,1],"11":[2,1,1],"12":[1,0],"13":[0,2],"14":[2,0,0,0,0,0,0],"15":[0,3],"16":[3,0],"17":[1,1],"18":[0,1],"19":[1,2,0,2],"20":[1,0],"21":[1,1],"22":[0,0],"23":[0,0],"24":[0,0],"25":[0,0],"26":[0,0],"27":[0,0],"28":[0,0]},"f":{"1":2,"2":2,"3":2,"4":2,"5":2,"6":2,"7":3,"8":3,"9":3,"10":1,"11":6,"12":0},"fnMap":{"1":{"name":"(anonymous_1)","line":26,"loc":{"start":{"line":26,"column":1},"end":{"line":26,"column":13}}},"2":{"name":"(anonymous_2)","line":33,"loc":{"start":{"line":33,"column":5},"end":{"line":33,"column":17}}},"3":{"name":"(anonymous_3)","line":37,"loc":{"start":{"line":37,"column":24},"end":{"line":37,"column":36}}},"4":{"name":"(anonymous_4)","line":69,"loc":{"start":{"line":69,"column":31},"end":{"line":69,"column":48}},"skip":true},"5":{"name":"(anonymous_5)","line":78,"loc":{"start":{"line":78,"column":26},"end":{"line":78,"column":45}},"skip":true},"6":{"name":"(anonymous_6)","line":123,"loc":{"start":{"line":123,"column":33},"end":{"line":123,"column":48}},"skip":true},"7":{"name":"(anonymous_7)","line":125,"loc":{"start":{"line":125,"column":27},"end":{"line":125,"column":39}},"skip":true},"8":{"name":"(anonymous_8)","line":133,"loc":{"start":{"line":133,"column":59},"end":{"line":133,"column":74}},"skip":true},"9":{"name":"(anonymous_9)","line":143,"loc":{"start":{"line":143,"column":45},"end":{"line":143,"column":62}},"skip":true},"10":{"name":"(anonymous_10)","line":144,"loc":{"start":{"line":144,"column":73},"end":{"line":144,"column":92}},"skip":true},"11":{"name":"(anonymous_11)","line":272,"loc":{"start":{"line":272,"column":51},"end":{"line":272,"column":77}},"skip":true},"12":{"name":"(anonymous_12)","line":315,"loc":{"start":{"line":315,"column":32},"end":{"line":315,"column":61}},"skip":true}},"statementMap":{"1":{"start":{"line":26,"column":0},"end":{"line":326,"column":5}},"2":{"start":{"line":28,"column":4},"end":{"line":28,"column":14}},"3":{"start":{"line":33,"column":4},"end":{"line":60,"column":9}},"4":{"start":{"line":35,"column":8},"end":{"line":35,"column":19}},"5":{"start":{"line":37,"column":8},"end":{"line":49,"column":13}},"6":{"start":{"line":38,"column":12},"end":{"line":48,"column":13}},"7":{"start":{"line":39,"column":16},"end":{"line":42,"column":30}},"8":{"start":{"line":44,"column":16},"end":{"line":47,"column":27}},"9":{"start":{"line":51,"column":8},"end":{"line":53,"column":21}},"10":{"start":{"line":55,"column":8},"end":{"line":57,"column":45}},"11":{"start":{"line":59,"column":8},"end":{"line":59,"column":35}},"12":{"start":{"line":61,"column":4},"end":{"line":325,"column":5}},"13":{"start":{"line":69,"column":8},"end":{"line":121,"column":10},"skip":true},"14":{"start":{"line":70,"column":12},"end":{"line":88,"column":13},"skip":true},"15":{"start":{"line":76,"column":16},"end":{"line":87,"column":19},"skip":true},"16":{"start":{"line":79,"column":20},"end":{"line":86,"column":21},"skip":true},"17":{"start":{"line":82,"column":24},"end":{"line":82,"column":43},"skip":true},"18":{"start":{"line":83,"column":24},"end":{"line":83,"column":30},"skip":true},"19":{"start":{"line":85,"column":24},"end":{"line":85,"column":49},"skip":true},"20":{"start":{"line":89,"column":12},"end":{"line":107,"column":13},"skip":true},"21":{"start":{"line":92,"column":16},"end":{"line":102,"column":17},"skip":true},"22":{"start":{"line":93,"column":20},"end":{"line":93,"column":86},"skip":true},"23":{"start":{"line":94,"column":20},"end":{"line":95,"column":45},"skip":true},"24":{"start":{"line":96,"column":20},"end":{"line":96,"column":42},"skip":true},"25":{"start":{"line":97,"column":20},"end":{"line":97,"column":48},"skip":true},"26":{"start":{"line":100,"column":20},"end":{"line":100,"column":85},"skip":true},"27":{"start":{"line":101,"column":20},"end":{"line":101,"column":96},"skip":true},"28":{"start":{"line":103,"column":16},"end":{"line":103,"column":22},"skip":true},"29":{"start":{"line":106,"column":16},"end":{"line":106,"column":22},"skip":true},"30":{"start":{"line":108,"column":12},"end":{"line":120,"column":13},"skip":true},"31":{"start":{"line":114,"column":16},"end":{"line":119,"column":17},"skip":true},"32":{"start":{"line":116,"column":20},"end":{"line":116,"column":78},"skip":true},"33":{"start":{"line":118,"column":20},"end":{"line":118,"column":47},"skip":true},"34":{"start":{"line":123,"column":8},"end":{"line":141,"column":11},"skip":true},"35":{"start":{"line":124,"column":12},"end":{"line":124,"column":54},"skip":true},"36":{"start":{"line":125,"column":12},"end":{"line":140,"column":14},"skip":true},"37":{"start":{"line":126,"column":16},"end":{"line":126,"column":28},"skip":true},"38":{"start":{"line":127,"column":16},"end":{"line":127,"column":69},"skip":true},"39":{"start":{"line":128,"column":16},"end":{"line":128,"column":75},"skip":true},"40":{"start":{"line":129,"column":16},"end":{"line":131,"column":17},"skip":true},"41":{"start":{"line":130,"column":20},"end":{"line":130,"column":27},"skip":true},"42":{"start":{"line":133,"column":16},"end":{"line":137,"column":36},"skip":true},"43":{"start":{"line":134,"column":20},"end":{"line":136,"column":55},"skip":true},"44":{"start":{"line":139,"column":16},"end":{"line":139,"column":57},"skip":true},"45":{"start":{"line":143,"column":8},"end":{"line":147,"column":11},"skip":true},"46":{"start":{"line":144,"column":12},"end":{"line":146,"column":15},"skip":true},"47":{"start":{"line":145,"column":16},"end":{"line":145,"column":70},"skip":true},"48":{"start":{"line":149,"column":8},"end":{"line":149,"column":31},"skip":true},"49":{"start":{"line":150,"column":8},"end":{"line":150,"column":14},"skip":true},"50":{"start":{"line":158,"column":8},"end":{"line":158,"column":31},"skip":true},"51":{"start":{"line":160,"column":8},"end":{"line":160,"column":33},"skip":true},"52":{"start":{"line":161,"column":8},"end":{"line":161,"column":37},"skip":true},"53":{"start":{"line":162,"column":8},"end":{"line":162,"column":35},"skip":true},"54":{"start":{"line":164,"column":8},"end":{"line":164,"column":50},"skip":true},"55":{"start":{"line":166,"column":8},"end":{"line":256,"column":2},"skip":true},"56":{"start":{"line":258,"column":8},"end":{"line":286,"column":9},"skip":true},"57":{"start":{"line":259,"column":12},"end":{"line":269,"column":14},"skip":true},"58":{"start":{"line":271,"column":12},"end":{"line":285,"column":19},"skip":true},"59":{"start":{"line":274,"column":20},"end":{"line":274,"column":35},"skip":true},"60":{"start":{"line":275,"column":20},"end":{"line":284,"column":21},"skip":true},"61":{"start":{"line":277,"column":24},"end":{"line":277,"column":64},"skip":true},"62":{"start":{"line":279,"column":24},"end":{"line":279,"column":40},"skip":true},"63":{"start":{"line":281,"column":24},"end":{"line":281,"column":40},"skip":true},"64":{"start":{"line":283,"column":24},"end":{"line":283,"column":39},"skip":true},"65":{"start":{"line":288,"column":8},"end":{"line":290,"column":9},"skip":true},"66":{"start":{"line":289,"column":12},"end":{"line":289,"column":18},"skip":true},"67":{"start":{"line":291,"column":8},"end":{"line":293,"column":54},"skip":true},"68":{"start":{"line":296,"column":8},"end":{"line":301,"column":37},"skip":true},"69":{"start":{"line":303,"column":8},"end":{"line":303,"column":82},"skip":true},"70":{"start":{"line":306,"column":8},"end":{"line":308,"column":9},"skip":true},"71":{"start":{"line":307,"column":12},"end":{"line":307,"column":82},"skip":true},"72":{"start":{"line":310,"column":8},"end":{"line":312,"column":9},"skip":true},"73":{"start":{"line":311,"column":12},"end":{"line":311,"column":18},"skip":true},"74":{"start":{"line":313,"column":8},"end":{"line":313,"column":54},"skip":true},"75":{"start":{"line":314,"column":8},"end":{"line":314,"column":69},"skip":true},"76":{"start":{"line":315,"column":8},"end":{"line":323,"column":36},"skip":true},"77":{"start":{"line":316,"column":12},"end":{"line":316,"column":61},"skip":true},"78":{"start":{"line":317,"column":12},"end":{"line":320,"column":13},"skip":true},"79":{"start":{"line":318,"column":16},"end":{"line":318,"column":75},"skip":true},"80":{"start":{"line":319,"column":16},"end":{"line":319,"column":23},"skip":true},"81":{"start":{"line":321,"column":12},"end":{"line":321,"column":38},"skip":true},"82":{"start":{"line":322,"column":12},"end":{"line":322,"column":27},"skip":true},"83":{"start":{"line":324,"column":8},"end":{"line":324,"column":14},"skip":true}},"branchMap":{"1":{"line":39,"type":"binary-expr","locations":[{"start":{"line":39,"column":23},"end":{"line":39,"column":62}},{"start":{"line":40,"column":20},"end":{"line":40,"column":70}},{"start":{"line":41,"column":20},"end":{"line":41,"column":71}},{"start":{"line":42,"column":20},"end":{"line":42,"column":29}}]},"2":{"line":44,"type":"binary-expr","locations":[{"start":{"line":44,"column":23},"end":{"line":44,"column":37}},{"start":{"line":45,"column":20},"end":{"line":45,"column":61}},{"start":{"line":46,"column":20},"end":{"line":46,"column":70}},{"start":{"line":47,"column":20},"end":{"line":47,"column":26}}]},"3":{"line":51,"type":"cond-expr","locations":[{"start":{"line":52,"column":14},"end":{"line":52,"column":20}},{"start":{"line":53,"column":14},"end":{"line":53,"column":20}}]},"4":{"line":55,"type":"binary-expr","locations":[{"start":{"line":55,"column":16},"end":{"line":55,"column":44}},{"start":{"line":55,"column":49},"end":{"line":57,"column":43}}]},"5":{"line":55,"type":"cond-expr","locations":[{"start":{"line":56,"column":14},"end":{"line":56,"column":51}},{"start":{"line":57,"column":14},"end":{"line":57,"column":43}}]},"6":{"line":61,"type":"switch","locations":[{"start":{"line":68,"column":4},"end":{"line":150,"column":14},"skip":true},{"start":{"line":156,"column":4},"end":{"line":324,"column":14},"skip":true}]},"7":{"line":70,"type":"if","locations":[{"start":{"line":70,"column":12},"end":{"line":70,"column":12},"skip":true},{"start":{"line":70,"column":12},"end":{"line":70,"column":12},"skip":true}]},"8":{"line":70,"type":"binary-expr","locations":[{"start":{"line":70,"column":16},"end":{"line":70,"column":22},"skip":true},{"start":{"line":70,"column":27},"end":{"line":70,"column":32},"skip":true},{"start":{"line":71,"column":20},"end":{"line":71,"column":39},"skip":true},{"start":{"line":72,"column":20},"end":{"line":72,"column":49},"skip":true},{"start":{"line":73,"column":20},"end":{"line":73,"column":58},"skip":true},{"start":{"line":74,"column":20},"end":{"line":74,"column":69},"skip":true}]},"9":{"line":79,"type":"switch","locations":[{"start":{"line":80,"column":20},"end":{"line":80,"column":33},"skip":true},{"start":{"line":81,"column":20},"end":{"line":83,"column":30},"skip":true},{"start":{"line":84,"column":20},"end":{"line":85,"column":49},"skip":true}]},"10":{"line":89,"type":"switch","locations":[{"start":{"line":90,"column":12},"end":{"line":103,"column":22},"skip":true},{"start":{"line":105,"column":12},"end":{"line":106,"column":22},"skip":true}]},"11":{"line":89,"type":"binary-expr","locations":[{"start":{"line":89,"column":20},"end":{"line":89,"column":25},"skip":true},{"start":{"line":89,"column":29},"end":{"line":89,"column":48},"skip":true},{"start":{"line":89,"column":52},"end":{"line":89,"column":74},"skip":true}]},"12":{"line":92,"type":"if","locations":[{"start":{"line":92,"column":16},"end":{"line":92,"column":16},"skip":true},{"start":{"line":92,"column":16},"end":{"line":92,"column":16},"skip":true}]},"13":{"line":108,"type":"if","locations":[{"start":{"line":108,"column":12},"end":{"line":108,"column":12},"skip":true},{"start":{"line":108,"column":12},"end":{"line":108,"column":12},"skip":true}]},"14":{"line":108,"type":"binary-expr","locations":[{"start":{"line":108,"column":16},"end":{"line":108,"column":61},"skip":true},{"start":{"line":108,"column":66},"end":{"line":108,"column":72},"skip":true},{"start":{"line":108,"column":77},"end":{"line":108,"column":82},"skip":true},{"start":{"line":109,"column":20},"end":{"line":109,"column":39},"skip":true},{"start":{"line":110,"column":20},"end":{"line":110,"column":49},"skip":true},{"start":{"line":111,"column":20},"end":{"line":111,"column":58},"skip":true},{"start":{"line":112,"column":20},"end":{"line":112,"column":68},"skip":true}]},"15":{"line":129,"type":"if","locations":[{"start":{"line":129,"column":16},"end":{"line":129,"column":16},"skip":true},{"start":{"line":129,"column":16},"end":{"line":129,"column":16},"skip":true}]},"16":{"line":134,"type":"cond-expr","locations":[{"start":{"line":135,"column":26},"end":{"line":135,"column":29},"skip":true},{"start":{"line":136,"column":26},"end":{"line":136,"column":54},"skip":true}]},"17":{"line":164,"type":"binary-expr","locations":[{"start":{"line":164,"column":27},"end":{"line":164,"column":43},"skip":true},{"start":{"line":164,"column":47},"end":{"line":164,"column":49},"skip":true}]},"18":{"line":258,"type":"if","locations":[{"start":{"line":258,"column":8},"end":{"line":258,"column":8},"skip":true},{"start":{"line":258,"column":8},"end":{"line":258,"column":8},"skip":true}]},"19":{"line":275,"type":"switch","locations":[{"start":{"line":276,"column":20},"end":{"line":277,"column":64},"skip":true},{"start":{"line":278,"column":20},"end":{"line":279,"column":40},"skip":true},{"start":{"line":280,"column":20},"end":{"line":281,"column":40},"skip":true},{"start":{"line":282,"column":20},"end":{"line":283,"column":39},"skip":true}]},"20":{"line":288,"type":"if","locations":[{"start":{"line":288,"column":8},"end":{"line":288,"column":8},"skip":true},{"start":{"line":288,"column":8},"end":{"line":288,"column":8},"skip":true}]},"21":{"line":288,"type":"binary-expr","locations":[{"start":{"line":288,"column":12},"end":{"line":288,"column":40},"skip":true},{"start":{"line":288,"column":44},"end":{"line":288,"column":67},"skip":true}]},"22":{"line":292,"type":"binary-expr","locations":[{"start":{"line":292,"column":12},"end":{"line":292,"column":50},"skip":true},{"start":{"line":293,"column":12},"end":{"line":293,"column":53},"skip":true}]},"23":{"line":297,"type":"binary-expr","locations":[{"start":{"line":297,"column":12},"end":{"line":297,"column":65},"skip":true},{"start":{"line":298,"column":12},"end":{"line":301,"column":36},"skip":true}]},"24":{"line":303,"type":"binary-expr","locations":[{"start":{"line":303,"column":43},"end":{"line":303,"column":75},"skip":true},{"start":{"line":303,"column":79},"end":{"line":303,"column":81},"skip":true}]},"25":{"line":306,"type":"if","locations":[{"start":{"line":306,"column":8},"end":{"line":306,"column":8},"skip":true},{"start":{"line":306,"column":8},"end":{"line":306,"column":8},"skip":true}]},"26":{"line":310,"type":"if","locations":[{"start":{"line":310,"column":8},"end":{"line":310,"column":8},"skip":true},{"start":{"line":310,"column":8},"end":{"line":310,"column":8},"skip":true}]},"27":{"line":313,"type":"binary-expr","locations":[{"start":{"line":313,"column":27},"end":{"line":313,"column":43},"skip":true},{"start":{"line":313,"column":47},"end":{"line":313,"column":53},"skip":true}]},"28":{"line":317,"type":"if","locations":[{"start":{"line":317,"column":12},"end":{"line":317,"column":12},"skip":true},{"start":{"line":317,"column":12},"end":{"line":317,"column":12},"skip":true}]}},"code":["/*","example.js","","quickstart example","","instruction","    1. save this script as example.js","    2. run the shell command:","        $ npm install npmtest-zone.js && PORT=8081 node example.js","    3. play with the browser-demo on http://127.0.0.1:8081","*/","","","","/* istanbul instrument in package npmtest_zone_js */","/*jslint","    bitwise: true,","    browser: true,","    maxerr: 8,","    maxlen: 96,","    node: true,","    nomen: true,","    regexp: true,","    stupid: true","*/","(function () {","    'use strict';","    var local;","","","","    // run shared js-env code - init-before","    (function () {","        // init local","        local = {};","        // init modeJs","        local.modeJs = (function () {","            try {","                return typeof navigator.userAgent === 'string' &&","                    typeof document.querySelector('body') === 'object' &&","                    typeof XMLHttpRequest.prototype.open === 'function' &&","                    'browser';","            } catch (errorCaughtBrowser) {","                return module.exports &&","                    typeof process.versions.node === 'string' &&","                    typeof require('http').createServer === 'function' &&","                    'node';","            }","        }());","        // init global","        local.global = local.modeJs === 'browser'","            ? window","            : global;","        // init utility2_rollup","        local = local.global.utility2_rollup || (local.modeJs === 'browser'","            ? local.global.utility2_npmtest_zone_js","            : global.utility2_moduleExports);","        // export local","        local.global.local = local;","    }());","    switch (local.modeJs) {","","","","    // init-after","    // run browser js-env code - init-after","    /* istanbul ignore next */","    case 'browser':","        local.testRunBrowser = function (event) {","            if (!event || (event &&","                    event.currentTarget &&","                    event.currentTarget.className &&","                    event.currentTarget.className.includes &&","                    event.currentTarget.className.includes('onreset'))) {","                // reset output","                Array.from(","                    document.querySelectorAll('body > .resettable')","                ).forEach(function (element) {","                    switch (element.tagName) {","                    case 'INPUT':","                    case 'TEXTAREA':","                        element.value = '';","                        break;","                    default:","                        element.textContent = '';","                    }","                });","            }","            switch (event && event.currentTarget && event.currentTarget.id) {","            case 'testRunButton1':","                // show tests","                if (document.querySelector('#testReportDiv1').style.display === 'none') {","                    document.querySelector('#testReportDiv1').style.display = 'block';","                    document.querySelector('#testRunButton1').textContent =","                        'hide internal test';","                    local.modeTest = true;","                    local.testRunDefault(local);","                // hide tests","                } else {","                    document.querySelector('#testReportDiv1').style.display = 'none';","                    document.querySelector('#testRunButton1').textContent = 'run internal test';","                }","                break;","            // custom-case","            default:","                break;","            }","            if (document.querySelector('#inputTextareaEval1') && (!event || (event &&","                    event.currentTarget &&","                    event.currentTarget.className &&","                    event.currentTarget.className.includes &&","                    event.currentTarget.className.includes('oneval')))) {","                // try to eval input-code","                try {","                    /*jslint evil: true*/","                    eval(document.querySelector('#inputTextareaEval1').value);","                } catch (errorCaught) {","                    console.error(errorCaught);","                }","            }","        };","        // log stderr and stdout to #outputTextareaStdout1","        ['error', 'log'].forEach(function (key) {","            console[key + '_original'] = console[key];","            console[key] = function () {","                var element;","                console[key + '_original'].apply(console, arguments);","                element = document.querySelector('#outputTextareaStdout1');","                if (!element) {","                    return;","                }","                // append text to #outputTextareaStdout1","                element.value += Array.from(arguments).map(function (arg) {","                    return typeof arg === 'string'","                        ? arg","                        : JSON.stringify(arg, null, 4);","                }).join(' ') + '\\n';","                // scroll textarea to bottom","                element.scrollTop = element.scrollHeight;","            };","        });","        // init event-handling","        ['change', 'click', 'keyup'].forEach(function (event) {","            Array.from(document.querySelectorAll('.on' + event)).forEach(function (element) {","                element.addEventListener(event, local.testRunBrowser);","            });","        });","        // run tests","        local.testRunBrowser();","        break;","","","","    // run node js-env code - init-after","    /* istanbul ignore next */","    case 'node':","        // export local","        module.exports = local;","        // require modules","        local.fs = require('fs');","        local.http = require('http');","        local.url = require('url');","        // init assets","        local.assetsDict = local.assetsDict || {};","        /* jslint-ignore-begin */","        local.assetsDict['/assets.index.template.html'] = '\\","<!doctype html>\\n\\","<html lang=\"en\">\\n\\","<head>\\n\\","<meta charset=\"UTF-8\">\\n\\","<meta name=\"viewport\" content=\"width=device-width, initial-scale=1\">\\n\\","<title>{{env.npm_package_name}} (v{{env.npm_package_version}})</title>\\n\\","<style>\\n\\","/*csslint\\n\\","    box-sizing: false,\\n\\","    universal-selector: false\\n\\","*/\\n\\","* {\\n\\","    box-sizing: border-box;\\n\\","}\\n\\","body {\\n\\","    background: #dde;\\n\\","    font-family: Arial, Helvetica, sans-serif;\\n\\","    margin: 2rem;\\n\\","}\\n\\","body > * {\\n\\","    margin-bottom: 1rem;\\n\\","}\\n\\",".utility2FooterDiv {\\n\\","    margin-top: 20px;\\n\\","    text-align: center;\\n\\","}\\n\\","</style>\\n\\","<style>\\n\\","/*csslint\\n\\","*/\\n\\","textarea {\\n\\","    font-family: monospace;\\n\\","    height: 10rem;\\n\\","    width: 100%;\\n\\","}\\n\\","textarea[readonly] {\\n\\","    background: #ddd;\\n\\","}\\n\\","</style>\\n\\","</head>\\n\\","<body>\\n\\","<!-- utility2-comment\\n\\","<div id=\"ajaxProgressDiv1\" style=\"background: #d00; height: 2px; left: 0; margin: 0; padding: 0; position: fixed; top: 0; transition: background 0.5s, width 1.5s; width: 25%;\"></div>\\n\\","utility2-comment -->\\n\\","<h1>\\n\\","<!-- utility2-comment\\n\\","    <a\\n\\","        {{#if env.npm_package_homepage}}\\n\\","        href=\"{{env.npm_package_homepage}}\"\\n\\","        {{/if env.npm_package_homepage}}\\n\\","        target=\"_blank\"\\n\\","    >\\n\\","utility2-comment -->\\n\\","        {{env.npm_package_name}} (v{{env.npm_package_version}})\\n\\","<!-- utility2-comment\\n\\","    </a>\\n\\","utility2-comment -->\\n\\","</h1>\\n\\","<h3>{{env.npm_package_description}}</h3>\\n\\","<!-- utility2-comment\\n\\","<h4><a download href=\"assets.app.js\">download standalone app</a></h4>\\n\\","<button class=\"onclick onreset\" id=\"testRunButton1\">run internal test</button><br>\\n\\","<div id=\"testReportDiv1\" style=\"display: none;\"></div>\\n\\","utility2-comment -->\\n\\","\\n\\","\\n\\","\\n\\","<label>stderr and stdout</label>\\n\\","<textarea class=\"resettable\" id=\"outputTextareaStdout1\" readonly></textarea>\\n\\","<!-- utility2-comment\\n\\","{{#if isRollup}}\\n\\","<script src=\"assets.app.js\"></script>\\n\\","{{#unless isRollup}}\\n\\","utility2-comment -->\\n\\","<script src=\"assets.utility2.rollup.js\"></script>\\n\\","<script src=\"jsonp.utility2._stateInit?callback=window.utility2._stateInit\"></script>\\n\\","<script src=\"assets.npmtest_zone_js.rollup.js\"></script>\\n\\","<script src=\"assets.example.js\"></script>\\n\\","<script src=\"assets.test.js\"></script>\\n\\","<!-- utility2-comment\\n\\","{{/if isRollup}}\\n\\","utility2-comment -->\\n\\","<div class=\"utility2FooterDiv\">\\n\\","    [ this app was created with\\n\\","    <a href=\"https://github.com/kaizhu256/node-utility2\" target=\"_blank\">utility2</a>\\n\\","    ]\\n\\","</div>\\n\\","</body>\\n\\","</html>\\n\\","';","        /* jslint-ignore-end */","        if (local.templateRender) {","            local.assetsDict['/'] = local.templateRender(","                local.assetsDict['/assets.index.template.html'],","                {","                    env: local.objectSetDefault(local.env, {","                        npm_package_description: 'the greatest app in the world!',","                        npm_package_name: 'my-app',","                        npm_package_nameAlias: 'my_app',","                        npm_package_version: '0.0.1'","                    })","                }","            );","        } else {","            local.assetsDict['/'] = local.assetsDict['/assets.index.template.html']","                .replace((/\\{\\{env\\.(\\w+?)\\}\\}/g), function (match0, match1) {","                    // jslint-hack","                    String(match0);","                    switch (match1) {","                    case 'npm_package_description':","                        return 'the greatest app in the world!';","                    case 'npm_package_name':","                        return 'my-app';","                    case 'npm_package_nameAlias':","                        return 'my_app';","                    case 'npm_package_version':","                        return '0.0.1';","                    }","                });","        }","        // run the cli","        if (local.global.utility2_rollup || module !== require.main) {","            break;","        }","        local.assetsDict['/assets.example.js'] =","            local.assetsDict['/assets.example.js'] ||","            local.fs.readFileSync(__filename, 'utf8');","        // bug-workaround - long $npm_package_buildCustomOrg","        /* jslint-ignore-begin */","        local.assetsDict['/assets.npmtest_zone_js.rollup.js'] =","            local.assetsDict['/assets.npmtest_zone_js.rollup.js'] ||","            local.fs.readFileSync(","                local.npmtest_zone_js.__dirname + '/lib.npmtest_zone_js.js',","                'utf8'","            ).replace((/^#!/), '//');","        /* jslint-ignore-end */","        local.assetsDict['/favicon.ico'] = local.assetsDict['/favicon.ico'] || '';","        // if $npm_config_timeout_exit exists,","        // then exit this process after $npm_config_timeout_exit ms","        if (Number(process.env.npm_config_timeout_exit)) {","            setTimeout(process.exit, Number(process.env.npm_config_timeout_exit));","        }","        // start server","        if (local.global.utility2_serverHttp1) {","            break;","        }","        process.env.PORT = process.env.PORT || '8081';","        console.error('server starting on port ' + process.env.PORT);","        local.http.createServer(function (request, response) {","            request.urlParsed = local.url.parse(request.url);","            if (local.assetsDict[request.urlParsed.pathname] !== undefined) {","                response.end(local.assetsDict[request.urlParsed.pathname]);","                return;","            }","            response.statusCode = 404;","            response.end();","        }).listen(process.env.PORT);","        break;","    }","}());",""],"l":{"26":2,"28":2,"33":2,"35":2,"37":2,"38":2,"39":2,"44":1,"51":2,"55":2,"59":2,"61":2,"69":1,"70":2,"76":2,"79":2,"82":2,"83":2,"85":1,"89":2,"92":1,"93":1,"94":1,"96":1,"97":1,"100":1,"101":1,"103":1,"106":1,"108":2,"114":1,"116":1,"118":1,"123":1,"124":2,"125":2,"126":3,"127":3,"128":3,"129":3,"130":1,"133":3,"134":3,"139":3,"143":1,"144":3,"145":1,"149":1,"150":1,"158":1,"160":1,"161":1,"162":1,"164":1,"166":1,"258":1,"259":1,"271":1,"274":6,"275":6,"277":1,"279":2,"281":1,"283":2,"288":1,"289":1,"291":1,"296":1,"303":1,"306":1,"307":1,"310":1,"311":1,"313":1,"314":1,"315":1,"316":1,"317":1,"318":1,"319":1,"321":1,"322":1,"324":1}},"/home/travis/build/npmtest/node-npmtest-zone.js/node_modules/zone.js/dist/zone-node.js":{"path":"/home/travis/build/npmtest/node-npmtest-zone.js/node_modules/zone.js/dist/zone-node.js","s":{"1":1,"2":1,"3":1,"4":1,"5":0,"6":1,"7":1,"8":1,"9":1,"10":1,"11":3,"12":3,"13":3,"14":3,"15":3,"16":1,"17":0,"18":0,"19":1,"20":0,"21":0,"22":0,"23":0,"24":1,"25":1,"26":1,"27":0,"28":1,"29":0,"30":1,"31":938,"32":1,"33":0,"34":0,"35":0,"36":1,"37":0,"38":0,"39":0,"40":0,"41":0,"42":0,"43":1,"44":2,"45":0,"46":2,"47":1,"48":0,"49":0,"50":0,"51":0,"52":0,"53":0,"54":1,"55":1,"56":1,"57":1,"58":1,"59":1,"60":1,"61":1,"62":1,"63":1,"64":1,"65":1,"66":1,"67":1,"68":1,"69":1,"70":1,"71":1,"72":1,"73":1,"74":1,"75":1,"76":0,"77":0,"78":1,"79":1,"80":3,"81":0,"82":3,"83":3,"84":3,"85":3,"86":3,"87":3,"88":3,"89":3,"90":0,"91":3,"92":3,"93":1,"94":0,"95":3,"96":3,"97":1,"98":2,"99":2,"100":2,"101":3,"102":3,"103":1,"104":3,"105":0,"106":0,"107":0,"108":0,"109":0,"110":3,"111":3,"112":3,"113":3,"114":3,"115":3,"116":0,"117":0,"118":0,"119":3,"120":1,"121":3,"122":3,"123":3,"124":1,"125":1,"126":1,"127":1,"128":1,"129":1,"130":1,"131":0,"132":0,"133":0,"134":0,"135":0,"136":0,"137":0,"138":0,"139":0,"140":0,"141":0,"142":0,"143":1,"144":3,"145":3,"146":2,"147":3,"148":0,"149":1,"150":1,"151":1,"152":0,"153":0,"154":0,"155":0,"156":1,"157":1,"158":3,"159":3,"160":3,"161":3,"162":3,"163":3,"164":3,"165":3,"166":3,"167":3,"168":3,"169":3,"170":3,"171":3,"172":3,"173":3,"174":3,"175":3,"176":3,"177":3,"178":3,"179":3,"180":3,"181":3,"182":3,"183":3,"184":3,"185":3,"186":3,"187":3,"188":3,"189":0,"190":0,"191":0,"192":0,"193":0,"194":0,"195":0,"196":0,"197":0,"198":0,"199":0,"200":0,"201":0,"202":0,"203":0,"204":0,"205":1,"206":2,"207":1,"208":0,"209":1,"210":4,"211":1,"212":1,"213":1,"214":6,"215":6,"216":3,"217":0,"218":3,"219":3,"220":0,"221":3,"222":3,"223":0,"224":0,"225":0,"226":6,"227":1,"228":6,"229":1,"230":0,"231":0,"232":0,"233":0,"234":0,"235":0,"236":0,"237":1,"238":0,"239":0,"240":0,"241":1,"242":0,"243":0,"244":0,"245":0,"246":0,"247":0,"248":0,"249":0,"250":1,"251":1,"252":1,"253":3,"254":3,"255":3,"256":3,"257":3,"258":3,"259":3,"260":3,"261":3,"262":3,"263":3,"264":3,"265":3,"266":3,"267":3,"268":3,"269":3,"270":1,"271":3,"272":1,"273":9,"274":1,"275":12,"276":1,"277":0,"278":1,"279":3,"280":3,"281":3,"282":0,"283":0,"284":1,"285":0,"286":0,"287":0,"288":1,"289":0,"290":1,"291":1,"292":1,"293":6,"294":6,"295":1,"296":1,"297":9,"298":1,"299":1,"300":1,"301":1,"302":1,"303":1,"304":1,"305":1,"306":1,"307":1,"308":0,"309":0,"310":0,"311":0,"312":1,"313":0,"314":0,"315":1,"316":0,"317":0,"318":0,"319":0,"320":0,"321":0,"322":1,"323":0,"324":0,"325":0,"326":0,"327":0,"328":1,"329":1,"330":1,"331":1,"332":0,"333":0,"334":0,"335":0,"336":0,"337":0,"338":0,"339":1,"340":0,"341":0,"342":0,"343":0,"344":0,"345":0,"346":0,"347":0,"348":1,"349":1,"350":0,"351":1,"352":0,"353":1,"354":0,"355":1,"356":1,"357":1,"358":1,"359":1,"360":1,"361":1,"362":1,"363":0,"364":0,"365":0,"366":0,"367":1,"368":0,"369":0,"370":0,"371":0,"372":0,"373":0,"374":0,"375":1,"376":0,"377":0,"378":0,"379":0,"380":0,"381":0,"382":0,"383":0,"384":0,"385":0,"386":0,"387":0,"388":0,"389":0,"390":0,"391":0,"392":0,"393":0,"394":0,"395":0,"396":0,"397":0,"398":0,"399":0,"400":0,"401":0,"402":0,"403":0,"404":0,"405":0,"406":0,"407":0,"408":0,"409":0,"410":0,"411":0,"412":0,"413":0,"414":1,"415":0,"416":0,"417":0,"418":0,"419":0,"420":0,"421":0,"422":0,"423":0,"424":1,"425":0,"426":0,"427":0,"428":0,"429":0,"430":0,"431":1,"432":1,"433":0,"434":0,"435":0,"436":0,"437":0,"438":0,"439":0,"440":0,"441":1,"442":0,"443":1,"444":0,"445":1,"446":0,"447":1,"448":0,"449":0,"450":0,"451":0,"452":0,"453":1,"454":0,"455":1,"456":0,"457":0,"458":0,"459":0,"460":0,"461":0,"462":0,"463":1,"464":0,"465":0,"466":0,"467":0,"468":0,"469":0,"470":0,"471":0,"472":0,"473":0,"474":0,"475":0,"476":0,"477":0,"478":0,"479":0,"480":0,"481":0,"482":0,"483":0,"484":0,"485":1,"486":0,"487":0,"488":0,"489":0,"490":0,"491":0,"492":1,"493":0,"494":1,"495":1,"496":1,"497":1,"498":1,"499":1,"500":1,"501":1,"502":1,"503":1,"504":1,"505":1,"506":1,"507":0,"508":0,"509":0,"510":0,"511":1,"512":1,"513":0,"514":0,"515":0,"516":0,"517":0,"518":0,"519":0,"520":0,"521":1,"522":1,"523":1,"524":1,"525":0,"526":1,"527":1,"528":1,"529":1,"530":1,"531":1,"532":1,"533":1,"534":1,"535":82,"536":82,"537":82,"538":82,"539":81,"540":81,"541":81,"542":81,"543":162,"544":81,"545":1019,"546":1019,"547":1019,"548":81,"549":81,"550":81,"551":0,"552":0,"553":0,"554":0,"555":0,"556":0,"557":938,"558":81,"559":81,"560":82,"561":0,"562":0,"563":0,"564":0,"565":0,"566":82,"567":1,"568":1,"569":1,"570":1,"571":1,"572":1,"573":1,"574":2,"575":6,"576":0,"577":0,"578":0,"579":1,"580":1,"581":1,"582":1,"583":2,"584":1,"585":1,"586":0,"587":1,"588":0,"589":0,"590":0,"591":0,"592":0,"593":0,"594":0,"595":0,"596":0,"597":0,"598":0,"599":1,"600":1,"601":1,"602":1,"603":1,"604":49,"605":49,"606":47,"607":47,"608":47,"609":1,"610":1,"611":1,"612":47,"613":1,"614":46,"615":3,"616":43,"617":1,"618":42,"619":47,"620":47,"621":1,"622":1,"623":1,"624":1,"625":3,"626":3,"627":0,"628":2,"629":1,"630":1,"631":1,"632":1,"633":1,"634":1,"635":1,"636":1,"637":1,"638":1,"639":1,"640":1,"641":1,"642":1,"643":1,"644":1,"645":1,"646":1,"647":116,"648":1,"649":1,"650":1,"651":1,"652":1,"653":0,"654":0,"655":0,"656":0,"657":0,"658":0,"659":0,"660":0,"661":0,"662":0,"663":0,"664":0,"665":0,"666":0,"667":0,"668":0,"669":0,"670":0,"671":0,"672":0,"673":0,"674":0,"675":0,"676":0,"677":0,"678":0,"679":0,"680":0,"681":0,"682":0,"683":0,"684":0,"685":0,"686":0,"687":0,"688":0,"689":0,"690":0,"691":0,"692":0,"693":0,"694":0,"695":0,"696":1,"697":0,"698":0,"699":0,"700":0,"701":0,"702":0,"703":0,"704":0,"705":0,"706":1,"707":1,"708":1,"709":1,"710":0,"711":0,"712":0,"713":1,"714":0,"715":0,"716":0,"717":0,"718":0,"719":0,"720":0,"721":0,"722":0,"723":0,"724":0,"725":1,"726":0,"727":0,"728":0,"729":0,"730":0,"731":0,"732":0,"733":0,"734":0,"735":0,"736":0,"737":0,"738":1,"739":0,"740":0,"741":0,"742":0,"743":0,"744":0,"745":1,"746":0,"747":0,"748":0,"749":0,"750":0,"751":0,"752":0,"753":0,"754":0,"755":0,"756":0,"757":0,"758":0,"759":1,"760":2,"761":0,"762":2,"763":0,"764":2,"765":0,"766":2,"767":2,"768":2,"769":2,"770":2,"771":1,"772":0,"773":0,"774":0,"775":1,"776":0,"777":0,"778":0,"779":2,"780":0,"781":0,"782":0,"783":0,"784":0,"785":0,"786":0,"787":0,"788":0,"789":0,"790":0,"791":0,"792":0,"793":0,"794":0,"795":0,"796":0,"797":0,"798":0,"799":0,"800":0,"801":0,"802":1,"803":1,"804":0,"805":1,"806":1,"807":1,"808":1,"809":1,"810":0,"811":0,"812":0,"813":0,"814":0,"815":0,"816":0,"817":0,"818":0,"819":0,"820":0,"821":0,"822":0,"823":0,"824":0,"825":0,"826":0,"827":0,"828":0,"829":1,"830":1,"831":1,"832":0,"833":0,"834":0,"835":0,"836":0,"837":0,"838":0,"839":0,"840":1,"841":1,"842":0,"843":0,"844":0,"845":0,"846":0,"847":0,"848":0,"849":1,"850":0,"851":0,"852":0,"853":0,"854":0,"855":0,"856":0,"857":0,"858":0,"859":0,"860":0,"861":0,"862":0,"863":1,"864":52,"865":52,"866":0,"867":0,"868":1,"869":52,"870":52,"871":0,"872":52,"873":0,"874":52,"875":52,"876":52,"877":52,"878":52,"879":52,"880":52,"881":1,"882":34,"883":1,"884":0,"885":0,"886":0,"887":0,"888":0,"889":34,"890":34,"891":0,"892":0,"893":0,"894":0,"895":0,"896":1,"897":1,"898":1,"899":0,"900":0,"901":0,"902":0,"903":0,"904":1,"905":1,"906":0,"907":0,"908":0,"909":0,"910":0,"911":1,"912":0,"913":0,"914":0,"915":0,"916":0,"917":0,"918":0,"919":0,"920":0,"921":0,"922":1,"923":52,"924":1,"925":1,"926":1,"927":4,"928":0,"929":0,"930":1,"931":1,"932":1,"933":1,"934":1,"935":1,"936":1,"937":1,"938":1,"939":1,"940":1,"941":1,"942":1,"943":1,"944":1,"945":1,"946":1,"947":1,"948":1,"949":1,"950":1,"951":1,"952":1,"953":1,"954":1,"955":0,"956":1,"957":1,"958":1,"959":1,"960":1,"961":1,"962":1,"963":1,"964":1,"965":1,"966":1,"967":34,"968":32,"969":0,"970":1,"971":6,"972":6,"973":6,"974":6,"975":6,"976":1,"977":0,"978":1,"979":0,"980":0,"981":0,"982":0,"983":0,"984":0,"985":0,"986":1,"987":0,"988":0,"989":6,"990":6,"991":0,"992":0,"993":0,"994":0,"995":0,"996":0,"997":0,"998":0,"999":0,"1000":0,"1001":0,"1002":0,"1003":6,"1004":6,"1005":35,"1006":35,"1007":0,"1008":0,"1009":35,"1010":1,"1011":1,"1012":1,"1013":1,"1014":1,"1015":1,"1016":0,"1017":1,"1018":0,"1019":0,"1020":0,"1021":1,"1022":0,"1023":0,"1024":0,"1025":1,"1026":1,"1027":1,"1028":1,"1029":2,"1030":0,"1031":2,"1032":1,"1033":1,"1034":1,"1035":1,"1036":1,"1037":1,"1038":1,"1039":1,"1040":1,"1041":1,"1042":1,"1043":1,"1044":1,"1045":1,"1046":1,"1047":1,"1048":1,"1049":1,"1050":1,"1051":1,"1052":1,"1053":1,"1054":2,"1055":0,"1056":1,"1057":1,"1058":0,"1059":1,"1060":2,"1061":0,"1062":0,"1063":0,"1064":0,"1065":0,"1066":0,"1067":1,"1068":1,"1069":1},"b":{"1":[1,0],"2":[1,1],"3":[0,0],"4":[0,0],"5":[0,1],"6":[2,1],"7":[2,0],"8":[3,2,3],"9":[3,2],"10":[0,0],"11":[0,0],"12":[0,0],"13":[0,2],"14":[0,0],"15":[1,0],"16":[1,0],"17":[1,0],"18":[1,0],"19":[1,0],"20":[1,0],"21":[0,0],"22":[0,3],"23":[0,0],"24":[3,3],"25":[0,3],"26":[3,1,0],"27":[0,1],"28":[3,0],"29":[3,3],"30":[1,2],"31":[3,2,0],"32":[1,1],"33":[2,2],"34":[0,3],"35":[3,0],"36":[0,0],"37":[1,2],"38":[3,0],"39":[0,0],"40":[0,0],"41":[2,1],"42":[3,2],"43":[0,2],"44":[2,2],"45":[3,2],"46":[0,2],"47":[3,2],"48":[0,2],"49":[3,2],"50":[0,2],"51":[3,2],"52":[0,2],"53":[3,2],"54":[0,2],"55":[3,2],"56":[1,1],"57":[3,2],"58":[1,1],"59":[3,2],"60":[1,1],"61":[3,2],"62":[1,1],"63":[3,2],"64":[1,1],"65":[3,2],"66":[1,1],"67":[3,2],"68":[1,1],"69":[3,2],"70":[1,1],"71":[3,2],"72":[1,1],"73":[3,2],"74":[1,1],"75":[3,2],"76":[1,1],"77":[3,2],"78":[1,1],"79":[3,2],"80":[1,1],"81":[3,2],"82":[1,1],"83":[3,2],"84":[1,1],"85":[3,2],"86":[3,2],"87":[0,3],"88":[3,3],"89":[0,0],"90":[0,0],"91":[0,0],"92":[0,0],"93":[0,2],"94":[0,0],"95":[2,2],"96":[1,0],"97":[3,3],"98":[0,3],"99":[0,3],"100":[3,0],"101":[0,0],"102":[3,3],"103":[0,0],"104":[0,0],"105":[0,0],"106":[0,0],"107":[0,0],"108":[0,0],"109":[1,2],"110":[3,0],"111":[3,0],"112":[0,3],"113":[0,0],"114":[0,0],"115":[0,0],"116":[0,0],"117":[0,0],"118":[0,0],"119":[0,0],"120":[0,0],"121":[0,0],"122":[0,0],"123":[0,0],"124":[0,0],"125":[0,0],"126":[0,0],"127":[1,0],"128":[0,0],"129":[0,0],"130":[0,0],"131":[0,0],"132":[0,0],"133":[0,0],"134":[0,0],"135":[0,0],"136":[0,0,0,0,0],"137":[0,0],"138":[0,0],"139":[0,0],"140":[0,0],"141":[0,0],"142":[0,0],"143":[0,0],"144":[0,0],"145":[0,0],"146":[0,0],"147":[0,0],"148":[0,0],"149":[0,0],"150":[0,0],"151":[0,0],"152":[0,0],"153":[0,0],"154":[0,0],"155":[0,0],"156":[0,0],"157":[0,0],"158":[0,0],"159":[0,0],"160":[0,0],"161":[0,0],"162":[0,0],"163":[0,0],"164":[0,0],"165":[1,0],"166":[0,1],"167":[81,1],"168":[82,81],"169":[243,162],"170":[243,162],"171":[1100,1019],"172":[1019,0],"173":[81,0,938],"174":[0,0],"175":[0,82],"176":[82,82],"177":[0,0],"178":[1,0],"179":[0,2],"180":[1,0],"181":[1,0],"182":[0,0],"183":[0,0],"184":[0,0],"185":[0,0],"186":[1,0],"187":[1,1],"188":[47,2],"189":[1,46],"190":[1,46],"191":[3,43],"192":[1,42],"193":[1,46],"194":[47,1,1],"195":[1,0,1,0,1],"196":[1,0,1,0,1],"197":[1,0],"198":[1,1,1],"199":[1,1,1,1],"200":[1,0],"201":[0,0],"202":[0,0],"203":[0,0],"204":[0,0],"205":[0,0],"206":[0,0],"207":[0,0],"208":[0,0],"209":[0,0],"210":[0,0],"211":[0,0],"212":[0,0],"213":[0,0],"214":[0,0],"215":[0,0],"216":[0,0],"217":[0,0],"218":[0,0],"219":[0,0],"220":[0,0],"221":[0,0],"222":[0,0],"223":[0,0],"224":[0,0],"225":[0,0],"226":[0,0],"227":[0,0,0,0],"228":[0,0],"229":[0,0],"230":[0,0],"231":[0,0],"232":[0,0],"233":[0,0],"234":[0,0],"235":[0,0],"236":[0,0],"237":[0,0],"238":[0,0],"239":[0,0],"240":[0,0],"241":[0,2],"242":[0,2],"243":[0,2],"244":[2,0],"245":[0,2],"246":[0,0],"247":[0,0],"248":[0,0],"249":[0,0],"250":[0,0],"251":[0,0],"252":[0,0],"253":[0,0],"254":[0,0],"255":[0,1],"256":[1,0],"257":[0,1],"258":[0,0],"259":[0,0],"260":[0,0],"261":[0,0],"262":[0,0],"263":[0,0],"264":[0,0],"265":[0,0],"266":[0,0],"267":[0,0],"268":[0,0],"269":[0,0],"270":[0,0],"271":[0,0],"272":[0,0],"273":[0,0],"274":[0,0],"275":[52,52],"276":[0,52],"277":[52,0],"278":[52,0],"279":[52,52],"280":[0,0],"281":[0,0],"282":[0,0],"283":[0,0],"284":[0,0],"285":[0,0],"286":[0,0],"287":[1,0],"288":[1,1],"289":[1,0],"290":[1,1],"291":[1,0],"292":[34,32],"293":[0,0],"294":[0,0],"295":[0,0],"296":[0,0],"297":[0,0],"298":[0,0],"299":[0,0],"300":[0,0,0,0,0],"301":[0,35],"302":[0,35],"303":[35,35],"304":[0,0],"305":[0,0,0,0],"306":[1,0,1,0,1],"307":[1,0],"308":[0,1],"309":[0,1],"310":[0,0],"311":[0,1],"312":[0,0],"313":[0,2],"314":[1,0,1,0,1],"315":[1,0],"316":[1,0],"317":[0,0],"318":[0,0],"319":[0,0],"320":[0,0],"321":[0,0],"322":[0,0]},"f":{"1":1,"2":1,"3":1,"4":1,"5":3,"6":0,"7":0,"8":1,"9":0,"10":0,"11":938,"12":0,"13":0,"14":2,"15":0,"16":0,"17":1,"18":1,"19":3,"20":3,"21":1,"22":1,"23":1,"24":0,"25":3,"26":0,"27":0,"28":0,"29":0,"30":1,"31":3,"32":2,"33":0,"34":4,"35":1,"36":6,"37":6,"38":0,"39":0,"40":0,"41":1,"42":3,"43":3,"44":9,"45":12,"46":0,"47":3,"48":0,"49":0,"50":1,"51":6,"52":9,"53":0,"54":0,"55":0,"56":0,"57":1,"58":0,"59":0,"60":0,"61":0,"62":0,"63":0,"64":0,"65":0,"66":0,"67":0,"68":0,"69":0,"70":0,"71":0,"72":0,"73":0,"74":1,"75":0,"76":0,"77":0,"78":0,"79":0,"80":0,"81":0,"82":0,"83":0,"84":0,"85":0,"86":0,"87":0,"88":0,"89":1,"90":0,"91":0,"92":0,"93":0,"94":82,"95":0,"96":2,"97":6,"98":0,"99":0,"100":1,"101":2,"102":0,"103":0,"104":0,"105":0,"106":1,"107":3,"108":3,"109":0,"110":2,"111":1,"112":1,"113":9,"114":1,"115":1,"116":1,"117":1,"118":1,"119":0,"120":1,"121":0,"122":116,"123":0,"124":0,"125":0,"126":0,"127":0,"128":0,"129":0,"130":0,"131":0,"132":0,"133":0,"134":0,"135":2,"136":0,"137":0,"138":0,"139":0,"140":1,"141":0,"142":0,"143":1,"144":0,"145":1,"146":0,"147":0,"148":0,"149":0,"150":0,"151":0,"152":52,"153":0,"154":52,"155":34,"156":0,"157":0,"158":34,"159":0,"160":1,"161":0,"162":0,"163":1,"164":0,"165":0,"166":52,"167":4,"168":0,"169":1,"170":1,"171":1,"172":1,"173":1,"174":1,"175":34,"176":32,"177":0,"178":6,"179":0,"180":0,"181":0,"182":6,"183":0,"184":6,"185":35,"186":1,"187":1,"188":1,"189":2,"190":2,"191":0,"192":1,"193":0,"194":2,"195":0,"196":0,"197":1},"fnMap":{"1":{"name":"(anonymous_1)","line":8,"loc":{"start":{"line":8,"column":1},"end":{"line":8,"column":28}}},"2":{"name":"(anonymous_2)","line":12,"loc":{"start":{"line":12,"column":9},"end":{"line":12,"column":21}}},"3":{"name":"(anonymous_3)","line":21,"loc":{"start":{"line":21,"column":14},"end":{"line":21,"column":32}}},"4":{"name":"(anonymous_4)","line":28,"loc":{"start":{"line":28,"column":16},"end":{"line":28,"column":28}}},"5":{"name":"Zone","line":29,"loc":{"start":{"line":29,"column":8},"end":{"line":29,"column":40}}},"6":{"name":"(anonymous_6)","line":37,"loc":{"start":{"line":37,"column":33},"end":{"line":37,"column":45}}},"7":{"name":"(anonymous_7)","line":47,"loc":{"start":{"line":47,"column":17},"end":{"line":47,"column":29}}},"8":{"name":"(anonymous_8)","line":58,"loc":{"start":{"line":58,"column":17},"end":{"line":58,"column":29}}},"9":{"name":"(anonymous_9)","line":66,"loc":{"start":{"line":66,"column":17},"end":{"line":66,"column":29}}},"10":{"name":"(anonymous_10)","line":74,"loc":{"start":{"line":74,"column":17},"end":{"line":74,"column":29}}},"11":{"name":"(anonymous_11)","line":82,"loc":{"start":{"line":82,"column":17},"end":{"line":82,"column":29}}},"12":{"name":"(anonymous_12)","line":89,"loc":{"start":{"line":89,"column":29},"end":{"line":89,"column":44}}},"13":{"name":"(anonymous_13)","line":94,"loc":{"start":{"line":94,"column":37},"end":{"line":94,"column":52}}},"14":{"name":"(anonymous_14)","line":104,"loc":{"start":{"line":104,"column":30},"end":{"line":104,"column":50}}},"15":{"name":"(anonymous_15)","line":109,"loc":{"start":{"line":109,"column":30},"end":{"line":109,"column":58}}},"16":{"name":"(anonymous_16)","line":115,"loc":{"start":{"line":115,"column":19},"end":{"line":115,"column":31}}},"17":{"name":"(anonymous_17)","line":119,"loc":{"start":{"line":119,"column":29},"end":{"line":119,"column":79}}},"18":{"name":"(anonymous_18)","line":131,"loc":{"start":{"line":131,"column":36},"end":{"line":131,"column":86}}},"19":{"name":"(anonymous_19)","line":150,"loc":{"start":{"line":150,"column":33},"end":{"line":150,"column":71}}},"20":{"name":"(anonymous_20)","line":191,"loc":{"start":{"line":191,"column":38},"end":{"line":191,"column":54}}},"21":{"name":"(anonymous_21)","line":228,"loc":{"start":{"line":228,"column":43},"end":{"line":228,"column":93}}},"22":{"name":"(anonymous_22)","line":231,"loc":{"start":{"line":231,"column":43},"end":{"line":231,"column":107}}},"23":{"name":"(anonymous_23)","line":234,"loc":{"start":{"line":234,"column":43},"end":{"line":234,"column":107}}},"24":{"name":"(anonymous_24)","line":237,"loc":{"start":{"line":237,"column":36},"end":{"line":237,"column":52}}},"25":{"name":"(anonymous_25)","line":256,"loc":{"start":{"line":256,"column":42},"end":{"line":256,"column":65}}},"26":{"name":"(anonymous_26)","line":270,"loc":{"start":{"line":270,"column":19},"end":{"line":270,"column":64}}},"27":{"name":"(anonymous_27)","line":273,"loc":{"start":{"line":273,"column":24},"end":{"line":273,"column":61}}},"28":{"name":"(anonymous_28)","line":276,"loc":{"start":{"line":276,"column":22},"end":{"line":276,"column":81}}},"29":{"name":"(anonymous_29)","line":277,"loc":{"start":{"line":277,"column":22},"end":{"line":277,"column":59}}},"30":{"name":"(anonymous_30)","line":281,"loc":{"start":{"line":281,"column":24},"end":{"line":281,"column":36}}},"31":{"name":"ZoneDelegate","line":282,"loc":{"start":{"line":282,"column":8},"end":{"line":282,"column":62}}},"32":{"name":"(anonymous_32)","line":353,"loc":{"start":{"line":353,"column":38},"end":{"line":353,"column":70}}},"33":{"name":"(anonymous_33)","line":357,"loc":{"start":{"line":357,"column":43},"end":{"line":357,"column":83}}},"34":{"name":"(anonymous_34)","line":362,"loc":{"start":{"line":362,"column":40},"end":{"line":362,"column":102}}},"35":{"name":"(anonymous_35)","line":367,"loc":{"start":{"line":367,"column":45},"end":{"line":367,"column":74}}},"36":{"name":"(anonymous_36)","line":372,"loc":{"start":{"line":372,"column":46},"end":{"line":372,"column":74}}},"37":{"name":"(anonymous_37)","line":395,"loc":{"start":{"line":395,"column":44},"end":{"line":395,"column":94}}},"38":{"name":"(anonymous_38)","line":400,"loc":{"start":{"line":400,"column":44},"end":{"line":400,"column":72}}},"39":{"name":"(anonymous_39)","line":413,"loc":{"start":{"line":413,"column":41},"end":{"line":413,"column":72}}},"40":{"name":"(anonymous_40)","line":424,"loc":{"start":{"line":424,"column":50},"end":{"line":424,"column":73}}},"41":{"name":"(anonymous_41)","line":443,"loc":{"start":{"line":443,"column":20},"end":{"line":443,"column":32}}},"42":{"name":"ZoneTask","line":444,"loc":{"start":{"line":444,"column":8},"end":{"line":444,"column":81}}},"43":{"name":"(anonymous_43)","line":456,"loc":{"start":{"line":456,"column":26},"end":{"line":456,"column":38}}},"44":{"name":"(anonymous_44)","line":471,"loc":{"start":{"line":471,"column":17},"end":{"line":471,"column":29}}},"45":{"name":"(anonymous_45)","line":478,"loc":{"start":{"line":478,"column":17},"end":{"line":478,"column":29}}},"46":{"name":"(anonymous_46)","line":484,"loc":{"start":{"line":484,"column":51},"end":{"line":484,"column":63}}},"47":{"name":"(anonymous_47)","line":487,"loc":{"start":{"line":487,"column":43},"end":{"line":487,"column":86}}},"48":{"name":"(anonymous_48)","line":500,"loc":{"start":{"line":500,"column":38},"end":{"line":500,"column":50}}},"49":{"name":"(anonymous_49)","line":510,"loc":{"start":{"line":510,"column":36},"end":{"line":510,"column":48}}},"50":{"name":"(anonymous_50)","line":525,"loc":{"start":{"line":525,"column":21},"end":{"line":525,"column":33}}},"51":{"name":"ZoneFrame","line":526,"loc":{"start":{"line":526,"column":8},"end":{"line":526,"column":41}}},"52":{"name":"__symbol__","line":532,"loc":{"start":{"line":532,"column":4},"end":{"line":532,"column":30}}},"53":{"name":"scheduleQueueDrain","line":544,"loc":{"start":{"line":544,"column":4},"end":{"line":544,"column":34}}},"54":{"name":"scheduleMicroTask","line":557,"loc":{"start":{"line":557,"column":4},"end":{"line":557,"column":37}}},"55":{"name":"consoleError","line":561,"loc":{"start":{"line":561,"column":4},"end":{"line":561,"column":29}}},"56":{"name":"handleUnhandledRejection","line":571,"loc":{"start":{"line":571,"column":4},"end":{"line":571,"column":41}}},"57":{"name":"drainMicroTaskQueue","line":582,"loc":{"start":{"line":582,"column":4},"end":{"line":582,"column":35}}},"58":{"name":"(anonymous_58)","line":599,"loc":{"start":{"line":599,"column":30},"end":{"line":599,"column":42}}},"59":{"name":"(anonymous_59)","line":602,"loc":{"start":{"line":602,"column":61},"end":{"line":602,"column":73}}},"60":{"name":"isThenable","line":617,"loc":{"start":{"line":617,"column":4},"end":{"line":617,"column":31}}},"61":{"name":"forwardResolution","line":620,"loc":{"start":{"line":620,"column":4},"end":{"line":620,"column":38}}},"62":{"name":"forwardRejection","line":623,"loc":{"start":{"line":623,"column":4},"end":{"line":623,"column":41}}},"63":{"name":"makeResolver","line":633,"loc":{"start":{"line":633,"column":4},"end":{"line":633,"column":42}}},"64":{"name":"(anonymous_64)","line":634,"loc":{"start":{"line":634,"column":15},"end":{"line":634,"column":28}}},"65":{"name":"(anonymous_65)","line":644,"loc":{"start":{"line":644,"column":15},"end":{"line":644,"column":27}}},"66":{"name":"wrapper","line":646,"loc":{"start":{"line":646,"column":15},"end":{"line":646,"column":49}}},"67":{"name":"(anonymous_67)","line":647,"loc":{"start":{"line":647,"column":19},"end":{"line":647,"column":31}}},"68":{"name":"resolvePromise","line":657,"loc":{"start":{"line":657,"column":4},"end":{"line":657,"column":51}}},"69":{"name":"(anonymous_69)","line":671,"loc":{"start":{"line":671,"column":28},"end":{"line":671,"column":40}}},"70":{"name":"(anonymous_70)","line":690,"loc":{"start":{"line":690,"column":32},"end":{"line":690,"column":44}}},"71":{"name":"clearRejectedNoCatch","line":728,"loc":{"start":{"line":728,"column":4},"end":{"line":728,"column":43}}},"72":{"name":"scheduleResolveOrReject","line":751,"loc":{"start":{"line":751,"column":4},"end":{"line":751,"column":91}}},"73":{"name":"(anonymous_73)","line":756,"loc":{"start":{"line":756,"column":39},"end":{"line":756,"column":51}}},"74":{"name":"(anonymous_74)","line":765,"loc":{"start":{"line":765,"column":28},"end":{"line":765,"column":40}}},"75":{"name":"ZoneAwarePromise","line":766,"loc":{"start":{"line":766,"column":8},"end":{"line":766,"column":44}}},"76":{"name":"(anonymous_76)","line":780,"loc":{"start":{"line":780,"column":36},"end":{"line":780,"column":48}}},"77":{"name":"(anonymous_77)","line":783,"loc":{"start":{"line":783,"column":35},"end":{"line":783,"column":52}}},"78":{"name":"(anonymous_78)","line":786,"loc":{"start":{"line":786,"column":34},"end":{"line":786,"column":51}}},"79":{"name":"(anonymous_79)","line":789,"loc":{"start":{"line":789,"column":32},"end":{"line":789,"column":50}}},"80":{"name":"(anonymous_80)","line":792,"loc":{"start":{"line":792,"column":35},"end":{"line":792,"column":55}}},"81":{"name":"onResolve","line":796,"loc":{"start":{"line":796,"column":12},"end":{"line":796,"column":38}}},"82":{"name":"onReject","line":799,"loc":{"start":{"line":799,"column":12},"end":{"line":799,"column":37}}},"83":{"name":"(anonymous_83)","line":811,"loc":{"start":{"line":811,"column":31},"end":{"line":811,"column":49}}},"84":{"name":"(anonymous_84)","line":814,"loc":{"start":{"line":814,"column":35},"end":{"line":814,"column":55}}},"85":{"name":"(anonymous_85)","line":825,"loc":{"start":{"line":825,"column":28},"end":{"line":825,"column":45}}},"86":{"name":"(anonymous_86)","line":825,"loc":{"start":{"line":825,"column":54},"end":{"line":825,"column":71}}},"87":{"name":"(anonymous_87)","line":838,"loc":{"start":{"line":838,"column":42},"end":{"line":838,"column":77}}},"88":{"name":"(anonymous_88)","line":849,"loc":{"start":{"line":849,"column":43},"end":{"line":849,"column":65}}},"89":{"name":"patchThen","line":863,"loc":{"start":{"line":863,"column":4},"end":{"line":863,"column":29}}},"90":{"name":"(anonymous_90)","line":868,"loc":{"start":{"line":868,"column":30},"end":{"line":868,"column":61}}},"91":{"name":"(anonymous_91)","line":870,"loc":{"start":{"line":870,"column":47},"end":{"line":870,"column":74}}},"92":{"name":"zoneify","line":877,"loc":{"start":{"line":877,"column":4},"end":{"line":877,"column":25}}},"93":{"name":"(anonymous_93)","line":878,"loc":{"start":{"line":878,"column":15},"end":{"line":878,"column":27}}},"94":{"name":"ZoneAwareError","line":912,"loc":{"start":{"line":912,"column":4},"end":{"line":912,"column":30}}},"95":{"name":"(anonymous_95)","line":962,"loc":{"start":{"line":962,"column":66},"end":{"line":962,"column":81}}},"96":{"name":"(anonymous_96)","line":985,"loc":{"start":{"line":985,"column":38},"end":{"line":985,"column":54}}},"97":{"name":"(anonymous_97)","line":986,"loc":{"start":{"line":986,"column":44},"end":{"line":986,"column":58}}},"98":{"name":"(anonymous_98)","line":988,"loc":{"start":{"line":988,"column":25},"end":{"line":988,"column":37}}},"99":{"name":"(anonymous_99)","line":991,"loc":{"start":{"line":991,"column":25},"end":{"line":991,"column":42}}},"100":{"name":"(anonymous_100)","line":1003,"loc":{"start":{"line":1003,"column":17},"end":{"line":1003,"column":29}}},"101":{"name":"(anonymous_101)","line":1006,"loc":{"start":{"line":1006,"column":17},"end":{"line":1006,"column":34}}},"102":{"name":"zoneCaptureStackTrace","line":1015,"loc":{"start":{"line":1015,"column":19},"end":{"line":1015,"column":80}}},"103":{"name":"(anonymous_103)","line":1021,"loc":{"start":{"line":1021,"column":13},"end":{"line":1021,"column":25}}},"104":{"name":"(anonymous_104)","line":1024,"loc":{"start":{"line":1024,"column":13},"end":{"line":1024,"column":30}}},"105":{"name":"(anonymous_105)","line":1028,"loc":{"start":{"line":1028,"column":51},"end":{"line":1028,"column":90}}},"106":{"name":"(anonymous_106)","line":1050,"loc":{"start":{"line":1050,"column":23},"end":{"line":1050,"column":67}}},"107":{"name":"(anonymous_107)","line":1101,"loc":{"start":{"line":1101,"column":24},"end":{"line":1101,"column":64}}},"108":{"name":"(anonymous_108)","line":1104,"loc":{"start":{"line":1104,"column":22},"end":{"line":1104,"column":84}}},"109":{"name":"(anonymous_109)","line":1107,"loc":{"start":{"line":1107,"column":22},"end":{"line":1107,"column":62}}},"110":{"name":"(anonymous_110)","line":1110,"loc":{"start":{"line":1110,"column":18},"end":{"line":1110,"column":92}}},"111":{"name":"(anonymous_111)","line":1122,"loc":{"start":{"line":1122,"column":24},"end":{"line":1122,"column":36}}},"112":{"name":"(anonymous_112)","line":1123,"loc":{"start":{"line":1123,"column":35},"end":{"line":1123,"column":47}}},"113":{"name":"(anonymous_113)","line":1124,"loc":{"start":{"line":1124,"column":35},"end":{"line":1124,"column":78}}},"114":{"name":"(anonymous_114)","line":1125,"loc":{"start":{"line":1125,"column":76},"end":{"line":1125,"column":88}}},"115":{"name":"(anonymous_115)","line":1126,"loc":{"start":{"line":1126,"column":80},"end":{"line":1126,"column":92}}},"116":{"name":"(anonymous_116)","line":1127,"loc":{"start":{"line":1127,"column":84},"end":{"line":1127,"column":96}}},"117":{"name":"(anonymous_117)","line":1129,"loc":{"start":{"line":1129,"column":29},"end":{"line":1129,"column":42}}},"118":{"name":"(anonymous_118)","line":1133,"loc":{"start":{"line":1133,"column":25},"end":{"line":1133,"column":38}}},"119":{"name":"(anonymous_119)","line":1136,"loc":{"start":{"line":1136,"column":19},"end":{"line":1136,"column":31}}},"120":{"name":"(anonymous_120)","line":1137,"loc":{"start":{"line":1137,"column":21},"end":{"line":1137,"column":34}}},"121":{"name":"(anonymous_121)","line":1140,"loc":{"start":{"line":1140,"column":15},"end":{"line":1140,"column":27}}},"122":{"name":"(anonymous_122)","line":1159,"loc":{"start":{"line":1159,"column":17},"end":{"line":1159,"column":30}}},"123":{"name":"patchProperty","line":1171,"loc":{"start":{"line":1171,"column":0},"end":{"line":1171,"column":34}}},"124":{"name":"(anonymous_124)","line":1189,"loc":{"start":{"line":1189,"column":15},"end":{"line":1189,"column":35}}},"125":{"name":"(anonymous_125)","line":1204,"loc":{"start":{"line":1204,"column":25},"end":{"line":1204,"column":42}}},"126":{"name":"(anonymous_126)","line":1220,"loc":{"start":{"line":1220,"column":15},"end":{"line":1220,"column":27}}},"127":{"name":"patchOnProperties","line":1253,"loc":{"start":{"line":1253,"column":0},"end":{"line":1253,"column":44}}},"128":{"name":"compareEventListenerOptions","line":1278,"loc":{"start":{"line":1278,"column":0},"end":{"line":1278,"column":50}}},"129":{"name":"findExistingRegisteredTask","line":1287,"loc":{"start":{"line":1287,"column":0},"end":{"line":1287,"column":76}}},"130":{"name":"findAllExistingRegisteredTasks","line":1305,"loc":{"start":{"line":1305,"column":0},"end":{"line":1305,"column":62}}},"131":{"name":"attachRegisteredEvent","line":1323,"loc":{"start":{"line":1323,"column":0},"end":{"line":1323,"column":61}}},"132":{"name":"(anonymous_132)","line":1335,"loc":{"start":{"line":1335,"column":33},"end":{"line":1335,"column":55}}},"133":{"name":"(anonymous_133)","line":1343,"loc":{"start":{"line":1343,"column":23},"end":{"line":1343,"column":56}}},"134":{"name":"(anonymous_134)","line":1365,"loc":{"start":{"line":1365,"column":26},"end":{"line":1365,"column":62}}},"135":{"name":"makeZoneAwareAddListener","line":1389,"loc":{"start":{"line":1389,"column":0},"end":{"line":1389,"column":119}}},"136":{"name":"scheduleEventListener","line":1397,"loc":{"start":{"line":1397,"column":4},"end":{"line":1397,"column":46}}},"137":{"name":"cancelEventListener","line":1402,"loc":{"start":{"line":1402,"column":4},"end":{"line":1402,"column":44}}},"138":{"name":"zoneAwareAddListener","line":1407,"loc":{"start":{"line":1407,"column":11
[...]
nse that can be"," * found in the LICENSE file at https://angular.io/license"," */","var callAndReturnFirstParam = function (fn) {","    return function (self, args) {","        fn(self, args);","        return self;","    };","};","// For EventEmitter","var EE_ADD_LISTENER = 'addListener';","var EE_PREPEND_LISTENER = 'prependListener';","var EE_REMOVE_LISTENER = 'removeListener';","var EE_REMOVE_ALL_LISTENER = 'removeAllListeners';","var EE_LISTENERS = 'listeners';","var EE_ON = 'on';","var zoneAwareAddListener = callAndReturnFirstParam(makeZoneAwareAddListener(EE_ADD_LISTENER, EE_REMOVE_LISTENER, false, true, false));","var zoneAwarePrependListener = callAndReturnFirstParam(makeZoneAwareAddListener(EE_PREPEND_LISTENER, EE_REMOVE_LISTENER, false, true, true));","var zoneAwareRemoveListener = callAndReturnFirstParam(makeZoneAwareRemoveListener(EE_REMOVE_LISTENER, false));","var zoneAwareRemoveAllListeners = callAndReturnFirstParam(makeZoneAwareRemoveAllListeners(EE_REMOVE_ALL_LISTENER));","var zoneAwareListeners = makeZoneAwareListeners(EE_LISTENERS);","function patchEventEmitterMethods(obj) {","    if (obj && obj.addListener) {","        patchMethod(obj, EE_ADD_LISTENER, function () { return zoneAwareAddListener; });","        patchMethod(obj, EE_PREPEND_LISTENER, function () { return zoneAwarePrependListener; });","        patchMethod(obj, EE_REMOVE_LISTENER, function () { return zoneAwareRemoveListener; });","        patchMethod(obj, EE_REMOVE_ALL_LISTENER, function () { return zoneAwareRemoveAllListeners; });","        patchMethod(obj, EE_LISTENERS, function () { return zoneAwareListeners; });","        obj[EE_ON] = obj[EE_ADD_LISTENER];","        return true;","    }","    else {","        return false;","    }","}","// EventEmitter","var events;","try {","    events = require('events');","}","catch (err) {","}","if (events && events.EventEmitter) {","    patchEventEmitterMethods(events.EventEmitter.prototype);","}","","/**"," * @license"," * Copyright Google Inc. All Rights Reserved."," *"," * Use of this source code is governed by an MIT-style license that can be"," * found in the LICENSE file at https://angular.io/license"," */","var fs;","try {","    fs = require('fs');","}","catch (err) {","}","// watch, watchFile, unwatchFile has been patched","// because EventEmitter has been patched","var TO_PATCH_MACROTASK_METHODS = [","    'access', 'appendFile', 'chmod', 'chown', 'close', 'exists', 'fchmod',","    'fchown', 'fdatasync', 'fstat', 'fsync', 'ftruncate', 'futimes', 'lchmod',","    'lchown', 'link', 'lstat', 'mkdir', 'mkdtemp', 'open', 'read',","    'readdir', 'readFile', 'readlink', 'realpath', 'rename', 'rmdir', 'stat',","    'symlink', 'truncate', 'unlink', 'utimes', 'write', 'writeFile',","];","if (fs) {","    TO_PATCH_MACROTASK_METHODS.filter(function (name) { return !!fs[name] && typeof fs[name] === 'function'; })","        .forEach(function (name) {","        patchMacroTask(fs, name, function (self, args) {","            return {","                name: 'fs.' + name,","                args: args,","                callbackIndex: args.length > 0 ? args.length - 1 : -1,","                target: self","            };","        });","    });","}","","/**"," * @license"," * Copyright Google Inc. All Rights Reserved."," *"," * Use of this source code is governed by an MIT-style license that can be"," * found in the LICENSE file at https://angular.io/license"," */","function patchTimer(window, setName, cancelName, nameSuffix) {","    var setNative = null;","    var clearNative = null;","    setName += nameSuffix;","    cancelName += nameSuffix;","    var tasksByHandleId = {};","    function scheduleTask(task) {","        var data = task.data;","        function timer() {","            try {","                task.invoke.apply(this, arguments);","            }","            finally {","                delete tasksByHandleId[data.handleId];","            }","        }","        data.args[0] = timer;","        data.handleId = setNative.apply(window, data.args);","        tasksByHandleId[data.handleId] = task;","        return task;","    }","    function clearTask(task) {","        delete tasksByHandleId[task.data.handleId];","        return clearNative(task.data.handleId);","    }","    setNative =","        patchMethod(window, setName, function (delegate) { return function (self, args) {","            if (typeof args[0] === 'function') {","                var zone = Zone.current;","                var options = {","                    handleId: null,","                    isPeriodic: nameSuffix === 'Interval',","                    delay: (nameSuffix === 'Timeout' || nameSuffix === 'Interval') ? args[1] || 0 : null,","                    args: args","                };","                var task = zone.scheduleMacroTask(setName, args[0], options, scheduleTask, clearTask);","                if (!task) {","                    return task;","                }","                // Node.js must additionally support the ref and unref functions.","                var handle = task.data.handleId;","                // check whether handle is null, because some polyfill or browser","                // may return undefined from setTimeout/setInterval/setImmediate/requestAnimationFrame","                if (handle && handle.ref && handle.unref && typeof handle.ref === 'function' &&","                    typeof handle.unref === 'function') {","                    task.ref = handle.ref.bind(handle);","                    task.unref = handle.unref.bind(handle);","                }","                return task;","            }","            else {","                // cause an error by calling it directly.","                return delegate.apply(window, args);","            }","        }; });","    clearNative =","        patchMethod(window, cancelName, function (delegate) { return function (self, args) {","            var task = typeof args[0] === 'number' ? tasksByHandleId[args[0]] : args[0];","            if (task && typeof task.type === 'string') {","                if (task.state !== 'notScheduled' &&","                    (task.cancelFn && task.data.isPeriodic || task.runCount === 0)) {","                    // Do not cancel already canceled functions","                    task.zone.cancelTask(task);","                }","            }","            else {","                // cause an error by calling it directly.","                delegate.apply(window, args);","            }","        }; });","}","","/**"," * @license"," * Copyright Google Inc. All Rights Reserved."," *"," * Use of this source code is governed by an MIT-style license that can be"," * found in the LICENSE file at https://angular.io/license"," */","// override Function.prototype.toString to make zone.js patched function","// look like native function","function patchFuncToString() {","    var originalFunctionToString = Function.prototype.toString;","    var g = typeof window !== 'undefined' && window || typeof self !== 'undefined' && self || global;","    Function.prototype.toString = function () {","        if (typeof this === 'function') {","            if (this[zoneSymbol('OriginalDelegate')]) {","                return originalFunctionToString.apply(this[zoneSymbol('OriginalDelegate')], arguments);","            }","            if (this === Promise) {","                var nativePromise = g[zoneSymbol('Promise')];","                if (nativePromise) {","                    return originalFunctionToString.apply(nativePromise, arguments);","                }","            }","            if (this === Error) {","                var nativeError = g[zoneSymbol('Error')];","                if (nativeError) {","                    return originalFunctionToString.apply(nativeError, arguments);","                }","            }","        }","        return originalFunctionToString.apply(this, arguments);","    };","}","function patchObjectToString() {","    var originalObjectToString = Object.prototype.toString;","    Object.prototype.toString = function () {","        if (this instanceof Promise) {","            return '[object Promise]';","        }","        return originalObjectToString.apply(this, arguments);","    };","}","","/**"," * @license"," * Copyright Google Inc. All Rights Reserved."," *"," * Use of this source code is governed by an MIT-style license that can be"," * found in the LICENSE file at https://angular.io/license"," */","var set = 'set';","var clear = 'clear';","var _global = typeof window === 'object' && window || typeof self === 'object' && self || global;","// Timers","var timers = require('timers');","patchTimer(timers, set, clear, 'Timeout');","patchTimer(timers, set, clear, 'Interval');","patchTimer(timers, set, clear, 'Immediate');","var shouldPatchGlobalTimers = global.setTimeout !== timers.setTimeout;","if (shouldPatchGlobalTimers) {","    patchTimer(_global, set, clear, 'Timeout');","    patchTimer(_global, set, clear, 'Interval');","    patchTimer(_global, set, clear, 'Immediate');","}","// patch process related methods","patchProcess();","handleUnhandledPromiseRejection();","// patch Function.prototyp.toString","patchFuncToString();","// patch Object.prototyp.toString","patchObjectToString();","// Crypto","var crypto;","try {","    crypto = require('crypto');","}","catch (err) {","}","// use the generic patchMacroTask to patch crypto","if (crypto) {","    var methodNames = ['randomBytes', 'pbkdf2'];","    methodNames.forEach(function (name) {","        patchMacroTask(crypto, name, function (self, args) {","            return {","                name: 'crypto.' + name,","                args: args,","                callbackIndex: (args.length > 0 && typeof args[args.length - 1] === 'function') ? args.length - 1 : -1,","                target: crypto","            };","        });","    });","}","function patchProcess() {","    // patch nextTick as microTask","    patchMicroTask(process, 'nextTick', function (self, args) {","        return {","            name: 'process.nextTick',","            args: args,","            callbackIndex: (args.length > 0 && typeof args[0] === 'function') ? 0 : -1,","            target: process","        };","    });","}","// handle unhandled promise rejection","function findProcessPromiseRejectionHandler(evtName) {","    return function (e) {","        var eventTasks = findEventTask(process, evtName);","        eventTasks.forEach(function (eventTask) {","            // process has added unhandledrejection event listener","            // trigger the event listener","            if (evtName === 'unhandledRejection') {","                eventTask.invoke(e.rejection, e.promise);","            }","            else if (evtName === 'rejectionHandled') {","                eventTask.invoke(e.promise);","            }","        });","    };","}","function handleUnhandledPromiseRejection() {","    Zone[zoneSymbol('unhandledPromiseRejectionHandler')] =","        findProcessPromiseRejectionHandler('unhandledRejection');","    Zone[zoneSymbol('rejectionHandledHandler')] =","        findProcessPromiseRejectionHandler('rejectionHandled');","}","","})));",""],"l":{"8":1,"9":1,"21":1,"22":1,"23":0,"25":1,"26":1,"27":1,"28":1,"29":1,"30":3,"31":3,"32":3,"33":3,"34":3,"37":1,"38":0,"39":0,"46":1,"48":0,"49":0,"50":0,"52":0,"57":1,"59":1,"65":1,"67":0,"73":1,"75":0,"81":1,"83":938,"89":1,"90":0,"91":0,"92":0,"94":1,"95":0,"96":0,"97":0,"98":0,"100":0,"102":0,"104":1,"105":2,"106":0,"107":2,"109":1,"110":0,"111":0,"113":0,"114":0,"115":0,"116":0,"119":1,"120":1,"121":1,"122":1,"123":1,"124":1,"125":1,"128":1,"131":1,"132":1,"133":1,"134":1,"135":1,"136":1,"137":1,"138":1,"141":0,"142":0,"147":1,"150":1,"151":3,"152":0,"154":3,"155":3,"156":3,"157":3,"158":3,"159":3,"160":3,"161":3,"162":0,"164":3,"165":3,"168":1,"169":0,"176":3,"177":3,"178":1,"181":2,"182":2,"183":2,"187":3,"188":3,"191":1,"192":3,"195":0,"196":0,"197":0,"198":0,"201":0,"204":3,"205":3,"206":3,"207":3,"208":3,"209":3,"214":0,"216":0,"217":0,"219":3,"221":1,"223":3,"224":3,"226":3,"228":1,"229":1,"231":1,"232":1,"234":1,"235":1,"237":1,"238":0,"239":0,"241":0,"242":0,"243":0,"247":0,"248":0,"249":0,"251":0,"252":0,"253":0,"254":0,"256":1,"257":3,"258":3,"259":2,"261":3,"262":0,"265":1,"267":1,"268":1,"271":0,"274":0,"276":0,"278":0,"281":1,"282":1,"283":3,"284":3,"285":3,"286":3,"287":3,"288":3,"289":3,"291":3,"293":3,"295":3,"296":3,"298":3,"299":3,"301":3,"303":3,"305":3,"307":3,"309":3,"311":3,"313":3,"315":3,"317":3,"319":3,"321":3,"323":3,"324":3,"325":3,"326":3,"327":3,"328":3,"329":3,"332":0,"333":0,"334":0,"335":0,"336":0,"337":0,"338":0,"339":0,"341":0,"342":0,"343":0,"344":0,"346":0,"347":0,"348":0,"349":0,"353":1,"354":2,"357":1,"358":0,"362":1,"363":4,"367":1,"368":1,"372":1,"373":6,"374":6,"375":3,"376":0,"378":3,"379":3,"380":0,"383":3,"384":3,"386":0,"387":0,"390":0,"393":6,"395":1,"396":6,"400":1,"401":0,"402":0,"403":0,"406":0,"407":0,"409":0,"411":0,"413":1,"416":0,"417":0,"421":0,"424":1,"425":0,"426":0,"427":0,"428":0,"429":0,"431":0,"432":0,"438":0,"441":1,"443":1,"444":1,"445":3,"446":3,"447":3,"448":3,"449":3,"450":3,"451":3,"452":3,"453":3,"454":3,"455":3,"456":3,"457":3,"458":3,"459":3,"460":3,"463":3,"464":1,"466":3,"470":1,"472":9,"477":1,"479":12,"484":1,"485":0,"487":1,"488":3,"489":3,"490":3,"491":0,"495":0,"500":1,"501":0,"502":0,"505":0,"510":1,"511":0,"523":1,"525":1,"526":1,"527":6,"528":6,"530":1,"532":1,"533":9,"535":1,"536":1,"537":1,"538":1,"539":1,"540":1,"541":1,"542":1,"543":1,"544":1,"547":0,"549":0,"550":0,"553":0,"557":1,"558":0,"559":0,"561":1,"562":0,"563":0,"565":0,"566":0,"567":0,"569":0,"571":1,"572":0,"573":0,"574":0,"575":0,"576":0,"582":1,"583":1,"584":1,"585":1,"586":0,"587":0,"588":0,"589":0,"590":0,"591":0,"594":0,"598":1,"599":0,"600":0,"601":0,"602":0,"603":0,"607":0,"610":0,"611":0,"614":1,"617":1,"618":0,"620":1,"621":0,"623":1,"624":0,"626":1,"627":1,"628":1,"629":1,"630":1,"631":1,"632":1,"633":1,"634":0,"635":0,"636":0,"639":0,"644":1,"645":0,"646":0,"647":0,"648":0,"649":0,"651":0,"652":0,"657":1,"658":0,"659":0,"660":0,"662":0,"664":0,"665":0,"666":0,"667":0,"671":0,"672":0,"674":0,"677":0,"680":0,"681":0,"683":0,"684":0,"685":0,"690":0,"691":0,"696":0,"697":0,"698":0,"701":0,"702":0,"704":0,"705":0,"707":0,"708":0,"709":0,"710":0,"714":0,"715":0,"716":0,"717":0,"718":0,"719":0,"720":0,"726":0,"728":1,"729":0,"735":0,"736":0,"737":0,"738":0,"743":0,"744":0,"745":0,"746":0,"751":1,"752":0,"753":0,"756":0,"757":0,"758":0,"761":0,"765":1,"766":1,"767":0,"768":0,"769":0,"771":0,"772":0,"773":0,"774":0,"777":0,"780":1,"781":0,"783":1,"784":0,"786":1,"787":0,"789":1,"790":0,"791":0,"792":0,"793":0,"794":0,"796":1,"797":0,"799":1,"800":0,"802":0,"803":0,"804":0,"805":0,"807":0,"809":0,"811":1,"812":0,"813":0,"814":0,"815":0,"816":0,"818":0,"819":0,"820":0,"821":0,"822":0,"823":0,"825":0,"826":0,"827":0,"828":0,"829":0,"832":0,"834":0,"835":0,"836":0,"838":1,"839":0,"840":0,"841":0,"842":0,"845":0,"847":0,"849":1,"850":0,"852":1,"856":1,"857":1,"858":1,"859":1,"860":1,"861":1,"862":1,"863":1,"864":1,"865":1,"867":1,"868":1,"869":0,"870":0,"871":0,"873":0,"875":1,"877":1,"878":0,"879":0,"880":0,"881":0,"883":0,"884":0,"885":0,"887":0,"890":1,"891":1,"892":1,"893":1,"894":0,"898":1,"899":1,"900":1,"902":1,"904":1,"905":1,"906":1,"907":1,"912":1,"913":82,"915":82,"917":82,"919":82,"920":81,"921":81,"922":81,"924":81,"926":162,"928":81,"929":1019,"930":1019,"931":1019,"933":81,"934":81,"935":81,"937":0,"939":0,"942":0,"944":0,"945":0,"946":0,"948":938,"952":81,"953":81,"959":82,"962":0,"963":0,"964":0,"965":0,"972":0,"974":82,"977":1,"978":1,"979":1,"981":1,"983":1,"984":1,"985":1,"986":6,"987":0,"989":0,"992":0,"998":1,"1000":1,"1002":1,"1004":1,"1007":2,"1011":1,"1012":1,"1016":0,"1020":1,"1022":0,"1025":0,"1026":0,"1028":0,"1030":0,"1031":0,"1032":0,"1034":0,"1035":0,"1036":0,"1040":0,"1048":1,"1051":1,"1052":1,"1053":1,"1054":1,"1055":49,"1059":49,"1066":47,"1067":47,"1068":47,"1069":1,"1070":1,"1071":1,"1073":47,"1074":1,"1076":46,"1077":3,"1079":43,"1080":1,"1083":42,"1085":47,"1087":47,"1088":1,"1089":1,"1094":1,"1099":1,"1102":3,"1105":3,"1108":0,"1111":2,"1117":1,"1118":1,"1122":1,"1123":1,"1124":1,"1125":1,"1126":1,"1127":1,"1128":1,"1130":1,"1131":1,"1134":1,"1135":1,"1138":1,"1139":1,"1143":1,"1144":1,"1159":116,"1160":1,"1163":1,"1164":1,"1168":1,"1171":1,"1172":0,"1175":0,"1176":0,"1183":0,"1184":0,"1185":0,"1187":0,"1188":0,"1189":0,"1192":0,"1193":0,"1194":0,"1196":0,"1197":0,"1199":0,"1200":0,"1201":0,"1203":0,"1204":0,"1205":0,"1206":0,"1207":0,"1209":0,"1211":0,"1212":0,"1215":0,"1220":0,"1223":0,"1224":0,"1225":0,"1227":0,"1228":0,"1230":0,"1231":0,"1233":0,"1240":0,"1241":0,"1242":0,"1243":0,"1244":0,"1246":0,"1249":0,"1251":0,"1253":1,"1254":0,"1255":0,"1256":0,"1260":0,"1261":0,"1262":0,"1263":0,"1266":0,"1267":0,"1271":1,"1273":1,"1274":1,"1278":1,"1279":0,"1282":0,"1285":0,"1287":1,"1288":0,"1289":0,"1290":0,"1291":0,"1292":0,"1293":0,"1294":0,"1296":0,"1297":0,"1299":0,"1303":0,"1305":1,"1306":0,"1307":0,"1308":0,"1309":0,"1310":0,"1311":0,"1312":0,"1313":0,"1314":0,"1315":0,"1319":0,"1321":0,"1323":1,"1324":0,"1325":0,"1326":0,"1328":0,"1329":0,"1332":0,"1335":1,"1336":0,"1346":0,"1347":0,"1348":0,"1351":0,"1357":0,"1358":0,"1368":0,"1369":0,"1370":0,"1373":0,"1379":0,"1380":0,"1389":1,"1390":2,"1391":2,"1392":2,"1393":2,"1394":2,"1395":2,"1396":2,"1397":1,"1398":0,"1399":0,"1400":0,"1402":1,"1403":0,"1404":0,"1405":0,"1407":2,"1408":0,"1409":0,"1413":0,"1414":0,"1415":0,"1417":0,"1418":0,"1420":0,"1421":0,"1425":0,"1429":0,"1430":0,"1434":0,"1435":0,"1437":0,"1438":0,"1439":0,"1441":0,"1444":0,"1445":0,"1446":0,"1449":1,"1450":1,"1451":1,"1452":1,"1453":1,"1454":1,"1455":0,"1456":0,"1460":0,"1461":0,"1462":0,"1464":0,"1465":0,"1467":0,"1468":0,"1472":0,"1475":0,"1476":0,"1480":0,"1481":0,"1483":0,"1484":0,"1485":0,"1488":0,"1492":1,"1493":1,"1494":1,"1495":0,"1496":0,"1498":0,"1501":0,"1502":0,"1504":0,"1510":0,"1511":0,"1514":1,"1515":1,"1516":0,"1517":0,"1518":0,"1519":0,"1521":0,"1522":0,"1523":0,"1526":1,"1527":0,"1528":0,"1529":0,"1530":0,"1531":0,"1532":0,"1533":0,"1536":0,"1541":1,"1542":52,"1543":52,"1547":0,"1548":0,"1552":1,"1553":52,"1554":52,"1555":0,"1557":52,"1559":0,"1561":52,"1562":52,"1563":52,"1564":52,"1565":52,"1566":52,"1568":52,"1571":1,"1572":34,"1573":1,"1574":0,"1575":0,"1576":0,"1578":0,"1579":0,"1581":34,"1582":0,"1583":0,"1584":0,"1585":0,"1589":0,"1593":1,"1594":1,"1595":1,"1596":0,"1597":0,"1598":0,"1600":0,"1601":0,"1603":1,"1604":0,"1605":0,"1606":0,"1607":0,"1611":0,"1615":1,"1616":0,"1617":0,"1618":0,"1619":0,"1620":0,"1621":0,"1622":0,"1623":0,"1624":0,"1628":0,"1630":1,"1631":52,"1633":1,"1634":1,"1643":1,"1644":4,"1645":0,"1646":0,"1650":1,"1651":1,"1652":1,"1653":1,"1654":1,"1655":1,"1656":1,"1657":1,"1658":1,"1659":1,"1660":1,"1661":1,"1662":1,"1663":1,"1664":1,"1665":1,"1666":1,"1667":1,"1668":1,"1669":1,"1672":0,"1676":1,"1677":1,"1678":1,"1682":1,"1683":1,"1693":1,"1694":1,"1695":1,"1701":1,"1708":1,"1709":34,"1711":32,"1712":0,"1729":1,"1730":6,"1731":6,"1732":6,"1733":6,"1734":6,"1735":1,"1736":0,"1737":1,"1738":0,"1739":0,"1742":0,"1745":0,"1746":0,"1747":0,"1748":0,"1750":1,"1751":0,"1752":0,"1754":6,"1755":6,"1756":0,"1757":0,"1758":0,"1764":0,"1765":0,"1766":0,"1769":0,"1772":0,"1774":0,"1775":0,"1777":0,"1781":0,"1784":6,"1785":6,"1786":35,"1787":35,"1788":0,"1791":0,"1796":35,"1810":1,"1811":1,"1812":1,"1813":1,"1814":1,"1815":1,"1816":0,"1818":1,"1819":0,"1820":0,"1821":0,"1824":1,"1825":0,"1826":0,"1827":0,"1831":1,"1834":1,"1835":1,"1836":1,"1837":2,"1838":0,"1840":2,"1851":1,"1852":1,"1853":1,"1855":1,"1856":1,"1857":1,"1858":1,"1859":1,"1860":1,"1861":1,"1862":1,"1863":1,"1866":1,"1867":1,"1869":1,"1871":1,"1873":1,"1874":1,"1875":1,"1880":1,"1881":1,"1882":1,"1883":2,"1884":0,"1893":1,"1895":1,"1896":0,"1905":1,"1906":2,"1907":0,"1908":0,"1911":0,"1912":0,"1914":0,"1915":0,"1920":1,"1921":1,"1923":1}}}